99.12.06 10:27 B E:\daylight\medium_pr\A0V1.jpg --> bf2.fago.bwk.tue.nl /export/homebf2c/jadi-1/backup_pc/daylight/medium_pr A0V1.jpg
99.12.06 10:27 B E:\daylight\medium_pr\A0V1o.jpg --> bf2.fago.bwk.tue.nl /export/homebf2c/jadi-1/backup_pc/daylight/medium_pr A0V1o.jpg
99.12.06 10:27 B E:\daylight\medium_pr\A0V2.jpg --> bf2.fago.bwk.tue.nl /export/homebf2c/jadi-1/backup_pc/daylight/medium_pr A0V2.jpg
99.12.06 10:27 B E:\daylight\medium_pr\A0V2oa.jpg --> bf2.fago.bwk.tue.nl /export/homebf2c/jadi-1/backup_pc/daylight/medium_pr A0V2oa.jpg
99.12.06 10:27 B E:\daylight\medium_pr\A0V2ob.jpg --> bf2.fago.bwk.tue.nl /export/homebf2c/jadi-1/backup_pc/daylight/medium_pr A0V2ob.jpg
99.12.06 10:27 B E:\daylight\medium_pr\A0V3.jpg --> bf2.fago.bwk.tue.nl /export/homebf2c/jadi-1/backup_pc/daylight/medium_pr A0V3.jpg
99.12.06 10:27 B E:\daylight\medium_pr\A0V3o.jpg --> bf2.fago.bwk.tue.nl /export/homebf2c/jadi-1/backup_pc/daylight/medium_pr A0V3o.jpg
99.12.06 10:27 B E:\daylight\medium_pr\A1V1.jpg --> bf2.fago.bwk.tue.nl /export/homebf2c/jadi-1/backup_pc/daylight/medium_pr A1V1.jpg
99.12.06 10:27 B E:\daylight\medium_pr\A1V1o.jpg --> bf2.fago.bwk.tue.nl /export/homebf2c/jadi-1/backup_pc/daylight/medium_pr A1V1o.jpg
99.12.06 10:27 B E:\daylight\medium_pr\A1V2.jpg --> bf2.fago.bwk.tue.nl /export/homebf2c/jadi-1/backup_pc/daylight/medium_pr A1V2.jpg
99.12.06 10:27 B E:\daylight\medium_pr\A1V2o.jpg --> bf2.fago.bwk.tue.nl /export/homebf2c/jadi-1/backup_pc/daylight/medium_pr A1V2o.jpg
99.12.06 10:27 B E:\daylight\medium_pr\A2V1.jpg --> bf2.fago.bwk.tue.nl /export/homebf2c/jadi-1/backup_pc/daylight/medium_pr A2V1.jpg
99.12.06 10:27 B E:\daylight\medium_pr\A2V1o.jpg --> bf2.fago.bwk.tue.nl /export/homebf2c/jadi-1/backup_pc/daylight/medium_pr A2V1o.jpg
99.12.06 10:27 B E:\daylight\medium_pr\A2V2.jpg --> bf2.fago.bwk.tue.nl /export/homebf2c/jadi-1/backup_pc/daylight/medium_pr A2V2.jpg
99.12.06 10:27 B E:\daylight\medium_pr\A2V3o.jpg --> bf2.fago.bwk.tue.nl /export/homebf2c/jadi-1/backup_pc/daylight/medium_pr A2V3o.jpg
99.12.06 10:27 B E:\daylight\medium_pr\A2V4.jpg --> bf2.fago.bwk.tue.nl /export/homebf2c/jadi-1/backup_pc/daylight/medium_pr A2V4.jpg
99.12.06 10:27 B E:\daylight\medium_pr\A2V4o.jpg --> bf2.fago.bwk.tue.nl /export/homebf2c/jadi-1/backup_pc/daylight/medium_pr A2V4o.jpg
99.12.06 10:27 B E:\daylight\medium_pr\A3V1a.jpg --> bf2.fago.bwk.tue.nl /export/homebf2c/jadi-1/backup_pc/daylight/medium_pr A3V1a.jpg
99.12.06 10:27 B E:\daylight\medium_pr\A3V1b.jpg --> bf2.fago.bwk.tue.nl /export/homebf2c/jadi-1/backup_pc/daylight/medium_pr A3V1b.jpg
99.12.06 10:27 B E:\daylight\medium_pr\A3V1oa.jpg --> bf2.fago.bwk.tue.nl /export/homebf2c/jadi-1/backup_pc/daylight/medium_pr A3V1oa.jpg
99.12.06 10:27 B E:\daylight\medium_pr\A3V1ob.jpg --> bf2.fago.bwk.tue.nl /export/homebf2c/jadi-1/backup_pc/daylight/medium_pr A3V1ob.jpg
99.12.06 10:27 B E:\daylight\medium_pr\A3V2.jpg --> bf2.fago.bwk.tue.nl /export/homebf2c/jadi-1/backup_pc/daylight/medium_pr A3V2.jpg
99.12.06 10:27 B E:\daylight\medium_pr\A3V2o.jpg --> bf2.fago.bwk.tue.nl /export/homebf2c/jadi-1/backup_pc/daylight/medium_pr A3V2o.jpg
99.12.06 10:27 B E:\daylight\medium_pr\A4V1.jpg --> bf2.fago.bwk.tue.nl /export/homebf2c/jadi-1/backup_pc/daylight/medium_pr A4V1.jpg
99.12.06 10:27 B E:\daylight\medium_pr\A4V10.jpg --> bf2.fago.bwk.tue.nl /export/homebf2c/jadi-1/backup_pc/daylight/medium_pr A4V10.jpg
99.12.06 10:27 B E:\daylight\medium_pr\A4V10o.jpg --> bf2.fago.bwk.tue.nl /export/homebf2c/jadi-1/backup_pc/daylight/medium_pr A4V10o.jpg
99.12.06 10:27 B E:\daylight\medium_pr\A4V11.jpg --> bf2.fago.bwk.tue.nl /export/homebf2c/jadi-1/backup_pc/daylight/medium_pr A4V11.jpg
99.12.06 10:27 B E:\daylight\medium_pr\A4V11o.jpg --> bf2.fago.bwk.tue.nl /export/homebf2c/jadi-1/backup_pc/daylight/medium_pr A4V11o.jpg
99.12.06 10:27 B E:\daylight\medium_pr\A4V12.jpg --> bf2.fago.bwk.tue.nl /export/homebf2c/jadi-1/backup_pc/daylight/medium_pr A4V12.jpg
99.12.06 10:27 B E:\daylight\medium_pr\A4V12o.jpg --> bf2.fago.bwk.tue.nl /export/homebf2c/jadi-1/backup_pc/daylight/medium_pr A4V12o.jpg
99.12.06 10:27 B E:\daylight\medium_pr\A4V12o01.jpg --> bf2.fago.bwk.tue.nl /export/homebf2c/jadi-1/backup_pc/daylight/medium_pr A4V12o01.jpg
99.12.06 10:27 B E:\daylight\medium_pr\A4V1o.jpg --> bf2.fago.bwk.tue.nl /export/homebf2c/jadi-1/backup_pc/daylight/medium_pr A4V1o.jpg
99.12.06 10:27 B E:\daylight\medium_pr\A4V2.jpg --> bf2.fago.bwk.tue.nl /export/homebf2c/jadi-1/backup_pc/daylight/medium_pr A4V2.jpg
99.12.06 10:27 B E:\daylight\medium_pr\A4V2o.jpg --> bf2.fago.bwk.tue.nl /export/homebf2c/jadi-1/backup_pc/daylight/medium_pr A4V2o.jpg
99.12.06 10:27 B E:\daylight\medium_pr\A4V3.jpg --> bf2.fago.bwk.tue.nl /export/homebf2c/jadi-1/backup_pc/daylight/medium_pr A4V3.jpg
99.12.06 10:27 B E:\daylight\medium_pr\A4V3o.jpg --> bf2.fago.bwk.tue.nl /export/homebf2c/jadi-1/backup_pc/daylight/medium_pr A4V3o.jpg
99.12.06 10:27 B E:\daylight\medium_pr\A4V5.jpg --> bf2.fago.bwk.tue.nl /export/homebf2c/jadi-1/backup_pc/daylight/medium_pr A4V5.jpg
99.12.06 10:27 B E:\daylight\medium_pr\A4V5o.jpg --> bf2.fago.bwk.tue.nl /export/homebf2c/jadi-1/backup_pc/daylight/medium_pr A4V5o.jpg
99.12.06 10:27 B E:\daylight\medium_pr\A4V6.jpg --> bf2.fago.bwk.tue.nl /export/homebf2c/jadi-1/backup_pc/daylight/medium_pr A4V6.jpg
99.12.06 10:27 B E:\daylight\medium_pr\A4V6o.jpg --> bf2.fago.bwk.tue.nl /export/homebf2c/jadi-1/backup_pc/daylight/medium_pr A4V6o.jpg
99.12.06 10:27 B E:\daylight\medium_pr\A4V7.jpg --> bf2.fago.bwk.tue.nl /export/homebf2c/jadi-1/backup_pc/daylight/medium_pr A4V7.jpg
99.12.06 10:27 B E:\daylight\medium_pr\A4V7o.jpg --> bf2.fago.bwk.tue.nl /export/homebf2c/jadi-1/backup_pc/daylight/medium_pr A4V7o.jpg
99.12.06 10:27 B E:\daylight\medium_pr\A4V8.jpg --> bf2.fago.bwk.tue.nl /export/homebf2c/jadi-1/backup_pc/daylight/medium_pr A4V8.jpg
99.12.06 10:27 B E:\daylight\medium_pr\A4V8o.jpg --> bf2.fago.bwk.tue.nl /export/homebf2c/jadi-1/backup_pc/daylight/medium_pr A4V8o.jpg
99.12.06 10:27 B E:\daylight\medium_pr\A4V9.jpg --> bf2.fago.bwk.tue.nl /export/homebf2c/jadi-1/backup_pc/daylight/medium_pr A4V9.jpg
99.12.06 10:27 B E:\daylight\medium_pr\A4V9o.jpg --> bf2.fago.bwk.tue.nl /export/homebf2c/jadi-1/backup_pc/daylight/medium_pr A4V9o.jpg
99.12.06 10:27 B E:\daylight\medium_pr\A4V9o01.jpg --> bf2.fago.bwk.tue.nl /export/homebf2c/jadi-1/backup_pc/daylight/medium_pr A4V9o01.jpg
99.12.06 10:27 B E:\daylight\medium_pr\B1V1.jpg --> bf2.fago.bwk.tue.nl /export/homebf2c/jadi-1/backup_pc/daylight/medium_pr B1V1.jpg
99.12.06 10:27 B E:\daylight\medium_pr\B1V1o.jpg --> bf2.fago.bwk.tue.nl /export/homebf2c/jadi-1/backup_pc/daylight/medium_pr B1V1o.jpg
99.12.06 10:27 B E:\daylight\medium_pr\B1V2.jpg --> bf2.fago.bwk.tue.nl /export/homebf2c/jadi-1/backup_pc/daylight/medium_pr B1V2.jpg
99.12.06 10:27 B E:\daylight\medium_pr\B1V2o.jpg --> bf2.fago.bwk.tue.nl /export/homebf2c/jadi-1/backup_pc/daylight/medium_pr B1V2o.jpg
99.12.06 10:27 B E:\daylight\medium_pr\B3V1.jpg --> bf2.fago.bwk.tue.nl /export/homebf2c/jadi-1/backup_pc/daylight/medium_pr B3V1.jpg
99.12.06 10:27 B E:\daylight\medium_pr\B3V1o.jpg --> bf2.fago.bwk.tue.nl /export/homebf2c/jadi-1/backup_pc/daylight/medium_pr B3V1o.jpg
99.12.06 10:27 B E:\daylight\medium_pr\B3V2.jpg --> bf2.fago.bwk.tue.nl /export/homebf2c/jadi-1/backup_pc/daylight/medium_pr B3V2.jpg
99.12.06 10:27 B E:\daylight\medium_pr\B3V2o.jpg --> bf2.fago.bwk.tue.nl /export/homebf2c/jadi-1/backup_pc/daylight/medium_pr B3V2o.jpg
99.12.06 10:27 B E:\daylight\medium_pr\bedden.jpg --> bf2.fago.bwk.tue.nl /export/homebf2c/jadi-1/backup_pc/daylight/medium_pr bedden.jpg
99.12.06 10:27 B E:\daylight\medium_pr\beddeno.jpg --> bf2.fago.bwk.tue.nl /export/homebf2c/jadi-1/backup_pc/daylight/medium_pr beddeno.jpg
99.12.06 10:27 B E:\daylight\medium_pr\C1V1.jpg --> bf2.fago.bwk.tue.nl /export/homebf2c/jadi-1/backup_pc/daylight/medium_pr C1V1.jpg
99.12.06 10:27 B E:\daylight\medium_pr\C1V1o.jpg --> bf2.fago.bwk.tue.nl /export/homebf2c/jadi-1/backup_pc/daylight/medium_pr C1V1o.jpg
99.12.06 10:27 B E:\daylight\medium_pr\C1V2.jpg --> bf2.fago.bwk.tue.nl /export/homebf2c/jadi-1/backup_pc/daylight/medium_pr C1V2.jpg
99.12.06 10:27 B E:\daylight\medium_pr\C1V2o.jpg --> bf2.fago.bwk.tue.nl /export/homebf2c/jadi-1/backup_pc/daylight/medium_pr C1V2o.jpg
99.12.06 10:27 B E:\daylight\medium_pr\C2V1.jpg --> bf2.fago.bwk.tue.nl /export/homebf2c/jadi-1/backup_pc/daylight/medium_pr C2V1.jpg
99.12.06 10:27 B E:\daylight\medium_pr\C2V1o.jpg --> bf2.fago.bwk.tue.nl /export/homebf2c/jadi-1/backup_pc/daylight/medium_pr C2V1o.jpg
99.12.06 10:27 B E:\daylight\medium_pr\C2V2.jpg --> bf2.fago.bwk.tue.nl /export/homebf2c/jadi-1/backup_pc/daylight/medium_pr C2V2.jpg
99.12.06 10:27 B E:\daylight\medium_pr\C2V2o.jpg --> bf2.fago.bwk.tue.nl /export/homebf2c/jadi-1/backup_pc/daylight/medium_pr C2V2o.jpg
99.12.06 10:27 B E:\daylight\medium_pr\C2V3.jpg --> bf2.fago.bwk.tue.nl /export/homebf2c/jadi-1/backup_pc/daylight/medium_pr C2V3.jpg
99.12.06 10:27 B E:\daylight\medium_pr\C2V3o.jpg --> bf2.fago.bwk.tue.nl /export/homebf2c/jadi-1/backup_pc/daylight/medium_pr C2V3o.jpg
99.12.06 10:27 B E:\daylight\medium_pr\C2V4.jpg --> bf2.fago.bwk.tue.nl /export/homebf2c/jadi-1/backup_pc/daylight/medium_pr C2V4.jpg
99.12.06 10:27 B E:\daylight\medium_pr\C2V4o.jpg --> bf2.fago.bwk.tue.nl /export/homebf2c/jadi-1/backup_pc/daylight/medium_pr C2V4o.jpg
99.12.06 10:27 B E:\daylight\medium_pr\C2V5.jpg --> bf2.fago.bwk.tue.nl /export/homebf2c/jadi-1/backup_pc/daylight/medium_pr C2V5.jpg
99.12.06 10:27 B E:\daylight\medium_pr\C2V5o.jpg --> bf2.fago.bwk.tue.nl /export/homebf2c/jadi-1/backup_pc/daylight/medium_pr C2V5o.jpg
99.12.06 10:27 B E:\daylight\medium_pr\D2V1.jpg --> bf2.fago.bwk.tue.nl /export/homebf2c/jadi-1/backup_pc/daylight/medium_pr D2V1.jpg
99.12.06 10:27 B E:\daylight\medium_pr\D2V1o.jpg --> bf2.fago.bwk.tue.nl /export/homebf2c/jadi-1/backup_pc/daylight/medium_pr D2V1o.jpg
99.12.06 10:27 B E:\daylight\medium_pr\D2V2.jpg --> bf2.fago.bwk.tue.nl /export/homebf2c/jadi-1/backup_pc/daylight/medium_pr D2V2.jpg
99.12.06 10:27 B E:\daylight\medium_pr\D2V2o.jpg --> bf2.fago.bwk.tue.nl /export/homebf2c/jadi-1/backup_pc/daylight/medium_pr D2V2o.jpg
99.12.06 10:27 B E:\daylight\medium_pr\D2V4.jpg --> bf2.fago.bwk.tue.nl /export/homebf2c/jadi-1/backup_pc/daylight/medium_pr D2V4.jpg
99.12.06 10:27 B E:\daylight\medium_pr\D2V4o.jpg --> bf2.fago.bwk.tue.nl /export/homebf2c/jadi-1/backup_pc/daylight/medium_pr D2V4o.jpg
99.12.06 10:27 B E:\daylight\medium_pr\D2V5.jpg --> bf2.fago.bwk.tue.nl /export/homebf2c/jadi-1/backup_pc/daylight/medium_pr D2V5.jpg
99.12.06 10:27 B E:\daylight\medium_pr\D2V5o.jpg --> bf2.fago.bwk.tue.nl /export/homebf2c/jadi-1/backup_pc/daylight/medium_pr D2V5o.jpg
99.12.06 10:27 B E:\daylight\medium_pr\E0V1.jpg --> bf2.fago.bwk.tue.nl /export/homebf2c/jadi-1/backup_pc/daylight/medium_pr E0V1.jpg
99.12.06 10:27 B E:\daylight\medium_pr\E0V1o.jpg --> bf2.fago.bwk.tue.nl /export/homebf2c/jadi-1/backup_pc/daylight/medium_pr E0V1o.jpg
99.12.06 10:27 B E:\daylight\medium_pr\E3V1a.jpg --> bf2.fago.bwk.tue.nl /export/homebf2c/jadi-1/backup_pc/daylight/medium_pr E3V1a.jpg
99.12.06 10:27 B E:\daylight\medium_pr\E3V1b.jpg --> bf2.fago.bwk.tue.nl /export/homebf2c/jadi-1/backup_pc/daylight/medium_pr E3V1b.jpg
99.12.06 10:27 B E:\daylight\medium_pr\E3V1o.jpg --> bf2.fago.bwk.tue.nl /export/homebf2c/jadi-1/backup_pc/daylight/medium_pr E3V1o.jpg
99.12.06 10:27 B E:\daylight\medium_pr\F0V1.jpg --> bf2.fago.bwk.tue.nl /export/homebf2c/jadi-1/backup_pc/daylight/medium_pr F0V1.jpg
99.12.06 10:27 B E:\daylight\medium_pr\F0V1o.jpg --> bf2.fago.bwk.tue.nl /export/homebf2c/jadi-1/backup_pc/daylight/medium_pr F0V1o.jpg
99.12.06 10:27 B E:\daylight\medium_pr\H2V1.jpg --> bf2.fago.bwk.tue.nl /export/homebf2c/jadi-1/backup_pc/daylight/medium_pr H2V1.jpg
99.12.06 10:27 B E:\daylight\medium_pr\H2V1o.jpg --> bf2.fago.bwk.tue.nl /export/homebf2c/jadi-1/backup_pc/daylight/medium_pr H2V1o.jpg
99.12.06 10:27 B E:\daylight\medium_pr\M3V1.jpg --> bf2.fago.bwk.tue.nl /export/homebf2c/jadi-1/backup_pc/daylight/medium_pr M3V1.jpg
99.12.06 10:27 B E:\daylight\medium_pr\M3V1o.jpg --> bf2.fago.bwk.tue.nl /export/homebf2c/jadi-1/backup_pc/daylight/medium_pr M3V1o.jpg
99.12.06 10:27 B E:\daylight\medium_pr\M3V2.jpg --> bf2.fago.bwk.tue.nl /export/homebf2c/jadi-1/backup_pc/daylight/medium_pr M3V2.jpg
99.12.06 10:27 B E:\daylight\medium_pr\M3V2oa.jpg --> bf2.fago.bwk.tue.nl /export/homebf2c/jadi-1/backup_pc/daylight/medium_pr M3V2oa.jpg
99.12.06 10:27 B E:\daylight\medium_pr\M3V2ob.jpg --> bf2.fago.bwk.tue.nl /export/homebf2c/jadi-1/backup_pc/daylight/medium_pr M3V2ob.jpg
99.12.06 10:27 B E:\daylight\medium_pr\N1V4.jpg --> bf2.fago.bwk.tue.nl /export/homebf2c/jadi-1/backup_pc/daylight/medium_pr N1V4.jpg
99.12.06 10:27 B E:\daylight\medium_pr\N1V4o.jpg --> bf2.fago.bwk.tue.nl /export/homebf2c/jadi-1/backup_pc/daylight/medium_pr N1V4o.jpg
99.12.06 10:27 B E:\daylight\medium_pr\N1V4zonwering.jpg --> bf2.fago.bwk.tue.nl /export/homebf2c/jadi-1/backup_pc/daylight/medium_pr N1V4zonwering.jpg
99.12.06 10:27 B E:\daylight\medium_pr\N1V5.jpg --> bf2.fago.bwk.tue.nl /export/homebf2c/jadi-1/backup_pc/daylight/medium_pr N1V5.jpg
99.12.06 10:27 B E:\daylight\medium_pr\N1V5o.jpg --> bf2.fago.bwk.tue.nl /export/homebf2c/jadi-1/backup_pc/daylight/medium_pr N1V5o.jpg
99.12.06 10:27 B E:\daylight\medium_pr\N1V7.jpg --> bf2.fago.bwk.tue.nl /export/homebf2c/jadi-1/backup_pc/daylight/medium_pr N1V7.jpg
99.12.06 10:27 B E:\daylight\medium_pr\N1V7oa.jpg --> bf2.fago.bwk.tue.nl /export/homebf2c/jadi-1/backup_pc/daylight/medium_pr N1V7oa.jpg
99.12.06 10:27 B E:\daylight\medium_pr\N1V7ob.jpg --> bf2.fago.bwk.tue.nl /export/homebf2c/jadi-1/backup_pc/daylight/medium_pr N1V7ob.jpg
99.12.06 10:27 B E:\daylight\medium_pr\N3V2a.jpg --> bf2.fago.bwk.tue.nl /export/homebf2c/jadi-1/backup_pc/daylight/medium_pr N3V2a.jpg
99.12.06 10:27 B E:\daylight\medium_pr\N3V2b.jpg --> bf2.fago.bwk.tue.nl /export/homebf2c/jadi-1/backup_pc/daylight/medium_pr N3V2b.jpg
99.12.06 10:27 B E:\daylight\medium_pr\N3V2o.jpg --> bf2.fago.bwk.tue.nl /export/homebf2c/jadi-1/backup_pc/daylight/medium_pr N3V2o.jpg
99.12.06 10:27 B E:\daylight\medium_pr\N4V2.jpg --> bf2.fago.bwk.tue.nl /export/homebf2c/jadi-1/backup_pc/daylight/medium_pr N4V2.jpg
99.12.06 10:27 B E:\daylight\medium_pr\N4V2o.jpg --> bf2.fago.bwk.tue.nl /export/homebf2c/jadi-1/backup_pc/daylight/medium_pr N4V2o.jpg
99.12.06 10:27 B E:\daylight\medium_pr\N4V3.jpg --> bf2.fago.bwk.tue.nl /export/homebf2c/jadi-1/backup_pc/daylight/medium_pr N4V3.jpg
99.12.06 10:27 B E:\daylight\medium_pr\N4V3o.jpg --> bf2.fago.bwk.tue.nl /export/homebf2c/jadi-1/backup_pc/daylight/medium_pr N4V3o.jpg
99.12.06 10:27 B E:\daylight\medium_pr\N4V4.jpg --> bf2.fago.bwk.tue.nl /export/homebf2c/jadi-1/backup_pc/daylight/medium_pr N4V4.jpg
99.12.06 10:27 B E:\daylight\medium_pr\N4V4o.jpg --> bf2.fago.bwk.tue.nl /export/homebf2c/jadi-1/backup_pc/daylight/medium_pr N4V4o.jpg
99.12.06 10:27 B E:\daylight\medium_pr\P3V1.jpg --> bf2.fago.bwk.tue.nl /export/homebf2c/jadi-1/backup_pc/daylight/medium_pr P3V1.jpg
99.12.06 10:27 B E:\daylight\medium_pr\P3V1o.jpg --> bf2.fago.bwk.tue.nl /export/homebf2c/jadi-1/backup_pc/daylight/medium_pr P3V1o.jpg
99.12.06 10:27 B E:\daylight\medium_pr\P3V2a.jpg --> bf2.fago.bwk.tue.nl /export/homebf2c/jadi-1/backup_pc/daylight/medium_pr P3V2a.jpg
99.12.06 10:27 B E:\daylight\medium_pr\P3V2b.jpg --> bf2.fago.bwk.tue.nl /export/homebf2c/jadi-1/backup_pc/daylight/medium_pr P3V2b.jpg
99.12.06 10:27 B E:\daylight\medium_pr\P3V2o.jpg --> bf2.fago.bwk.tue.nl /export/homebf2c/jadi-1/backup_pc/daylight/medium_pr P3V2o.jpg
99.12.06 10:27 B E:\daylight\medium_pr\P3V3a.jpg --> bf2.fago.bwk.tue.nl /export/homebf2c/jadi-1/backup_pc/daylight/medium_pr P3V3a.jpg
99.12.06 10:27 B E:\daylight\medium_pr\P3V3b.jpg --> bf2.fago.bwk.tue.nl /export/homebf2c/jadi-1/backup_pc/daylight/medium_pr P3V3b.jpg
99.12.06 10:27 B E:\daylight\medium_pr\P3V3oa.jpg --> bf2.fago.bwk.tue.nl /export/homebf2c/jadi-1/backup_pc/daylight/medium_pr P3V3oa.jpg
99.12.06 10:27 B E:\daylight\medium_pr\P3V3ob.jpg --> bf2.fago.bwk.tue.nl /export/homebf2c/jadi-1/backup_pc/daylight/medium_pr P3V3ob.jpg
99.12.06 10:27 B E:\daylight\medium_pr\P3V4.jpg --> bf2.fago.bwk.tue.nl /export/homebf2c/jadi-1/backup_pc/daylight/medium_pr P3V4.jpg
99.12.06 10:27 B E:\daylight\medium_pr\P3V4oa.jpg --> bf2.fago.bwk.tue.nl /export/homebf2c/jadi-1/backup_pc/daylight/medium_pr P3V4oa.jpg
99.12.06 10:27 B E:\daylight\medium_pr\P3V4ob.jpg --> bf2.fago.bwk.tue.nl /export/homebf2c/jadi-1/backup_pc/daylight/medium_pr P3V4ob.jpg
99.12.06 10:27 B E:\daylight\medium_pr\P3V7.jpg --> bf2.fago.bwk.tue.nl /export/homebf2c/jadi-1/backup_pc/daylight/medium_pr P3V7.jpg
99.12.06 10:27 B E:\daylight\medium_pr\P3V7o.jpg --> bf2.fago.bwk.tue.nl /export/homebf2c/jadi-1/backup_pc/daylight/medium_pr P3V7o.jpg
99.12.06 10:27 B E:\daylight\medium_pr\P3V8.jpg --> bf2.fago.bwk.tue.nl /export/homebf2c/jadi-1/backup_pc/daylight/medium_pr P3V8.jpg
99.12.06 10:27 B E:\daylight\medium_pr\P3V8o.jpg --> bf2.fago.bwk.tue.nl /export/homebf2c/jadi-1/backup_pc/daylight/medium_pr P3V8o.jpg
99.12.06 10:27 B E:\daylight\medium_pr\Q2V1a.jpg --> bf2.fago.bwk.tue.nl /export/homebf2c/jadi-1/backup_pc/daylight/medium_pr Q2V1a.jpg
99.12.06 10:27 B E:\daylight\medium_pr\Q2V1b.jpg --> bf2.fago.bwk.tue.nl /export/homebf2c/jadi-1/backup_pc/daylight/medium_pr Q2V1b.jpg
99.12.06 10:27 B E:\daylight\medium_pr\Q2V1o.jpg --> bf2.fago.bwk.tue.nl /export/homebf2c/jadi-1/backup_pc/daylight/medium_pr Q2V1o.jpg
99.12.06 10:27 B E:\daylight\medium_pr\U0V1.jpg --> bf2.fago.bwk.tue.nl /export/homebf2c/jadi-1/backup_pc/daylight/medium_pr U0V1.jpg
99.12.06 10:27 B E:\daylight\medium_pr\U0V1o.jpg --> bf2.fago.bwk.tue.nl /export/homebf2c/jadi-1/backup_pc/daylight/medium_pr U0V1o.jpg
99.12.06 10:27 B E:\daylight\medium_pr\U0V1oa.jpg --> bf2.fago.bwk.tue.nl /export/homebf2c/jadi-1/backup_pc/daylight/medium_pr U0V1oa.jpg
99.12.06 10:27 B E:\daylight\medium_pr\U0V2.jpg --> bf2.fago.bwk.tue.nl /export/homebf2c/jadi-1/backup_pc/daylight/medium_pr U0V2.jpg
99.12.06 10:27 B E:\daylight\medium_pr\U0V2o.jpg --> bf2.fago.bwk.tue.nl /export/homebf2c/jadi-1/backup_pc/daylight/medium_pr U0V2o.jpg
99.12.06 10:27 B E:\daylight\medium_pr\U2V1a.jpg --> bf2.fago.bwk.tue.nl /export/homebf2c/jadi-1/backup_pc/daylight/medium_pr U2V1a.jpg
99.12.06 10:27 B E:\daylight\medium_pr\U2V1b.jpg --> bf2.fago.bwk.tue.nl /export/homebf2c/jadi-1/backup_pc/daylight/medium_pr U2V1b.jpg
99.12.06 10:27 B E:\daylight\medium_pr\U2V1oa.jpg --> bf2.fago.bwk.tue.nl /export/homebf2c/jadi-1/backup_pc/daylight/medium_pr U2V1oa.jpg
99.12.06 10:27 B E:\daylight\medium_pr\U2V1ob.jpg --> bf2.fago.bwk.tue.nl /export/homebf2c/jadi-1/backup_pc/daylight/medium_pr U2V1ob.jpg
99.12.06 10:27 B E:\daylight\medium_pr\X3V1.jpg --> bf2.fago.bwk.tue.nl /export/homebf2c/jadi-1/backup_pc/daylight/medium_pr X3V1.jpg
99.12.06 10:27 B E:\daylight\medium_pr\X3V1a.jpg --> bf2.fago.bwk.tue.nl /export/homebf2c/jadi-1/backup_pc/daylight/medium_pr X3V1a.jpg
99.12.06 10:27 B E:\daylight\medium_pr\X3V2.jpg --> bf2.fago.bwk.tue.nl /export/homebf2c/jadi-1/backup_pc/daylight/medium_pr X3V2.jpg
99.12.06 10:27 B E:\daylight\medium_pr\X3V2o.jpg --> bf2.fago.bwk.tue.nl /export/homebf2c/jadi-1/backup_pc/daylight/medium_pr X3V2o.jpg
99.12.06 10:27 B E:\daylight\medium_pr\zwart-plafond.jpg --> bf2.fago.bwk.tue.nl /export/homebf2c/jadi-1/backup_pc/daylight/medium_pr zwart-plafond.jpg
2000.11.07 12:20 B E:\daylight\varbook\medium_pr\A0V1.jpg --> archweb.bwk.tue.nl /fago/daylight/varbook/medium_pr A0V1.jpg
2000.11.07 12:20 B E:\daylight\varbook\medium_pr\A0V1o.jpg --> archweb.bwk.tue.nl /fago/daylight/varbook/medium_pr A0V1o.jpg
2000.11.07 12:20 B E:\daylight\varbook\medium_pr\A0V2.jpg --> archweb.bwk.tue.nl /fago/daylight/varbook/medium_pr A0V2.jpg
2000.11.07 12:20 B E:\daylight\varbook\medium_pr\A0V2oa.jpg --> archweb.bwk.tue.nl /fago/daylight/varbook/medium_pr A0V2oa.jpg
2000.11.07 12:20 B E:\daylight\varbook\medium_pr\A0V2ob.jpg --> archweb.bwk.tue.nl /fago/daylight/varbook/medium_pr A0V2ob.jpg
2000.11.07 12:20 B E:\daylight\varbook\medium_pr\A0V3.jpg --> archweb.bwk.tue.nl /fago/daylight/varbook/medium_pr A0V3.jpg
2000.11.07 12:20 B E:\daylight\varbook\medium_pr\A0V3o.jpg --> archweb.bwk.tue.nl /fago/daylight/varbook/medium_pr A0V3o.jpg
2000.11.07 12:20 B E:\daylight\varbook\medium_pr\A0V4.jpg --> archweb.bwk.tue.nl /fago/daylight/varbook/medium_pr A0V4.jpg
2000.11.07 12:20 B E:\daylight\varbook\medium_pr\A0V4o.jpg --> archweb.bwk.tue.nl /fago/daylight/varbook/medium_pr A0V4o.jpg
2000.11.07 12:20 B E:\daylight\varbook\medium_pr\A1V1.jpg --> archweb.bwk.tue.nl /fago/daylight/varbook/medium_pr A1V1.jpg
2000.11.07 12:20 B E:\daylight\varbook\medium_pr\A1V1o.jpg --> archweb.bwk.tue.nl /fago/daylight/varbook/medium_pr A1V1o.jpg
2000.11.07 12:20 B E:\daylight\varbook\medium_pr\A1V2.jpg --> archweb.bwk.tue.nl /fago/daylight/varbook/medium_pr A1V2.jpg
2000.11.07 12:20 B E:\daylight\varbook\medium_pr\A1V2o.jpg --> archweb.bwk.tue.nl /fago/daylight/varbook/medium_pr A1V2o.jpg
2000.11.07 12:20 B E:\daylight\varbook\medium_pr\A1V3.jpg --> archweb.bwk.tue.nl /fago/daylight/varbook/medium_pr A1V3.jpg
2000.11.07 12:20 B E:\daylight\varbook\medium_pr\A1V3o.jpg --> archweb.bwk.tue.nl /fago/daylight/varbook/medium_pr A1V3o.jpg
2000.11.07 12:20 B E:\daylight\varbook\medium_pr\A2V1.jpg --> archweb.bwk.tue.nl /fago/daylight/varbook/medium_pr A2V1.jpg
2000.11.07 12:20 B E:\daylight\varbook\medium_pr\A2V1o.jpg --> archweb.bwk.tue.nl /fago/daylight/varbook/medium_pr A2V1o.jpg
2000.11.07 12:20 B E:\daylight\varbook\medium_pr\A2V2.jpg --> archweb.bwk.tue.nl /fago/daylight/varbook/medium_pr A2V2.jpg
2000.11.07 12:20 B E:\daylight\varbook\medium_pr\A2V3o.jpg --> archweb.bwk.tue.nl /fago/daylight/varbook/medium_pr A2V3o.jpg
2000.11.07 12:20 B E:\daylight\varbook\medium_pr\A2V4.jpg --> archweb.bwk.tue.nl /fago/daylight/varbook/medium_pr A2V4.jpg
2000.11.07 12:20 B E:\daylight\varbook\medium_pr\A2V4o.jpg --> archweb.bwk.tue.nl /fago/daylight/varbook/medium_pr A2V4o.jpg
2000.11.07 12:20 B E:\daylight\varbook\medium_pr\A3V1a.jpg --> archweb.bwk.tue.nl /fago/daylight/varbook/medium_pr A3V1a.jpg
2000.11.07 12:20 B E:\daylight\varbook\medium_pr\A3V1b.jpg --> archweb.bwk.tue.nl /fago/daylight/varbook/medium_pr A3V1b.jpg
2000.11.07 12:20 B E:\daylight\varbook\medium_pr\A3V1oa.jpg --> archweb.bwk.tue.nl /fago/daylight/varbook/medium_pr A3V1oa.jpg
2000.11.07 12:20 B E:\daylight\varbook\medium_pr\A3V1ob.jpg --> archweb.bwk.tue.nl /fago/daylight/varbook/medium_pr A3V1ob.jpg
2000.11.07 12:20 B E:\daylight\varbook\medium_pr\A3V2.jpg --> archweb.bwk.tue.nl /fago/daylight/varbook/medium_pr A3V2.jpg
2000.11.07 12:20 B E:\daylight\varbook\medium_pr\A3V2o.jpg --> archweb.bwk.tue.nl /fago/daylight/varbook/medium_pr A3V2o.jpg
2000.11.07 12:20 B E:\daylight\varbook\medium_pr\A3V3.jpg --> archweb.bwk.tue.nl /fago/daylight/varbook/medium_pr A3V3.jpg
2000.11.07 12:20 B E:\daylight\varbook\medium_pr\A3V3o.jpg --> archweb.bwk.tue.nl /fago/daylight/varbook/medium_pr A3V3o.jpg
2000.11.07 12:20 B E:\daylight\varbook\medium_pr\A3V3o2.jpg --> archweb.bwk.tue.nl /fago/daylight/varbook/medium_pr A3V3o2.jpg
2000.11.07 12:20 B E:\daylight\varbook\medium_pr\A3V4.jpg --> archweb.bwk.tue.nl /fago/daylight/varbook/medium_pr A3V4.jpg
2000.11.07 12:21 B E:\daylight\varbook\medium_pr\A3V4o.jpg --> archweb.bwk.tue.nl /fago/daylight/varbook/medium_pr A3V4o.jpg
2000.11.07 12:21 B E:\daylight\varbook\medium_pr\A4V1.jpg --> archweb.bwk.tue.nl /fago/daylight/varbook/medium_pr A4V1.jpg
2000.11.07 12:21 B E:\daylight\varbook\medium_pr\A4V10.jpg --> archweb.bwk.tue.nl /fago/daylight/varbook/medium_pr A4V10.jpg
2000.11.07 12:21 B E:\daylight\varbook\medium_pr\A4V10o.jpg --> archweb.bwk.tue.nl /fago/daylight/varbook/medium_pr A4V10o.jpg
2000.11.07 12:21 B E:\daylight\varbook\medium_pr\A4V11.jpg --> archweb.bwk.tue.nl /fago/daylight/varbook/medium_pr A4V11.jpg
2000.11.07 12:21 B E:\daylight\varbook\medium_pr\A4V11o.jpg --> archweb.bwk.tue.nl /fago/daylight/varbook/medium_pr A4V11o.jpg
2000.11.07 12:21 B E:\daylight\varbook\medium_pr\A4V12.jpg --> archweb.bwk.tue.nl /fago/daylight/varbook/medium_pr A4V12.jpg
2000.11.07 12:21 B E:\daylight\varbook\medium_pr\A4V12o.jpg --> archweb.bwk.tue.nl /fago/daylight/varbook/medium_pr A4V12o.jpg
2000.11.07 12:21 B E:\daylight\varbook\medium_pr\A4V12o01.jpg --> archweb.bwk.tue.nl /fago/daylight/varbook/medium_pr A4V12o01.jpg
2000.11.07 12:21 B E:\daylight\varbook\medium_pr\A4V1o.jpg --> archweb.bwk.tue.nl /fago/daylight/varbook/medium_pr A4V1o.jpg
2000.11.07 12:21 B E:\daylight\varbook\medium_pr\A4V2.jpg --> archweb.bwk.tue.nl /fago/daylight/varbook/medium_pr A4V2.jpg
2000.11.07 12:21 B E:\daylight\varbook\medium_pr\A4V2o.jpg --> archweb.bwk.tue.nl /fago/daylight/varbook/medium_pr A4V2o.jpg
2000.11.07 12:21 B E:\daylight\varbook\medium_pr\A4V3.jpg --> archweb.bwk.tue.nl /fago/daylight/varbook/medium_pr A4V3.jpg
2000.11.07 12:21 B E:\daylight\varbook\medium_pr\A4V3o.jpg --> archweb.bwk.tue.nl /fago/daylight/varbook/medium_pr A4V3o.jpg
2000.11.07 12:21 B E:\daylight\varbook\medium_pr\A4V5.jpg --> archweb.bwk.tue.nl /fago/daylight/varbook/medium_pr A4V5.jpg
2000.11.07 12:21 B E:\daylight\varbook\medium_pr\A4V5o.jpg --> archweb.bwk.tue.nl /fago/daylight/varbook/medium_pr A4V5o.jpg
2000.11.07 12:21 B E:\daylight\varbook\medium_pr\A4V6.jpg --> archweb.bwk.tue.nl /fago/daylight/varbook/medium_pr A4V6.jpg
2000.11.07 12:21 B E:\daylight\varbook\medium_pr\A4V6o.jpg --> archweb.bwk.tue.nl /fago/daylight/varbook/medium_pr A4V6o.jpg
2000.11.07 12:21 B E:\daylight\varbook\medium_pr\A4V7.jpg --> archweb.bwk.tue.nl /fago/daylight/varbook/medium_pr A4V7.jpg
2000.11.07 12:21 B E:\daylight\varbook\medium_pr\A4V7o.jpg --> archweb.bwk.tue.nl /fago/daylight/varbook/medium_pr A4V7o.jpg
2000.11.07 12:21 B E:\daylight\varbook\medium_pr\A4V8.jpg --> archweb.bwk.tue.nl /fago/daylight/varbook/medium_pr A4V8.jpg
2000.11.07 12:21 B E:\daylight\varbook\medium_pr\A4V8o.jpg --> archweb.bwk.tue.nl /fago/daylight/varbook/medium_pr A4V8o.jpg
2000.11.07 12:21 B E:\daylight\varbook\medium_pr\A4V9.jpg --> archweb.bwk.tue.nl /fago/daylight/varbook/medium_pr A4V9.jpg
2000.11.07 12:21 B E:\daylight\varbook\medium_pr\A4V9o.jpg --> archweb.bwk.tue.nl /fago/daylight/varbook/medium_pr A4V9o.jpg
2000.11.07 12:21 B E:\daylight\varbook\medium_pr\A4V9o01.jpg --> archweb.bwk.tue.nl /fago/daylight/varbook/medium_pr A4V9o01.jpg
2000.11.07 12:21 B E:\daylight\varbook\medium_pr\B1V1.jpg --> archweb.bwk.tue.nl /fago/daylight/varbook/medium_pr B1V1.jpg
2000.11.07 12:21 B E:\daylight\varbook\medium_pr\B1V1o.jpg --> archweb.bwk.tue.nl /fago/daylight/varbook/medium_pr B1V1o.jpg
2000.11.07 12:21 B E:\daylight\varbook\medium_pr\B1V2.jpg --> archweb.bwk.tue.nl /fago/daylight/varbook/medium_pr B1V2.jpg
2000.11.07 12:21 B E:\daylight\varbook\medium_pr\B1V2o.jpg --> archweb.bwk.tue.nl /fago/daylight/varbook/medium_pr B1V2o.jpg
2000.11.07 12:21 B E:\daylight\varbook\medium_pr\B2V0.jpg --> archweb.bwk.tue.nl /fago/daylight/varbook/medium_pr B2V0.jpg
2000.11.07 12:21 B E:\daylight\varbook\medium_pr\B2V0o.jpg --> archweb.bwk.tue.nl /fago/daylight/varbook/medium_pr B2V0o.jpg
2000.11.07 12:21 B E:\daylight\varbook\medium_pr\B3V1.jpg --> archweb.bwk.tue.nl /fago/daylight/varbook/medium_pr B3V1.jpg
2000.11.07 12:21 B E:\daylight\varbook\medium_pr\B3V1o.jpg --> archweb.bwk.tue.nl /fago/daylight/varbook/medium_pr B3V1o.jpg
2000.11.07 12:21 B E:\daylight\varbook\medium_pr\B3V2.jpg --> archweb.bwk.tue.nl /fago/daylight/varbook/medium_pr B3V2.jpg
2000.11.07 12:21 B E:\daylight\varbook\medium_pr\B3V2o.jpg --> archweb.bwk.tue.nl /fago/daylight/varbook/medium_pr B3V2o.jpg
2000.11.07 12:21 B E:\daylight\varbook\medium_pr\B3V3.jpg --> archweb.bwk.tue.nl /fago/daylight/varbook/medium_pr B3V3.jpg
2000.11.07 12:21 B E:\daylight\varbook\medium_pr\B3V3o.jpg --> archweb.bwk.tue.nl /fago/daylight/varbook/medium_pr B3V3o.jpg
2000.11.07 12:21 B E:\daylight\varbook\medium_pr\B3V4.jpg --> archweb.bwk.tue.nl /fago/daylight/varbook/medium_pr B3V4.jpg
2000.11.07 12:21 B E:\daylight\varbook\medium_pr\B3V4o.jpg --> archweb.bwk.tue.nl /fago/daylight/varbook/medium_pr B3V4o.jpg
2000.11.07 12:21 B E:\daylight\varbook\medium_pr\bedden.jpg --> archweb.bwk.tue.nl /fago/daylight/varbook/medium_pr bedden.jpg
2000.11.07 12:21 B E:\daylight\varbook\medium_pr\beddeno.jpg --> archweb.bwk.tue.nl /fago/daylight/varbook/medium_pr beddeno.jpg
2000.11.07 12:21 B E:\daylight\varbook\medium_pr\C1V1.jpg --> archweb.bwk.tue.nl /fago/daylight/varbook/medium_pr C1V1.jpg
2000.11.07 12:21 B E:\daylight\varbook\medium_pr\C1V1o.jpg --> archweb.bwk.tue.nl /fago/daylight/varbook/medium_pr C1V1o.jpg
2000.11.07 12:21 B E:\daylight\varbook\medium_pr\C1V2.jpg --> archweb.bwk.tue.nl /fago/daylight/varbook/medium_pr C1V2.jpg
2000.11.07 12:21 B E:\daylight\varbook\medium_pr\C1V2o.jpg --> archweb.bwk.tue.nl /fago/daylight/varbook/medium_pr C1V2o.jpg
2000.11.07 12:21 B E:\daylight\varbook\medium_pr\C2V1.jpg --> archweb.bwk.tue.nl /fago/daylight/varbook/medium_pr C2V1.jpg
2000.11.07 12:21 B E:\daylight\varbook\medium_pr\C2V1o.jpg --> archweb.bwk.tue.nl /fago/daylight/varbook/medium_pr C2V1o.jpg
2000.11.07 12:21 B E:\daylight\varbook\medium_pr\C2V2.jpg --> archweb.bwk.tue.nl /fago/daylight/varbook/medium_pr C2V2.jpg
2000.11.07 12:21 B E:\daylight\varbook\medium_pr\C2V2o.jpg --> archweb.bwk.tue.nl /fago/daylight/varbook/medium_pr C2V2o.jpg
2000.11.07 12:21 B E:\daylight\varbook\medium_pr\C2V3.jpg --> archweb.bwk.tue.nl /fago/daylight/varbook/medium_pr C2V3.jpg
2000.11.07 12:21 B E:\daylight\varbook\medium_pr\C2V3o.jpg --> archweb.bwk.tue.nl /fago/daylight/varbook/medium_pr C2V3o.jpg
2000.11.07 12:21 B E:\daylight\varbook\medium_pr\C2V4.jpg --> archweb.bwk.tue.nl /fago/daylight/varbook/medium_pr C2V4.jpg
2000.11.07 12:21 B E:\daylight\varbook\medium_pr\C2V4o.jpg --> archweb.bwk.tue.nl /fago/daylight/varbook/medium_pr C2V4o.jpg
2000.11.07 12:21 B E:\daylight\varbook\medium_pr\C2V5.jpg --> archweb.bwk.tue.nl /fago/daylight/varbook/medium_pr C2V5.jpg
2000.11.07 12:21 B E:\daylight\varbook\medium_pr\C2V5o.jpg --> archweb.bwk.tue.nl /fago/daylight/varbook/medium_pr C2V5o.jpg
2000.11.07 12:21 B E:\daylight\varbook\medium_pr\C2V6.jpg --> archweb.bwk.tue.nl /fago/daylight/varbook/medium_pr C2V6.jpg
2000.11.07 12:21 B E:\daylight\varbook\medium_pr\C2V6o.jpg --> archweb.bwk.tue.nl /fago/daylight/varbook/medium_pr C2V6o.jpg
2000.11.07 12:21 B E:\daylight\varbook\medium_pr\C2V7.jpg --> archweb.bwk.tue.nl /fago/daylight/varbook/medium_pr C2V7.jpg
2000.11.07 12:21 B E:\daylight\varbook\medium_pr\C2V7o.jpg --> archweb.bwk.tue.nl /fago/daylight/varbook/medium_pr C2V7o.jpg
2000.11.07 12:21 B E:\daylight\varbook\medium_pr\D2V1.jpg --> archweb.bwk.tue.nl /fago/daylight/varbook/medium_pr D2V1.jpg
2000.11.07 12:21 B E:\daylight\varbook\medium_pr\D2V1o.jpg --> archweb.bwk.tue.nl /fago/daylight/varbook/medium_pr D2V1o.jpg
2000.11.07 12:21 B E:\daylight\varbook\medium_pr\D2V2.jpg --> archweb.bwk.tue.nl /fago/daylight/varbook/medium_pr D2V2.jpg
2000.11.07 12:21 B E:\daylight\varbook\medium_pr\D2V2o.jpg --> archweb.bwk.tue.nl /fago/daylight/varbook/medium_pr D2V2o.jpg
2000.11.07 12:21 B E:\daylight\varbook\medium_pr\D2V4.jpg --> archweb.bwk.tue.nl /fago/daylight/varbook/medium_pr D2V4.jpg
2000.11.07 12:21 B E:\daylight\varbook\medium_pr\D2V4o.jpg --> archweb.bwk.tue.nl /fago/daylight/varbook/medium_pr D2V4o.jpg
2000.11.07 12:21 B E:\daylight\varbook\medium_pr\D2V5.jpg --> archweb.bwk.tue.nl /fago/daylight/varbook/medium_pr D2V5.jpg
2000.11.07 12:21 B E:\daylight\varbook\medium_pr\D2V5o.jpg --> archweb.bwk.tue.nl /fago/daylight/varbook/medium_pr D2V5o.jpg
2000.11.07 12:21 B E:\daylight\varbook\medium_pr\E0V1.jpg --> archweb.bwk.tue.nl /fago/daylight/varbook/medium_pr E0V1.jpg
2000.11.07 12:21 B E:\daylight\varbook\medium_pr\E0V1o.jpg --> archweb.bwk.tue.nl /fago/daylight/varbook/medium_pr E0V1o.jpg
2000.11.07 12:21 B E:\daylight\varbook\medium_pr\E0V2.jpg --> archweb.bwk.tue.nl /fago/daylight/varbook/medium_pr E0V2.jpg
2000.11.07 12:21 B E:\daylight\varbook\medium_pr\E0V2o.jpg --> archweb.bwk.tue.nl /fago/daylight/varbook/medium_pr E0V2o.jpg
2000.11.07 12:21 B E:\daylight\varbook\medium_pr\E0V4.jpg --> archweb.bwk.tue.nl /fago/daylight/varbook/medium_pr E0V4.jpg
2000.11.07 12:21 B E:\daylight\varbook\medium_pr\E0V4o.jpg --> archweb.bwk.tue.nl /fago/daylight/varbook/medium_pr E0V4o.jpg
2000.11.07 12:21 B E:\daylight\varbook\medium_pr\E3V1a.jpg --> archweb.bwk.tue.nl /fago/daylight/varbook/medium_pr E3V1a.jpg
2000.11.07 12:21 B E:\daylight\varbook\medium_pr\E3V1b.jpg --> archweb.bwk.tue.nl /fago/daylight/varbook/medium_pr E3V1b.jpg
2000.11.07 12:21 B E:\daylight\varbook\medium_pr\E3V1o.jpg --> archweb.bwk.tue.nl /fago/daylight/varbook/medium_pr E3V1o.jpg
2000.11.07 12:21 B E:\daylight\varbook\medium_pr\F0V1.jpg --> archweb.bwk.tue.nl /fago/daylight/varbook/medium_pr F0V1.jpg
2000.11.07 12:21 B E:\daylight\varbook\medium_pr\F0V1o.jpg --> archweb.bwk.tue.nl /fago/daylight/varbook/medium_pr F0V1o.jpg
2000.11.07 12:21 B E:\daylight\varbook\medium_pr\H2V1.jpg --> archweb.bwk.tue.nl /fago/daylight/varbook/medium_pr H2V1.jpg
2000.11.07 12:21 B E:\daylight\varbook\medium_pr\H2V1o.jpg --> archweb.bwk.tue.nl /fago/daylight/varbook/medium_pr H2V1o.jpg
2000.11.07 12:21 B E:\daylight\varbook\medium_pr\H2V2.jpg --> archweb.bwk.tue.nl /fago/daylight/varbook/medium_pr H2V2.jpg
2000.11.07 12:21 B E:\daylight\varbook\medium_pr\H2V2o.jpg --> archweb.bwk.tue.nl /fago/daylight/varbook/medium_pr H2V2o.jpg
2000.11.07 12:21 B E:\daylight\varbook\medium_pr\H2V3.jpg --> archweb.bwk.tue.nl /fago/daylight/varbook/medium_pr H2V3.jpg
2000.11.07 12:21 B E:\daylight\varbook\medium_pr\H2V3o.jpg --> archweb.bwk.tue.nl /fago/daylight/varbook/medium_pr H2V3o.jpg
2000.11.07 12:21 B E:\daylight\varbook\medium_pr\K3V1.jpg --> archweb.bwk.tue.nl /fago/daylight/varbook/medium_pr K3V1.jpg
2000.11.07 12:21 B E:\daylight\varbook\medium_pr\K3V1oa.jpg --> archweb.bwk.tue.nl /fago/daylight/varbook/medium_pr K3V1oa.jpg
2000.11.07 12:21 B E:\daylight\varbook\medium_pr\K3V1ob.jpg --> archweb.bwk.tue.nl /fago/daylight/varbook/medium_pr K3V1ob.jpg
2000.11.07 12:21 B E:\daylight\varbook\medium_pr\M3V1.jpg --> archweb.bwk.tue.nl /fago/daylight/varbook/medium_pr M3V1.jpg
2000.11.07 12:21 B E:\daylight\varbook\medium_pr\M3V1o.jpg --> archweb.bwk.tue.nl /fago/daylight/varbook/medium_pr M3V1o.jpg
2000.11.07 12:21 B E:\daylight\varbook\medium_pr\M3V2.jpg --> archweb.bwk.tue.nl /fago/daylight/varbook/medium_pr M3V2.jpg
2000.11.07 12:21 B E:\daylight\varbook\medium_pr\M3V2oa.jpg --> archweb.bwk.tue.nl /fago/daylight/varbook/medium_pr M3V2oa.jpg
2000.11.07 12:21 B E:\daylight\varbook\medium_pr\M3V2ob.jpg --> archweb.bwk.tue.nl /fago/daylight/varbook/medium_pr M3V2ob.jpg
2000.11.07 12:21 B E:\daylight\varbook\medium_pr\M3V3.jpg --> archweb.bwk.tue.nl /fago/daylight/varbook/medium_pr M3V3.jpg
2000.11.07 12:21 B E:\daylight\varbook\medium_pr\M3V3o.jpg --> archweb.bwk.tue.nl /fago/daylight/varbook/medium_pr M3V3o.jpg
2000.11.07 12:21 B E:\daylight\varbook\medium_pr\N1V1.jpg --> archweb.bwk.tue.nl /fago/daylight/varbook/medium_pr N1V1.jpg
2000.11.07 12:21 B E:\daylight\varbook\medium_pr\N1V1o.jpg --> archweb.bwk.tue.nl /fago/daylight/varbook/medium_pr N1V1o.jpg
2000.11.07 12:21 B E:\daylight\varbook\medium_pr\N1V2.jpg --> archweb.bwk.tue.nl /fago/daylight/varbook/medium_pr N1V2.jpg
2000.11.07 12:21 B E:\daylight\varbook\medium_pr\N1V2o.jpg --> archweb.bwk.tue.nl /fago/daylight/varbook/medium_pr N1V2o.jpg
2000.11.07 12:21 B E:\daylight\varbook\medium_pr\N1V4.jpg --> archweb.bwk.tue.nl /fago/daylight/varbook/medium_pr N1V4.jpg
2000.11.07 12:21 B E:\daylight\varbook\medium_pr\N1V4o.jpg --> archweb.bwk.tue.nl /fago/daylight/varbook/medium_pr N1V4o.jpg
2000.11.07 12:21 B E:\daylight\varbook\medium_pr\N1V4zonwering.jpg --> archweb.bwk.tue.nl /fago/daylight/varbook/medium_pr N1V4zonwering.jpg
2000.11.07 12:21 B E:\daylight\varbook\medium_pr\N1V5.jpg --> archweb.bwk.tue.nl /fago/daylight/varbook/medium_pr N1V5.jpg
2000.11.07 12:21 B E:\daylight\varbook\medium_pr\N1V5o.jpg --> archweb.bwk.tue.nl /fago/daylight/varbook/medium_pr N1V5o.jpg
2000.11.07 12:21 B E:\daylight\varbook\medium_pr\N1V7.jpg --> archweb.bwk.tue.nl /fago/daylight/varbook/medium_pr N1V7.jpg
2000.11.07 12:21 B E:\daylight\varbook\medium_pr\N1V7oa.jpg --> archweb.bwk.tue.nl /fago/daylight/varbook/medium_pr N1V7oa.jpg
2000.11.07 12:21 B E:\daylight\varbook\medium_pr\N1V7ob.jpg --> archweb.bwk.tue.nl /fago/daylight/varbook/medium_pr N1V7ob.jpg
2000.11.07 12:21 B E:\daylight\varbook\medium_pr\N2V1.jpg --> archweb.bwk.tue.nl /fago/daylight/varbook/medium_pr N2V1.jpg
2000.11.07 12:21 B E:\daylight\varbook\medium_pr\N2V1o.jpg --> archweb.bwk.tue.nl /fago/daylight/varbook/medium_pr N2V1o.jpg
2000.11.07 12:21 B E:\daylight\varbook\medium_pr\N2V2.jpg --> archweb.bwk.tue.nl /fago/daylight/varbook/medium_pr N2V2.jpg
2000.11.07 12:21 B E:\daylight\varbook\medium_pr\N2V2o.jpg --> archweb.bwk.tue.nl /fago/daylight/varbook/medium_pr N2V2o.jpg
2000.11.07 12:21 B E:\daylight\varbook\medium_pr\N3V1a.jpg --> archweb.bwk.tue.nl /fago/daylight/varbook/medium_pr N3V1a.jpg
2000.11.07 12:21 B E:\daylight\varbook\medium_pr\N3V1b.jpg --> archweb.bwk.tue.nl /fago/daylight/varbook/medium_pr N3V1b.jpg
2000.11.07 12:21 B E:\daylight\varbook\medium_pr\N3V1o.jpg --> archweb.bwk.tue.nl /fago/daylight/varbook/medium_pr N3V1o.jpg
2000.11.07 12:21 B E:\daylight\varbook\medium_pr\N3V2a.jpg --> archweb.bwk.tue.nl /fago/daylight/varbook/medium_pr N3V2a.jpg
2000.11.07 12:21 B E:\daylight\varbook\medium_pr\N3V2b.jpg --> archweb.bwk.tue.nl /fago/daylight/varbook/medium_pr N3V2b.jpg
2000.11.07 12:21 B E:\daylight\varbook\medium_pr\N3V2o.jpg --> archweb.bwk.tue.nl /fago/daylight/varbook/medium_pr N3V2o.jpg
2000.11.07 12:21 B E:\daylight\varbook\medium_pr\N3V3.jpg --> archweb.bwk.tue.nl /fago/daylight/varbook/medium_pr N3V3.jpg
2000.11.07 12:21 B E:\daylight\varbook\medium_pr\N3V3o.jpg --> archweb.bwk.tue.nl /fago/daylight/varbook/medium_pr N3V3o.jpg
2000.11.07 12:21 B E:\daylight\varbook\medium_pr\N4V1.jpg --> archweb.bwk.tue.nl /fago/daylight/varbook/medium_pr N4V1.jpg
2000.11.07 12:21 B E:\daylight\varbook\medium_pr\N4V1o.jpg --> archweb.bwk.tue.nl /fago/daylight/varbook/medium_pr N4V1o.jpg
2000.11.07 12:21 B E:\daylight\varbook\medium_pr\N4V2.jpg --> archweb.bwk.tue.nl /fago/daylight/varbook/medium_pr N4V2.jpg
2000.11.07 12:21 B E:\daylight\varbook\medium_pr\N4V2o.jpg --> archweb.bwk.tue.nl /fago/daylight/varbook/medium_pr N4V2o.jpg
2000.11.07 12:21 B E:\daylight\varbook\medium_pr\N4V3.jpg --> archweb.bwk.tue.nl /fago/daylight/varbook/medium_pr N4V3.jpg
2000.11.07 12:21 B E:\daylight\varbook\medium_pr\N4V3o.jpg --> archweb.bwk.tue.nl /fago/daylight/varbook/medium_pr N4V3o.jpg
2000.11.07 12:21 B E:\daylight\varbook\medium_pr\N4V4.jpg --> archweb.bwk.tue.nl /fago/daylight/varbook/medium_pr N4V4.jpg
2000.11.07 12:21 B E:\daylight\varbook\medium_pr\N4V4o.jpg --> archweb.bwk.tue.nl /fago/daylight/varbook/medium_pr N4V4o.jpg
2000.11.07 12:21 B E:\daylight\varbook\medium_pr\P3V1.jpg --> archweb.bwk.tue.nl /fago/daylight/varbook/medium_pr P3V1.jpg
2000.11.07 12:21 B E:\daylight\varbook\medium_pr\P3V1o.jpg --> archweb.bwk.tue.nl /fago/daylight/varbook/medium_pr P3V1o.jpg
2000.11.07 12:21 B E:\daylight\varbook\medium_pr\P3V2a.jpg --> archweb.bwk.tue.nl /fago/daylight/varbook/medium_pr P3V2a.jpg
2000.11.07 12:21 B E:\daylight\varbook\medium_pr\P3V2b.jpg --> archweb.bwk.tue.nl /fago/daylight/varbook/medium_pr P3V2b.jpg
2000.11.07 12:21 B E:\daylight\varbook\medium_pr\P3V2o.jpg --> archweb.bwk.tue.nl /fago/daylight/varbook/medium_pr P3V2o.jpg
2000.11.07 12:21 B E:\daylight\varbook\medium_pr\P3V3a.jpg --> archweb.bwk.tue.nl /fago/daylight/varbook/medium_pr P3V3a.jpg
2000.11.07 12:21 B E:\daylight\varbook\medium_pr\P3V3b.jpg --> archweb.bwk.tue.nl /fago/daylight/varbook/medium_pr P3V3b.jpg
2000.11.07 12:21 B E:\daylight\varbook\medium_pr\P3V3oa.jpg --> archweb.bwk.tue.nl /fago/daylight/varbook/medium_pr P3V3oa.jpg
2000.11.07 12:21 B E:\daylight\varbook\medium_pr\P3V3ob.jpg --> archweb.bwk.tue.nl /fago/daylight/varbook/medium_pr P3V3ob.jpg
2000.11.07 12:21 B E:\daylight\varbook\medium_pr\P3V4.jpg --> archweb.bwk.tue.nl /fago/daylight/varbook/medium_pr P3V4.jpg
2000.11.07 12:21 B E:\daylight\varbook\medium_pr\P3V4oa.jpg --> archweb.bwk.tue.nl /fago/daylight/varbook/medium_pr P3V4oa.jpg
2000.11.07 12:21 B E:\daylight\varbook\medium_pr\P3V4ob.jpg --> archweb.bwk.tue.nl /fago/daylight/varbook/medium_pr P3V4ob.jpg
2000.11.07 12:21 B E:\daylight\varbook\medium_pr\P3V7.jpg --> archweb.bwk.tue.nl /fago/daylight/varbook/medium_pr P3V7.jpg
2000.11.07 12:21 B E:\daylight\varbook\medium_pr\P3V7o.jpg --> archweb.bwk.tue.nl /fago/daylight/varbook/medium_pr P3V7o.jpg
2000.11.07 12:21 B E:\daylight\varbook\medium_pr\P3V8.jpg --> archweb.bwk.tue.nl /fago/daylight/varbook/medium_pr P3V8.jpg
2000.11.07 12:21 B E:\daylight\varbook\medium_pr\P3V8o.jpg --> archweb.bwk.tue.nl /fago/daylight/varbook/medium_pr P3V8o.jpg
2000.11.07 12:21 B E:\daylight\varbook\medium_pr\Q2V1a.jpg --> archweb.bwk.tue.nl /fago/daylight/varbook/medium_pr Q2V1a.jpg
2000.11.07 12:21 B E:\daylight\varbook\medium_pr\Q2V1b.jpg --> archweb.bwk.tue.nl /fago/daylight/varbook/medium_pr Q2V1b.jpg
2000.11.07 12:21 B E:\daylight\varbook\medium_pr\Q2V1o.jpg --> archweb.bwk.tue.nl /fago/daylight/varbook/medium_pr Q2V1o.jpg
2000.11.07 12:21 B E:\daylight\varbook\medium_pr\Q2V2.jpg --> archweb.bwk.tue.nl /fago/daylight/varbook/medium_pr Q2V2.jpg
2000.11.07 12:21 B E:\daylight\varbook\medium_pr\Q2V2o.jpg --> archweb.bwk.tue.nl /fago/daylight/varbook/medium_pr Q2V2o.jpg
2000.11.07 12:21 B E:\daylight\varbook\medium_pr\Q2V3.jpg --> archweb.bwk.tue.nl /fago/daylight/varbook/medium_pr Q2V3.jpg
2000.11.07 12:21 B E:\daylight\varbook\medium_pr\Q2V3o.jpg --> archweb.bwk.tue.nl /fago/daylight/varbook/medium_pr Q2V3o.jpg
2000.11.07 12:21 B E:\daylight\varbook\medium_pr\R3V1.jpg --> archweb.bwk.tue.nl /fago/daylight/varbook/medium_pr R3V1.jpg
2000.11.07 12:21 B E:\daylight\varbook\medium_pr\R3V1oa.jpg --> archweb.bwk.tue.nl /fago/daylight/varbook/medium_pr R3V1oa.jpg
2000.11.07 12:21 B E:\daylight\varbook\medium_pr\R3V1ob.jpg --> archweb.bwk.tue.nl /fago/daylight/varbook/medium_pr R3V1ob.jpg
2000.11.07 12:21 B E:\daylight\varbook\medium_pr\S0V1.jpg --> archweb.bwk.tue.nl /fago/daylight/varbook/medium_pr S0V1.jpg
2000.11.07 12:21 B E:\daylight\varbook\medium_pr\S0V1o.jpg --> archweb.bwk.tue.nl /fago/daylight/varbook/medium_pr S0V1o.jpg
2000.11.07 12:21 B E:\daylight\varbook\medium_pr\S0V2.jpg --> archweb.bwk.tue.nl /fago/daylight/varbook/medium_pr S0V2.jpg
2000.11.07 12:21 B E:\daylight\varbook\medium_pr\S0V2o.jpg --> archweb.bwk.tue.nl /fago/daylight/varbook/medium_pr S0V2o.jpg
2000.11.07 12:21 B E:\daylight\varbook\medium_pr\U0V1.jpg --> archweb.bwk.tue.nl /fago/daylight/varbook/medium_pr U0V1.jpg
2000.11.07 12:21 B E:\daylight\varbook\medium_pr\U0V1o.jpg --> archweb.bwk.tue.nl /fago/daylight/varbook/medium_pr U0V1o.jpg
2000.11.07 12:21 B E:\daylight\varbook\medium_pr\U0V1oa.jpg --> archweb.bwk.tue.nl /fago/daylight/varbook/medium_pr U0V1oa.jpg
2000.11.07 12:21 B E:\daylight\varbook\medium_pr\U0V2.jpg --> archweb.bwk.tue.nl /fago/daylight/varbook/medium_pr U0V2.jpg
2000.11.07 12:21 B E:\daylight\varbook\medium_pr\U0V2o.jpg --> archweb.bwk.tue.nl /fago/daylight/varbook/medium_pr U0V2o.jpg
2000.11.07 12:21 B E:\daylight\varbook\medium_pr\U2V1a.jpg --> archweb.bwk.tue.nl /fago/daylight/varbook/medium_pr U2V1a.jpg
2000.11.07 12:21 B E:\daylight\varbook\medium_pr\U2V1b.jpg --> archweb.bwk.tue.nl /fago/daylight/varbook/medium_pr U2V1b.jpg
2000.11.07 12:21 B E:\daylight\varbook\medium_pr\U2V1oa.jpg --> archweb.bwk.tue.nl /fago/daylight/varbook/medium_pr U2V1oa.jpg
2000.11.07 12:21 B E:\daylight\varbook\medium_pr\U2V1ob.jpg --> archweb.bwk.tue.nl /fago/daylight/varbook/medium_pr U2V1ob.jpg
2000.11.07 12:21 B E:\daylight\varbook\medium_pr\W1V1.jpg --> archweb.bwk.tue.nl /fago/daylight/varbook/medium_pr W1V1.jpg
2000.11.07 12:21 B E:\daylight\varbook\medium_pr\W1V1o.jpg --> archweb.bwk.tue.nl /fago/daylight/varbook/medium_pr W1V1o.jpg
2000.11.07 12:21 B E:\daylight\varbook\medium_pr\WS_FTP.LOG --> archweb.bwk.tue.nl /fago/daylight/varbook/medium_pr WS_FTP.LOG
2000.11.07 12:21 B E:\daylight\varbook\medium_pr\X3V1.jpg --> archweb.bwk.tue.nl /fago/daylight/varbook/medium_pr X3V1.jpg
2000.11.07 12:21 B E:\daylight\varbook\medium_pr\X3V1a.jpg --> archweb.bwk.tue.nl /fago/daylight/varbook/medium_pr X3V1a.jpg
2000.11.07 12:21 B E:\daylight\varbook\medium_pr\X3V2.jpg --> archweb.bwk.tue.nl /fago/daylight/varbook/medium_pr X3V2.jpg
2000.11.07 12:21 B E:\daylight\varbook\medium_pr\X3V2o.jpg --> archweb.bwk.tue.nl /fago/daylight/varbook/medium_pr X3V2o.jpg
2000.11.07 12:21 B E:\daylight\varbook\medium_pr\zwart-plafond.jpg --> archweb.bwk.tue.nl /fago/daylight/varbook/medium_pr zwart-plafond.jpg
