99.06.10 16:23 B E:\daylight\varianten_praktijk\test.html <-- bf10 /export/homebf10a/apache_1.3.0/share/htdocs/daylight/varianten_praktijk test.html
99.06.10 16:25 B E:\daylight\varianten_praktijk\test.html <-- bf10 /export/homebf10a/apache_1.3.0/share/htdocs/daylight/varianten_praktijk test.html
99.06.10 16:31 B E:\daylight\varianten_praktijk\nav1.html <-- bf10 /export/homebf10a/apache_1.3.0/share/htdocs/daylight/varianten_praktijk nav1.html
99.06.10 16:31 B E:\daylight\varianten_praktijk\praktijkvoorbeelden.html <-- bf10 /export/homebf10a/apache_1.3.0/share/htdocs/daylight/varianten_praktijk praktijkvoorbeelden.html
99.06.10 16:31 B E:\daylight\varianten_praktijk\test.html <-- bf10 /export/homebf10a/apache_1.3.0/share/htdocs/daylight/varianten_praktijk test.html
99.12.06 10:29 B E:\daylight\varianten_praktijk\A0main.html --> bf2.fago.bwk.tue.nl /export/homebf2c/jadi-1/backup_pc/daylight/varianten_praktijk A0main.html
99.12.06 10:29 B E:\daylight\varianten_praktijk\A0nav.html --> bf2.fago.bwk.tue.nl /export/homebf2c/jadi-1/backup_pc/daylight/varianten_praktijk A0nav.html
99.12.06 10:29 B E:\daylight\varianten_praktijk\A0set.html --> bf2.fago.bwk.tue.nl /export/homebf2c/jadi-1/backup_pc/daylight/varianten_praktijk A0set.html
99.12.06 10:29 B E:\daylight\varianten_praktijk\A1main.html --> bf2.fago.bwk.tue.nl /export/homebf2c/jadi-1/backup_pc/daylight/varianten_praktijk A1main.html
99.12.06 10:29 B E:\daylight\varianten_praktijk\A1nav.html --> bf2.fago.bwk.tue.nl /export/homebf2c/jadi-1/backup_pc/daylight/varianten_praktijk A1nav.html
99.12.06 10:29 B E:\daylight\varianten_praktijk\A1set.html --> bf2.fago.bwk.tue.nl /export/homebf2c/jadi-1/backup_pc/daylight/varianten_praktijk A1set.html
99.12.06 10:29 B E:\daylight\varianten_praktijk\A2main.html --> bf2.fago.bwk.tue.nl /export/homebf2c/jadi-1/backup_pc/daylight/varianten_praktijk A2main.html
99.12.06 10:29 B E:\daylight\varianten_praktijk\A2nav.html --> bf2.fago.bwk.tue.nl /export/homebf2c/jadi-1/backup_pc/daylight/varianten_praktijk A2nav.html
99.12.06 10:29 B E:\daylight\varianten_praktijk\A2set.html --> bf2.fago.bwk.tue.nl /export/homebf2c/jadi-1/backup_pc/daylight/varianten_praktijk A2set.html
99.12.06 10:29 B E:\daylight\varianten_praktijk\A3main.html --> bf2.fago.bwk.tue.nl /export/homebf2c/jadi-1/backup_pc/daylight/varianten_praktijk A3main.html
99.12.06 10:29 B E:\daylight\varianten_praktijk\A3nav.html --> bf2.fago.bwk.tue.nl /export/homebf2c/jadi-1/backup_pc/daylight/varianten_praktijk A3nav.html
99.12.06 10:29 B E:\daylight\varianten_praktijk\A3set.html --> bf2.fago.bwk.tue.nl /export/homebf2c/jadi-1/backup_pc/daylight/varianten_praktijk A3set.html
99.12.06 10:29 B E:\daylight\varianten_praktijk\A4main.html --> bf2.fago.bwk.tue.nl /export/homebf2c/jadi-1/backup_pc/daylight/varianten_praktijk A4main.html
99.12.06 10:29 B E:\daylight\varianten_praktijk\A4nav.html --> bf2.fago.bwk.tue.nl /export/homebf2c/jadi-1/backup_pc/daylight/varianten_praktijk A4nav.html
99.12.06 10:29 B E:\daylight\varianten_praktijk\A4set.html --> bf2.fago.bwk.tue.nl /export/homebf2c/jadi-1/backup_pc/daylight/varianten_praktijk A4set.html
99.12.06 10:29 B E:\daylight\varianten_praktijk\B1main.html --> bf2.fago.bwk.tue.nl /export/homebf2c/jadi-1/backup_pc/daylight/varianten_praktijk B1main.html
99.12.06 10:29 B E:\daylight\varianten_praktijk\B1nav.html --> bf2.fago.bwk.tue.nl /export/homebf2c/jadi-1/backup_pc/daylight/varianten_praktijk B1nav.html
99.12.06 10:29 B E:\daylight\varianten_praktijk\B1set.html --> bf2.fago.bwk.tue.nl /export/homebf2c/jadi-1/backup_pc/daylight/varianten_praktijk B1set.html
99.12.06 10:29 B E:\daylight\varianten_praktijk\B2main.html --> bf2.fago.bwk.tue.nl /export/homebf2c/jadi-1/backup_pc/daylight/varianten_praktijk B2main.html
99.12.06 10:29 B E:\daylight\varianten_praktijk\B2nav.html --> bf2.fago.bwk.tue.nl /export/homebf2c/jadi-1/backup_pc/daylight/varianten_praktijk B2nav.html
99.12.06 10:29 B E:\daylight\varianten_praktijk\B2set.html --> bf2.fago.bwk.tue.nl /export/homebf2c/jadi-1/backup_pc/daylight/varianten_praktijk B2set.html
99.12.06 10:29 B E:\daylight\varianten_praktijk\B3main.html --> bf2.fago.bwk.tue.nl /export/homebf2c/jadi-1/backup_pc/daylight/varianten_praktijk B3main.html
99.12.06 10:29 B E:\daylight\varianten_praktijk\B3nav.html --> bf2.fago.bwk.tue.nl /export/homebf2c/jadi-1/backup_pc/daylight/varianten_praktijk B3nav.html
99.12.06 10:29 B E:\daylight\varianten_praktijk\B3set.html --> bf2.fago.bwk.tue.nl /export/homebf2c/jadi-1/backup_pc/daylight/varianten_praktijk B3set.html
99.12.06 10:29 B E:\daylight\varianten_praktijk\C1main.html --> bf2.fago.bwk.tue.nl /export/homebf2c/jadi-1/backup_pc/daylight/varianten_praktijk C1main.html
99.12.06 10:29 B E:\daylight\varianten_praktijk\C1nav.html --> bf2.fago.bwk.tue.nl /export/homebf2c/jadi-1/backup_pc/daylight/varianten_praktijk C1nav.html
99.12.06 10:29 B E:\daylight\varianten_praktijk\C1set.html --> bf2.fago.bwk.tue.nl /export/homebf2c/jadi-1/backup_pc/daylight/varianten_praktijk C1set.html
99.12.06 10:29 B E:\daylight\varianten_praktijk\C2main.html --> bf2.fago.bwk.tue.nl /export/homebf2c/jadi-1/backup_pc/daylight/varianten_praktijk C2main.html
99.12.06 10:29 B E:\daylight\varianten_praktijk\C2nav.html --> bf2.fago.bwk.tue.nl /export/homebf2c/jadi-1/backup_pc/daylight/varianten_praktijk C2nav.html
99.12.06 10:29 B E:\daylight\varianten_praktijk\C2set.html --> bf2.fago.bwk.tue.nl /export/homebf2c/jadi-1/backup_pc/daylight/varianten_praktijk C2set.html
99.12.06 10:29 B E:\daylight\varianten_praktijk\C3main.html --> bf2.fago.bwk.tue.nl /export/homebf2c/jadi-1/backup_pc/daylight/varianten_praktijk C3main.html
99.12.06 10:29 B E:\daylight\varianten_praktijk\C3nav.html --> bf2.fago.bwk.tue.nl /export/homebf2c/jadi-1/backup_pc/daylight/varianten_praktijk C3nav.html
99.12.06 10:29 B E:\daylight\varianten_praktijk\C3set.html --> bf2.fago.bwk.tue.nl /export/homebf2c/jadi-1/backup_pc/daylight/varianten_praktijk C3set.html
99.12.06 10:29 B E:\daylight\varianten_praktijk\D2main.html --> bf2.fago.bwk.tue.nl /export/homebf2c/jadi-1/backup_pc/daylight/varianten_praktijk D2main.html
99.12.06 10:29 B E:\daylight\varianten_praktijk\D2nav.html --> bf2.fago.bwk.tue.nl /export/homebf2c/jadi-1/backup_pc/daylight/varianten_praktijk D2nav.html
99.12.06 10:29 B E:\daylight\varianten_praktijk\D2set.html --> bf2.fago.bwk.tue.nl /export/homebf2c/jadi-1/backup_pc/daylight/varianten_praktijk D2set.html
99.12.06 10:29 B E:\daylight\varianten_praktijk\E0main.html --> bf2.fago.bwk.tue.nl /export/homebf2c/jadi-1/backup_pc/daylight/varianten_praktijk E0main.html
99.12.06 10:29 B E:\daylight\varianten_praktijk\E0nav.html --> bf2.fago.bwk.tue.nl /export/homebf2c/jadi-1/backup_pc/daylight/varianten_praktijk E0nav.html
99.12.06 10:29 B E:\daylight\varianten_praktijk\E0set.html --> bf2.fago.bwk.tue.nl /export/homebf2c/jadi-1/backup_pc/daylight/varianten_praktijk E0set.html
99.12.06 10:29 B E:\daylight\varianten_praktijk\E1main.html --> bf2.fago.bwk.tue.nl /export/homebf2c/jadi-1/backup_pc/daylight/varianten_praktijk E1main.html
99.12.06 10:29 B E:\daylight\varianten_praktijk\E1nav.html --> bf2.fago.bwk.tue.nl /export/homebf2c/jadi-1/backup_pc/daylight/varianten_praktijk E1nav.html
99.12.06 10:29 B E:\daylight\varianten_praktijk\E1set.html --> bf2.fago.bwk.tue.nl /export/homebf2c/jadi-1/backup_pc/daylight/varianten_praktijk E1set.html
99.12.06 10:29 B E:\daylight\varianten_praktijk\E2main.html --> bf2.fago.bwk.tue.nl /export/homebf2c/jadi-1/backup_pc/daylight/varianten_praktijk E2main.html
99.12.06 10:29 B E:\daylight\varianten_praktijk\E2nav.html --> bf2.fago.bwk.tue.nl /export/homebf2c/jadi-1/backup_pc/daylight/varianten_praktijk E2nav.html
99.12.06 10:29 B E:\daylight\varianten_praktijk\E2set.html --> bf2.fago.bwk.tue.nl /export/homebf2c/jadi-1/backup_pc/daylight/varianten_praktijk E2set.html
99.12.06 10:29 B E:\daylight\varianten_praktijk\E3main.html --> bf2.fago.bwk.tue.nl /export/homebf2c/jadi-1/backup_pc/daylight/varianten_praktijk E3main.html
99.12.06 10:29 B E:\daylight\varianten_praktijk\E3nav.html --> bf2.fago.bwk.tue.nl /export/homebf2c/jadi-1/backup_pc/daylight/varianten_praktijk E3nav.html
99.12.06 10:29 B E:\daylight\varianten_praktijk\E3set.html --> bf2.fago.bwk.tue.nl /export/homebf2c/jadi-1/backup_pc/daylight/varianten_praktijk E3set.html
99.12.06 10:29 B E:\daylight\varianten_praktijk\F0main.html --> bf2.fago.bwk.tue.nl /export/homebf2c/jadi-1/backup_pc/daylight/varianten_praktijk F0main.html
99.12.06 10:29 B E:\daylight\varianten_praktijk\F0nav.html --> bf2.fago.bwk.tue.nl /export/homebf2c/jadi-1/backup_pc/daylight/varianten_praktijk F0nav.html
99.12.06 10:29 B E:\daylight\varianten_praktijk\F0set.html --> bf2.fago.bwk.tue.nl /export/homebf2c/jadi-1/backup_pc/daylight/varianten_praktijk F0set.html
99.12.06 10:29 B E:\daylight\varianten_praktijk\F2main.html --> bf2.fago.bwk.tue.nl /export/homebf2c/jadi-1/backup_pc/daylight/varianten_praktijk F2main.html
99.12.06 10:29 B E:\daylight\varianten_praktijk\F2nav.html --> bf2.fago.bwk.tue.nl /export/homebf2c/jadi-1/backup_pc/daylight/varianten_praktijk F2nav.html
99.12.06 10:29 B E:\daylight\varianten_praktijk\F2set.html --> bf2.fago.bwk.tue.nl /export/homebf2c/jadi-1/backup_pc/daylight/varianten_praktijk F2set.html
99.12.06 10:29 B E:\daylight\varianten_praktijk\G2main.html --> bf2.fago.bwk.tue.nl /export/homebf2c/jadi-1/backup_pc/daylight/varianten_praktijk G2main.html
99.12.06 10:29 B E:\daylight\varianten_praktijk\G2nav.html --> bf2.fago.bwk.tue.nl /export/homebf2c/jadi-1/backup_pc/daylight/varianten_praktijk G2nav.html
99.12.06 10:29 B E:\daylight\varianten_praktijk\G2set.html --> bf2.fago.bwk.tue.nl /export/homebf2c/jadi-1/backup_pc/daylight/varianten_praktijk G2set.html
99.12.06 10:29 B E:\daylight\varianten_praktijk\H2main.html --> bf2.fago.bwk.tue.nl /export/homebf2c/jadi-1/backup_pc/daylight/varianten_praktijk H2main.html
99.12.06 10:29 B E:\daylight\varianten_praktijk\H2nav.html --> bf2.fago.bwk.tue.nl /export/homebf2c/jadi-1/backup_pc/daylight/varianten_praktijk H2nav.html
99.12.06 10:29 B E:\daylight\varianten_praktijk\H2set.html --> bf2.fago.bwk.tue.nl /export/homebf2c/jadi-1/backup_pc/daylight/varianten_praktijk H2set.html
99.12.06 10:29 B E:\daylight\varianten_praktijk\K0main.html --> bf2.fago.bwk.tue.nl /export/homebf2c/jadi-1/backup_pc/daylight/varianten_praktijk K0main.html
99.12.06 10:29 B E:\daylight\varianten_praktijk\K0nav.html --> bf2.fago.bwk.tue.nl /export/homebf2c/jadi-1/backup_pc/daylight/varianten_praktijk K0nav.html
99.12.06 10:29 B E:\daylight\varianten_praktijk\K0set.html --> bf2.fago.bwk.tue.nl /export/homebf2c/jadi-1/backup_pc/daylight/varianten_praktijk K0set.html
99.12.06 10:29 B E:\daylight\varianten_praktijk\K1main.html --> bf2.fago.bwk.tue.nl /export/homebf2c/jadi-1/backup_pc/daylight/varianten_praktijk K1main.html
99.12.06 10:29 B E:\daylight\varianten_praktijk\K1nav.html --> bf2.fago.bwk.tue.nl /export/homebf2c/jadi-1/backup_pc/daylight/varianten_praktijk K1nav.html
99.12.06 10:29 B E:\daylight\varianten_praktijk\K1set.html --> bf2.fago.bwk.tue.nl /export/homebf2c/jadi-1/backup_pc/daylight/varianten_praktijk K1set.html
99.12.06 10:29 B E:\daylight\varianten_praktijk\K2main.html --> bf2.fago.bwk.tue.nl /export/homebf2c/jadi-1/backup_pc/daylight/varianten_praktijk K2main.html
99.12.06 10:29 B E:\daylight\varianten_praktijk\K2nav.html --> bf2.fago.bwk.tue.nl /export/homebf2c/jadi-1/backup_pc/daylight/varianten_praktijk K2nav.html
99.12.06 10:29 B E:\daylight\varianten_praktijk\K2set.html --> bf2.fago.bwk.tue.nl /export/homebf2c/jadi-1/backup_pc/daylight/varianten_praktijk K2set.html
99.12.06 10:29 B E:\daylight\varianten_praktijk\K3main.html --> bf2.fago.bwk.tue.nl /export/homebf2c/jadi-1/backup_pc/daylight/varianten_praktijk K3main.html
99.12.06 10:29 B E:\daylight\varianten_praktijk\K3nav.html --> bf2.fago.bwk.tue.nl /export/homebf2c/jadi-1/backup_pc/daylight/varianten_praktijk K3nav.html
99.12.06 10:29 B E:\daylight\varianten_praktijk\K3set.html --> bf2.fago.bwk.tue.nl /export/homebf2c/jadi-1/backup_pc/daylight/varianten_praktijk K3set.html
99.12.06 10:29 B E:\daylight\varianten_praktijk\L1main.html --> bf2.fago.bwk.tue.nl /export/homebf2c/jadi-1/backup_pc/daylight/varianten_praktijk L1main.html
99.12.06 10:29 B E:\daylight\varianten_praktijk\L1nav.html --> bf2.fago.bwk.tue.nl /export/homebf2c/jadi-1/backup_pc/daylight/varianten_praktijk L1nav.html
99.12.06 10:29 B E:\daylight\varianten_praktijk\L1set.html --> bf2.fago.bwk.tue.nl /export/homebf2c/jadi-1/backup_pc/daylight/varianten_praktijk L1set.html
99.12.06 10:29 B E:\daylight\varianten_praktijk\L2main.html --> bf2.fago.bwk.tue.nl /export/homebf2c/jadi-1/backup_pc/daylight/varianten_praktijk L2main.html
99.12.06 10:29 B E:\daylight\varianten_praktijk\L2nav.html --> bf2.fago.bwk.tue.nl /export/homebf2c/jadi-1/backup_pc/daylight/varianten_praktijk L2nav.html
99.12.06 10:29 B E:\daylight\varianten_praktijk\L2set.html --> bf2.fago.bwk.tue.nl /export/homebf2c/jadi-1/backup_pc/daylight/varianten_praktijk L2set.html
99.12.06 10:29 B E:\daylight\varianten_praktijk\L3main.html --> bf2.fago.bwk.tue.nl /export/homebf2c/jadi-1/backup_pc/daylight/varianten_praktijk L3main.html
99.12.06 10:29 B E:\daylight\varianten_praktijk\L3nav.html --> bf2.fago.bwk.tue.nl /export/homebf2c/jadi-1/backup_pc/daylight/varianten_praktijk L3nav.html
99.12.06 10:29 B E:\daylight\varianten_praktijk\L3set.html --> bf2.fago.bwk.tue.nl /export/homebf2c/jadi-1/backup_pc/daylight/varianten_praktijk L3set.html
99.12.06 10:29 B E:\daylight\varianten_praktijk\M2main.html --> bf2.fago.bwk.tue.nl /export/homebf2c/jadi-1/backup_pc/daylight/varianten_praktijk M2main.html
99.12.06 10:29 B E:\daylight\varianten_praktijk\M2nav.html --> bf2.fago.bwk.tue.nl /export/homebf2c/jadi-1/backup_pc/daylight/varianten_praktijk M2nav.html
99.12.06 10:29 B E:\daylight\varianten_praktijk\M2set.html --> bf2.fago.bwk.tue.nl /export/homebf2c/jadi-1/backup_pc/daylight/varianten_praktijk M2set.html
99.12.06 10:29 B E:\daylight\varianten_praktijk\M3main.html --> bf2.fago.bwk.tue.nl /export/homebf2c/jadi-1/backup_pc/daylight/varianten_praktijk M3main.html
99.12.06 10:29 B E:\daylight\varianten_praktijk\M3nav.html --> bf2.fago.bwk.tue.nl /export/homebf2c/jadi-1/backup_pc/daylight/varianten_praktijk M3nav.html
99.12.06 10:29 B E:\daylight\varianten_praktijk\M3set.html --> bf2.fago.bwk.tue.nl /export/homebf2c/jadi-1/backup_pc/daylight/varianten_praktijk M3set.html
99.12.06 10:29 B E:\daylight\varianten_praktijk\N0main.html --> bf2.fago.bwk.tue.nl /export/homebf2c/jadi-1/backup_pc/daylight/varianten_praktijk N0main.html
99.12.06 10:29 B E:\daylight\varianten_praktijk\N0nav.html --> bf2.fago.bwk.tue.nl /export/homebf2c/jadi-1/backup_pc/daylight/varianten_praktijk N0nav.html
99.12.06 10:29 B E:\daylight\varianten_praktijk\N0set.html --> bf2.fago.bwk.tue.nl /export/homebf2c/jadi-1/backup_pc/daylight/varianten_praktijk N0set.html
99.12.06 10:29 B E:\daylight\varianten_praktijk\N1main.html --> bf2.fago.bwk.tue.nl /export/homebf2c/jadi-1/backup_pc/daylight/varianten_praktijk N1main.html
99.12.06 10:29 B E:\daylight\varianten_praktijk\N1nav.html --> bf2.fago.bwk.tue.nl /export/homebf2c/jadi-1/backup_pc/daylight/varianten_praktijk N1nav.html
99.12.06 10:29 B E:\daylight\varianten_praktijk\N1set.html --> bf2.fago.bwk.tue.nl /export/homebf2c/jadi-1/backup_pc/daylight/varianten_praktijk N1set.html
99.12.06 10:29 B E:\daylight\varianten_praktijk\N2main.html --> bf2.fago.bwk.tue.nl /export/homebf2c/jadi-1/backup_pc/daylight/varianten_praktijk N2main.html
99.12.06 10:29 B E:\daylight\varianten_praktijk\N2nav.html --> bf2.fago.bwk.tue.nl /export/homebf2c/jadi-1/backup_pc/daylight/varianten_praktijk N2nav.html
99.12.06 10:29 B E:\daylight\varianten_praktijk\N2set.html --> bf2.fago.bwk.tue.nl /export/homebf2c/jadi-1/backup_pc/daylight/varianten_praktijk N2set.html
99.12.06 10:29 B E:\daylight\varianten_praktijk\N3main.html --> bf2.fago.bwk.tue.nl /export/homebf2c/jadi-1/backup_pc/daylight/varianten_praktijk N3main.html
99.12.06 10:29 B E:\daylight\varianten_praktijk\N3nav.html --> bf2.fago.bwk.tue.nl /export/homebf2c/jadi-1/backup_pc/daylight/varianten_praktijk N3nav.html
99.12.06 10:29 B E:\daylight\varianten_praktijk\N3set.html --> bf2.fago.bwk.tue.nl /export/homebf2c/jadi-1/backup_pc/daylight/varianten_praktijk N3set.html
99.12.06 10:29 B E:\daylight\varianten_praktijk\N4main.html --> bf2.fago.bwk.tue.nl /export/homebf2c/jadi-1/backup_pc/daylight/varianten_praktijk N4main.html
99.12.06 10:29 B E:\daylight\varianten_praktijk\N4nav.html --> bf2.fago.bwk.tue.nl /export/homebf2c/jadi-1/backup_pc/daylight/varianten_praktijk N4nav.html
99.12.06 10:29 B E:\daylight\varianten_praktijk\N4set.html --> bf2.fago.bwk.tue.nl /export/homebf2c/jadi-1/backup_pc/daylight/varianten_praktijk N4set.html
99.12.06 10:29 B E:\daylight\varianten_praktijk\P2main.html --> bf2.fago.bwk.tue.nl /export/homebf2c/jadi-1/backup_pc/daylight/varianten_praktijk P2main.html
99.12.06 10:29 B E:\daylight\varianten_praktijk\P2nav.html --> bf2.fago.bwk.tue.nl /export/homebf2c/jadi-1/backup_pc/daylight/varianten_praktijk P2nav.html
99.12.06 10:29 B E:\daylight\varianten_praktijk\P2set.html --> bf2.fago.bwk.tue.nl /export/homebf2c/jadi-1/backup_pc/daylight/varianten_praktijk P2set.html
99.12.06 10:29 B E:\daylight\varianten_praktijk\P3main.html --> bf2.fago.bwk.tue.nl /export/homebf2c/jadi-1/backup_pc/daylight/varianten_praktijk P3main.html
99.12.06 10:29 B E:\daylight\varianten_praktijk\P3nav.html --> bf2.fago.bwk.tue.nl /export/homebf2c/jadi-1/backup_pc/daylight/varianten_praktijk P3nav.html
99.12.06 10:29 B E:\daylight\varianten_praktijk\P3set.html --> bf2.fago.bwk.tue.nl /export/homebf2c/jadi-1/backup_pc/daylight/varianten_praktijk P3set.html
99.12.06 10:29 B E:\daylight\varianten_praktijk\Q2main.html --> bf2.fago.bwk.tue.nl /export/homebf2c/jadi-1/backup_pc/daylight/varianten_praktijk Q2main.html
99.12.06 10:29 B E:\daylight\varianten_praktijk\Q2nav.html --> bf2.fago.bwk.tue.nl /export/homebf2c/jadi-1/backup_pc/daylight/varianten_praktijk Q2nav.html
99.12.06 10:29 B E:\daylight\varianten_praktijk\Q2set.html --> bf2.fago.bwk.tue.nl /export/homebf2c/jadi-1/backup_pc/daylight/varianten_praktijk Q2set.html
99.12.06 10:29 B E:\daylight\varianten_praktijk\R0main.html --> bf2.fago.bwk.tue.nl /export/homebf2c/jadi-1/backup_pc/daylight/varianten_praktijk R0main.html
99.12.06 10:29 B E:\daylight\varianten_praktijk\R0nav.html --> bf2.fago.bwk.tue.nl /export/homebf2c/jadi-1/backup_pc/daylight/varianten_praktijk R0nav.html
99.12.06 10:29 B E:\daylight\varianten_praktijk\R0set.html --> bf2.fago.bwk.tue.nl /export/homebf2c/jadi-1/backup_pc/daylight/varianten_praktijk R0set.html
99.12.06 10:29 B E:\daylight\varianten_praktijk\R1main.html --> bf2.fago.bwk.tue.nl /export/homebf2c/jadi-1/backup_pc/daylight/varianten_praktijk R1main.html
99.12.06 10:29 B E:\daylight\varianten_praktijk\R1nav.html --> bf2.fago.bwk.tue.nl /export/homebf2c/jadi-1/backup_pc/daylight/varianten_praktijk R1nav.html
99.12.06 10:29 B E:\daylight\varianten_praktijk\R1set.html --> bf2.fago.bwk.tue.nl /export/homebf2c/jadi-1/backup_pc/daylight/varianten_praktijk R1set.html
99.12.06 10:29 B E:\daylight\varianten_praktijk\R2main.html --> bf2.fago.bwk.tue.nl /export/homebf2c/jadi-1/backup_pc/daylight/varianten_praktijk R2main.html
99.12.06 10:29 B E:\daylight\varianten_praktijk\R2nav.html --> bf2.fago.bwk.tue.nl /export/homebf2c/jadi-1/backup_pc/daylight/varianten_praktijk R2nav.html
99.12.06 10:29 B E:\daylight\varianten_praktijk\R2set.html --> bf2.fago.bwk.tue.nl /export/homebf2c/jadi-1/backup_pc/daylight/varianten_praktijk R2set.html
99.12.06 10:29 B E:\daylight\varianten_praktijk\R3main.html --> bf2.fago.bwk.tue.nl /export/homebf2c/jadi-1/backup_pc/daylight/varianten_praktijk R3main.html
99.12.06 10:29 B E:\daylight\varianten_praktijk\R3nav.html --> bf2.fago.bwk.tue.nl /export/homebf2c/jadi-1/backup_pc/daylight/varianten_praktijk R3nav.html
99.12.06 10:29 B E:\daylight\varianten_praktijk\R3set.html --> bf2.fago.bwk.tue.nl /export/homebf2c/jadi-1/backup_pc/daylight/varianten_praktijk R3set.html
99.12.06 10:29 B E:\daylight\varianten_praktijk\S0main.html --> bf2.fago.bwk.tue.nl /export/homebf2c/jadi-1/backup_pc/daylight/varianten_praktijk S0main.html
99.12.06 10:29 B E:\daylight\varianten_praktijk\S0nav.html --> bf2.fago.bwk.tue.nl /export/homebf2c/jadi-1/backup_pc/daylight/varianten_praktijk S0nav.html
99.12.06 10:29 B E:\daylight\varianten_praktijk\S0set.html --> bf2.fago.bwk.tue.nl /export/homebf2c/jadi-1/backup_pc/daylight/varianten_praktijk S0set.html
99.12.06 10:29 B E:\daylight\varianten_praktijk\T2main.html --> bf2.fago.bwk.tue.nl /export/homebf2c/jadi-1/backup_pc/daylight/varianten_praktijk T2main.html
99.12.06 10:29 B E:\daylight\varianten_praktijk\T2nav.html --> bf2.fago.bwk.tue.nl /export/homebf2c/jadi-1/backup_pc/daylight/varianten_praktijk T2nav.html
99.12.06 10:29 B E:\daylight\varianten_praktijk\T2set.html --> bf2.fago.bwk.tue.nl /export/homebf2c/jadi-1/backup_pc/daylight/varianten_praktijk T2set.html
99.12.06 10:29 B E:\daylight\varianten_praktijk\U0main.html --> bf2.fago.bwk.tue.nl /export/homebf2c/jadi-1/backup_pc/daylight/varianten_praktijk U0main.html
99.12.06 10:29 B E:\daylight\varianten_praktijk\U0nav.html --> bf2.fago.bwk.tue.nl /export/homebf2c/jadi-1/backup_pc/daylight/varianten_praktijk U0nav.html
99.12.06 10:29 B E:\daylight\varianten_praktijk\U0set.html --> bf2.fago.bwk.tue.nl /export/homebf2c/jadi-1/backup_pc/daylight/varianten_praktijk U0set.html
99.12.06 10:29 B E:\daylight\varianten_praktijk\U2main.html --> bf2.fago.bwk.tue.nl /export/homebf2c/jadi-1/backup_pc/daylight/varianten_praktijk U2main.html
99.12.06 10:29 B E:\daylight\varianten_praktijk\U2nav.html --> bf2.fago.bwk.tue.nl /export/homebf2c/jadi-1/backup_pc/daylight/varianten_praktijk U2nav.html
99.12.06 10:29 B E:\daylight\varianten_praktijk\U2set.html --> bf2.fago.bwk.tue.nl /export/homebf2c/jadi-1/backup_pc/daylight/varianten_praktijk U2set.html
99.12.06 10:29 B E:\daylight\varianten_praktijk\V0main.html --> bf2.fago.bwk.tue.nl /export/homebf2c/jadi-1/backup_pc/daylight/varianten_praktijk V0main.html
99.12.06 10:29 B E:\daylight\varianten_praktijk\V0nav.html --> bf2.fago.bwk.tue.nl /export/homebf2c/jadi-1/backup_pc/daylight/varianten_praktijk V0nav.html
99.12.06 10:29 B E:\daylight\varianten_praktijk\V0set.html --> bf2.fago.bwk.tue.nl /export/homebf2c/jadi-1/backup_pc/daylight/varianten_praktijk V0set.html
99.12.06 10:29 B E:\daylight\varianten_praktijk\V1main.html --> bf2.fago.bwk.tue.nl /export/homebf2c/jadi-1/backup_pc/daylight/varianten_praktijk V1main.html
99.12.06 10:29 B E:\daylight\varianten_praktijk\V1nav.html --> bf2.fago.bwk.tue.nl /export/homebf2c/jadi-1/backup_pc/daylight/varianten_praktijk V1nav.html
99.12.06 10:29 B E:\daylight\varianten_praktijk\V1set.html --> bf2.fago.bwk.tue.nl /export/homebf2c/jadi-1/backup_pc/daylight/varianten_praktijk V1set.html
99.12.06 10:29 B E:\daylight\varianten_praktijk\V2main.html --> bf2.fago.bwk.tue.nl /export/homebf2c/jadi-1/backup_pc/daylight/varianten_praktijk V2main.html
99.12.06 10:29 B E:\daylight\varianten_praktijk\V2nav.html --> bf2.fago.bwk.tue.nl /export/homebf2c/jadi-1/backup_pc/daylight/varianten_praktijk V2nav.html
99.12.06 10:29 B E:\daylight\varianten_praktijk\V2set.html --> bf2.fago.bwk.tue.nl /export/homebf2c/jadi-1/backup_pc/daylight/varianten_praktijk V2set.html
99.12.06 10:29 B E:\daylight\varianten_praktijk\W1main.html --> bf2.fago.bwk.tue.nl /export/homebf2c/jadi-1/backup_pc/daylight/varianten_praktijk W1main.html
99.12.06 10:29 B E:\daylight\varianten_praktijk\W1nav.html --> bf2.fago.bwk.tue.nl /export/homebf2c/jadi-1/backup_pc/daylight/varianten_praktijk W1nav.html
99.12.06 10:29 B E:\daylight\varianten_praktijk\W1set.html --> bf2.fago.bwk.tue.nl /export/homebf2c/jadi-1/backup_pc/daylight/varianten_praktijk W1set.html
99.12.06 10:29 B E:\daylight\varianten_praktijk\W2main.html --> bf2.fago.bwk.tue.nl /export/homebf2c/jadi-1/backup_pc/daylight/varianten_praktijk W2main.html
99.12.06 10:29 B E:\daylight\varianten_praktijk\W2nav.html --> bf2.fago.bwk.tue.nl /export/homebf2c/jadi-1/backup_pc/daylight/varianten_praktijk W2nav.html
99.12.06 10:29 B E:\daylight\varianten_praktijk\W2set.html --> bf2.fago.bwk.tue.nl /export/homebf2c/jadi-1/backup_pc/daylight/varianten_praktijk W2set.html
99.12.06 10:29 B E:\daylight\varianten_praktijk\W3main.html --> bf2.fago.bwk.tue.nl /export/homebf2c/jadi-1/backup_pc/daylight/varianten_praktijk W3main.html
99.12.06 10:29 B E:\daylight\varianten_praktijk\W3nav.html --> bf2.fago.bwk.tue.nl /export/homebf2c/jadi-1/backup_pc/daylight/varianten_praktijk W3nav.html
99.12.06 10:29 B E:\daylight\varianten_praktijk\W3set.html --> bf2.fago.bwk.tue.nl /export/homebf2c/jadi-1/backup_pc/daylight/varianten_praktijk W3set.html
99.12.06 10:29 B E:\daylight\varianten_praktijk\WS_FTP.LOG --> bf2.fago.bwk.tue.nl /export/homebf2c/jadi-1/backup_pc/daylight/varianten_praktijk WS_FTP.LOG
99.12.06 10:29 B E:\daylight\varianten_praktijk\X3main.html --> bf2.fago.bwk.tue.nl /export/homebf2c/jadi-1/backup_pc/daylight/varianten_praktijk X3main.html
99.12.06 10:29 B E:\daylight\varianten_praktijk\X3nav.html --> bf2.fago.bwk.tue.nl /export/homebf2c/jadi-1/backup_pc/daylight/varianten_praktijk X3nav.html
99.12.06 10:29 B E:\daylight\varianten_praktijk\X3set.html --> bf2.fago.bwk.tue.nl /export/homebf2c/jadi-1/backup_pc/daylight/varianten_praktijk X3set.html
2000.11.07 12:23 B E:\daylight\varbook\varianten_praktijk\A0main.html --> archweb.bwk.tue.nl /fago/daylight/varbook/varianten_praktijk A0main.html
2000.11.07 12:23 B E:\daylight\varbook\varianten_praktijk\A0nav.html --> archweb.bwk.tue.nl /fago/daylight/varbook/varianten_praktijk A0nav.html
2000.11.07 12:23 B E:\daylight\varbook\varianten_praktijk\A0set.html --> archweb.bwk.tue.nl /fago/daylight/varbook/varianten_praktijk A0set.html
2000.11.07 12:23 B E:\daylight\varbook\varianten_praktijk\A1main.html --> archweb.bwk.tue.nl /fago/daylight/varbook/varianten_praktijk A1main.html
2000.11.07 12:23 B E:\daylight\varbook\varianten_praktijk\A1nav.html --> archweb.bwk.tue.nl /fago/daylight/varbook/varianten_praktijk A1nav.html
2000.11.07 12:23 B E:\daylight\varbook\varianten_praktijk\A1set.html --> archweb.bwk.tue.nl /fago/daylight/varbook/varianten_praktijk A1set.html
2000.11.07 12:23 B E:\daylight\varbook\varianten_praktijk\A2main.html --> archweb.bwk.tue.nl /fago/daylight/varbook/varianten_praktijk A2main.html
2000.11.07 12:23 B E:\daylight\varbook\varianten_praktijk\A2nav.html --> archweb.bwk.tue.nl /fago/daylight/varbook/varianten_praktijk A2nav.html
2000.11.07 12:23 B E:\daylight\varbook\varianten_praktijk\A2set.html --> archweb.bwk.tue.nl /fago/daylight/varbook/varianten_praktijk A2set.html
2000.11.07 12:23 B E:\daylight\varbook\varianten_praktijk\A3main.html --> archweb.bwk.tue.nl /fago/daylight/varbook/varianten_praktijk A3main.html
2000.11.07 12:23 B E:\daylight\varbook\varianten_praktijk\A3nav.html --> archweb.bwk.tue.nl /fago/daylight/varbook/varianten_praktijk A3nav.html
2000.11.07 12:23 B E:\daylight\varbook\varianten_praktijk\A3set.html --> archweb.bwk.tue.nl /fago/daylight/varbook/varianten_praktijk A3set.html
2000.11.07 12:23 B E:\daylight\varbook\varianten_praktijk\A4main.html --> archweb.bwk.tue.nl /fago/daylight/varbook/varianten_praktijk A4main.html
2000.11.07 12:23 B E:\daylight\varbook\varianten_praktijk\A4nav.html --> archweb.bwk.tue.nl /fago/daylight/varbook/varianten_praktijk A4nav.html
2000.11.07 12:23 B E:\daylight\varbook\varianten_praktijk\A4set.html --> archweb.bwk.tue.nl /fago/daylight/varbook/varianten_praktijk A4set.html
2000.11.07 12:23 B E:\daylight\varbook\varianten_praktijk\B1main.html --> archweb.bwk.tue.nl /fago/daylight/varbook/varianten_praktijk B1main.html
2000.11.07 12:23 B E:\daylight\varbook\varianten_praktijk\B1nav.html --> archweb.bwk.tue.nl /fago/daylight/varbook/varianten_praktijk B1nav.html
2000.11.07 12:23 B E:\daylight\varbook\varianten_praktijk\B1set.html --> archweb.bwk.tue.nl /fago/daylight/varbook/varianten_praktijk B1set.html
2000.11.07 12:23 B E:\daylight\varbook\varianten_praktijk\B2main.html --> archweb.bwk.tue.nl /fago/daylight/varbook/varianten_praktijk B2main.html
2000.11.07 12:23 B E:\daylight\varbook\varianten_praktijk\B2nav.html --> archweb.bwk.tue.nl /fago/daylight/varbook/varianten_praktijk B2nav.html
2000.11.07 12:23 B E:\daylight\varbook\varianten_praktijk\B2set.html --> archweb.bwk.tue.nl /fago/daylight/varbook/varianten_praktijk B2set.html
2000.11.07 12:23 B E:\daylight\varbook\varianten_praktijk\B3main.html --> archweb.bwk.tue.nl /fago/daylight/varbook/varianten_praktijk B3main.html
2000.11.07 12:23 B E:\daylight\varbook\varianten_praktijk\B3nav.html --> archweb.bwk.tue.nl /fago/daylight/varbook/varianten_praktijk B3nav.html
2000.11.07 12:23 B E:\daylight\varbook\varianten_praktijk\B3set.html --> archweb.bwk.tue.nl /fago/daylight/varbook/varianten_praktijk B3set.html
2000.11.07 12:23 B E:\daylight\varbook\varianten_praktijk\C1main.html --> archweb.bwk.tue.nl /fago/daylight/varbook/varianten_praktijk C1main.html
2000.11.07 12:23 B E:\daylight\varbook\varianten_praktijk\C1nav.html --> archweb.bwk.tue.nl /fago/daylight/varbook/varianten_praktijk C1nav.html
2000.11.07 12:23 B E:\daylight\varbook\varianten_praktijk\C1set.html --> archweb.bwk.tue.nl /fago/daylight/varbook/varianten_praktijk C1set.html
2000.11.07 12:23 B E:\daylight\varbook\varianten_praktijk\C2main.html --> archweb.bwk.tue.nl /fago/daylight/varbook/varianten_praktijk C2main.html
2000.11.07 12:23 B E:\daylight\varbook\varianten_praktijk\C2nav.html --> archweb.bwk.tue.nl /fago/daylight/varbook/varianten_praktijk C2nav.html
2000.11.07 12:23 B E:\daylight\varbook\varianten_praktijk\C2set.html --> archweb.bwk.tue.nl /fago/daylight/varbook/varianten_praktijk C2set.html
2000.11.07 12:23 B E:\daylight\varbook\varianten_praktijk\C3main.html --> archweb.bwk.tue.nl /fago/daylight/varbook/varianten_praktijk C3main.html
2000.11.07 12:23 B E:\daylight\varbook\varianten_praktijk\C3nav.html --> archweb.bwk.tue.nl /fago/daylight/varbook/varianten_praktijk C3nav.html
2000.11.07 12:23 B E:\daylight\varbook\varianten_praktijk\C3set.html --> archweb.bwk.tue.nl /fago/daylight/varbook/varianten_praktijk C3set.html
2000.11.07 12:23 B E:\daylight\varbook\varianten_praktijk\D2main.html --> archweb.bwk.tue.nl /fago/daylight/varbook/varianten_praktijk D2main.html
2000.11.07 12:23 B E:\daylight\varbook\varianten_praktijk\D2nav.html --> archweb.bwk.tue.nl /fago/daylight/varbook/varianten_praktijk D2nav.html
2000.11.07 12:23 B E:\daylight\varbook\varianten_praktijk\D2set.html --> archweb.bwk.tue.nl /fago/daylight/varbook/varianten_praktijk D2set.html
2000.11.07 12:23 B E:\daylight\varbook\varianten_praktijk\E0main.html --> archweb.bwk.tue.nl /fago/daylight/varbook/varianten_praktijk E0main.html
2000.11.07 12:23 B E:\daylight\varbook\varianten_praktijk\E0nav.html --> archweb.bwk.tue.nl /fago/daylight/varbook/varianten_praktijk E0nav.html
2000.11.07 12:23 B E:\daylight\varbook\varianten_praktijk\E0set.html --> archweb.bwk.tue.nl /fago/daylight/varbook/varianten_praktijk E0set.html
2000.11.07 12:23 B E:\daylight\varbook\varianten_praktijk\E1main.html --> archweb.bwk.tue.nl /fago/daylight/varbook/varianten_praktijk E1main.html
2000.11.07 12:23 B E:\daylight\varbook\varianten_praktijk\E1nav.html --> archweb.bwk.tue.nl /fago/daylight/varbook/varianten_praktijk E1nav.html
2000.11.07 12:23 B E:\daylight\varbook\varianten_praktijk\E1set.html --> archweb.bwk.tue.nl /fago/daylight/varbook/varianten_praktijk E1set.html
2000.11.07 12:23 B E:\daylight\varbook\varianten_praktijk\E2main.html --> archweb.bwk.tue.nl /fago/daylight/varbook/varianten_praktijk E2main.html
2000.11.07 12:23 B E:\daylight\varbook\varianten_praktijk\E2nav.html --> archweb.bwk.tue.nl /fago/daylight/varbook/varianten_praktijk E2nav.html
2000.11.07 12:23 B E:\daylight\varbook\varianten_praktijk\E2set.html --> archweb.bwk.tue.nl /fago/daylight/varbook/varianten_praktijk E2set.html
2000.11.07 12:23 B E:\daylight\varbook\varianten_praktijk\E3main.html --> archweb.bwk.tue.nl /fago/daylight/varbook/varianten_praktijk E3main.html
2000.11.07 12:23 B E:\daylight\varbook\varianten_praktijk\E3nav.html --> archweb.bwk.tue.nl /fago/daylight/varbook/varianten_praktijk E3nav.html
2000.11.07 12:23 B E:\daylight\varbook\varianten_praktijk\E3set.html --> archweb.bwk.tue.nl /fago/daylight/varbook/varianten_praktijk E3set.html
2000.11.07 12:23 B E:\daylight\varbook\varianten_praktijk\F0main.html --> archweb.bwk.tue.nl /fago/daylight/varbook/varianten_praktijk F0main.html
2000.11.07 12:23 B E:\daylight\varbook\varianten_praktijk\F0nav.html --> archweb.bwk.tue.nl /fago/daylight/varbook/varianten_praktijk F0nav.html
2000.11.07 12:23 B E:\daylight\varbook\varianten_praktijk\F0set.html --> archweb.bwk.tue.nl /fago/daylight/varbook/varianten_praktijk F0set.html
2000.11.07 12:23 B E:\daylight\varbook\varianten_praktijk\F2main.html --> archweb.bwk.tue.nl /fago/daylight/varbook/varianten_praktijk F2main.html
2000.11.07 12:23 B E:\daylight\varbook\varianten_praktijk\F2nav.html --> archweb.bwk.tue.nl /fago/daylight/varbook/varianten_praktijk F2nav.html
2000.11.07 12:23 B E:\daylight\varbook\varianten_praktijk\F2set.html --> archweb.bwk.tue.nl /fago/daylight/varbook/varianten_praktijk F2set.html
2000.11.07 12:23 B E:\daylight\varbook\varianten_praktijk\G2main.html --> archweb.bwk.tue.nl /fago/daylight/varbook/varianten_praktijk G2main.html
2000.11.07 12:23 B E:\daylight\varbook\varianten_praktijk\G2nav.html --> archweb.bwk.tue.nl /fago/daylight/varbook/varianten_praktijk G2nav.html
2000.11.07 12:23 B E:\daylight\varbook\varianten_praktijk\G2set.html --> archweb.bwk.tue.nl /fago/daylight/varbook/varianten_praktijk G2set.html
2000.11.07 12:23 B E:\daylight\varbook\varianten_praktijk\H2main.html --> archweb.bwk.tue.nl /fago/daylight/varbook/varianten_praktijk H2main.html
2000.11.07 12:23 B E:\daylight\varbook\varianten_praktijk\H2nav.html --> archweb.bwk.tue.nl /fago/daylight/varbook/varianten_praktijk H2nav.html
2000.11.07 12:23 B E:\daylight\varbook\varianten_praktijk\H2set.html --> archweb.bwk.tue.nl /fago/daylight/varbook/varianten_praktijk H2set.html
2000.11.07 12:23 B E:\daylight\varbook\varianten_praktijk\K0main.html --> archweb.bwk.tue.nl /fago/daylight/varbook/varianten_praktijk K0main.html
2000.11.07 12:23 B E:\daylight\varbook\varianten_praktijk\K0nav.html --> archweb.bwk.tue.nl /fago/daylight/varbook/varianten_praktijk K0nav.html
2000.11.07 12:23 B E:\daylight\varbook\varianten_praktijk\K0set.html --> archweb.bwk.tue.nl /fago/daylight/varbook/varianten_praktijk K0set.html
2000.11.07 12:23 B E:\daylight\varbook\varianten_praktijk\K1main.html --> archweb.bwk.tue.nl /fago/daylight/varbook/varianten_praktijk K1main.html
2000.11.07 12:23 B E:\daylight\varbook\varianten_praktijk\K1nav.html --> archweb.bwk.tue.nl /fago/daylight/varbook/varianten_praktijk K1nav.html
2000.11.07 12:23 B E:\daylight\varbook\varianten_praktijk\K1set.html --> archweb.bwk.tue.nl /fago/daylight/varbook/varianten_praktijk K1set.html
2000.11.07 12:23 B E:\daylight\varbook\varianten_praktijk\K2main.html --> archweb.bwk.tue.nl /fago/daylight/varbook/varianten_praktijk K2main.html
2000.11.07 12:23 B E:\daylight\varbook\varianten_praktijk\K2nav.html --> archweb.bwk.tue.nl /fago/daylight/varbook/varianten_praktijk K2nav.html
2000.11.07 12:23 B E:\daylight\varbook\varianten_praktijk\K2set.html --> archweb.bwk.tue.nl /fago/daylight/varbook/varianten_praktijk K2set.html
2000.11.07 12:23 B E:\daylight\varbook\varianten_praktijk\K3main.html --> archweb.bwk.tue.nl /fago/daylight/varbook/varianten_praktijk K3main.html
2000.11.07 12:23 B E:\daylight\varbook\varianten_praktijk\K3nav.html --> archweb.bwk.tue.nl /fago/daylight/varbook/varianten_praktijk K3nav.html
2000.11.07 12:23 B E:\daylight\varbook\varianten_praktijk\K3set.html --> archweb.bwk.tue.nl /fago/daylight/varbook/varianten_praktijk K3set.html
2000.11.07 12:23 B E:\daylight\varbook\varianten_praktijk\L1main.html --> archweb.bwk.tue.nl /fago/daylight/varbook/varianten_praktijk L1main.html
2000.11.07 12:23 B E:\daylight\varbook\varianten_praktijk\L1nav.html --> archweb.bwk.tue.nl /fago/daylight/varbook/varianten_praktijk L1nav.html
2000.11.07 12:23 B E:\daylight\varbook\varianten_praktijk\L1set.html --> archweb.bwk.tue.nl /fago/daylight/varbook/varianten_praktijk L1set.html
2000.11.07 12:23 B E:\daylight\varbook\varianten_praktijk\L2main.html --> archweb.bwk.tue.nl /fago/daylight/varbook/varianten_praktijk L2main.html
2000.11.07 12:23 B E:\daylight\varbook\varianten_praktijk\L2nav.html --> archweb.bwk.tue.nl /fago/daylight/varbook/varianten_praktijk L2nav.html
2000.11.07 12:23 B E:\daylight\varbook\varianten_praktijk\L2set.html --> archweb.bwk.tue.nl /fago/daylight/varbook/varianten_praktijk L2set.html
2000.11.07 12:23 B E:\daylight\varbook\varianten_praktijk\L3main.html --> archweb.bwk.tue.nl /fago/daylight/varbook/varianten_praktijk L3main.html
2000.11.07 12:23 B E:\daylight\varbook\varianten_praktijk\L3nav.html --> archweb.bwk.tue.nl /fago/daylight/varbook/varianten_praktijk L3nav.html
2000.11.07 12:23 B E:\daylight\varbook\varianten_praktijk\L3set.html --> archweb.bwk.tue.nl /fago/daylight/varbook/varianten_praktijk L3set.html
2000.11.07 12:23 B E:\daylight\varbook\varianten_praktijk\M2main.html --> archweb.bwk.tue.nl /fago/daylight/varbook/varianten_praktijk M2main.html
2000.11.07 12:23 B E:\daylight\varbook\varianten_praktijk\M2nav.html --> archweb.bwk.tue.nl /fago/daylight/varbook/varianten_praktijk M2nav.html
2000.11.07 12:23 B E:\daylight\varbook\varianten_praktijk\M2set.html --> archweb.bwk.tue.nl /fago/daylight/varbook/varianten_praktijk M2set.html
2000.11.07 12:23 B E:\daylight\varbook\varianten_praktijk\M3main.html --> archweb.bwk.tue.nl /fago/daylight/varbook/varianten_praktijk M3main.html
2000.11.07 12:23 B E:\daylight\varbook\varianten_praktijk\M3nav.html --> archweb.bwk.tue.nl /fago/daylight/varbook/varianten_praktijk M3nav.html
2000.11.07 12:23 B E:\daylight\varbook\varianten_praktijk\M3set.html --> archweb.bwk.tue.nl /fago/daylight/varbook/varianten_praktijk M3set.html
2000.11.07 12:23 B E:\daylight\varbook\varianten_praktijk\N0main.html --> archweb.bwk.tue.nl /fago/daylight/varbook/varianten_praktijk N0main.html
2000.11.07 12:23 B E:\daylight\varbook\varianten_praktijk\N0nav.html --> archweb.bwk.tue.nl /fago/daylight/varbook/varianten_praktijk N0nav.html
2000.11.07 12:23 B E:\daylight\varbook\varianten_praktijk\N0set.html --> archweb.bwk.tue.nl /fago/daylight/varbook/varianten_praktijk N0set.html
2000.11.07 12:23 B E:\daylight\varbook\varianten_praktijk\N1main.html --> archweb.bwk.tue.nl /fago/daylight/varbook/varianten_praktijk N1main.html
2000.11.07 12:23 B E:\daylight\varbook\varianten_praktijk\N1nav.html --> archweb.bwk.tue.nl /fago/daylight/varbook/varianten_praktijk N1nav.html
2000.11.07 12:23 B E:\daylight\varbook\varianten_praktijk\N1set.html --> archweb.bwk.tue.nl /fago/daylight/varbook/varianten_praktijk N1set.html
2000.11.07 12:23 B E:\daylight\varbook\varianten_praktijk\N2main.html --> archweb.bwk.tue.nl /fago/daylight/varbook/varianten_praktijk N2main.html
2000.11.07 12:23 B E:\daylight\varbook\varianten_praktijk\N2nav.html --> archweb.bwk.tue.nl /fago/daylight/varbook/varianten_praktijk N2nav.html
2000.11.07 12:23 B E:\daylight\varbook\varianten_praktijk\N2set.html --> archweb.bwk.tue.nl /fago/daylight/varbook/varianten_praktijk N2set.html
2000.11.07 12:23 B E:\daylight\varbook\varianten_praktijk\N3main.html --> archweb.bwk.tue.nl /fago/daylight/varbook/varianten_praktijk N3main.html
2000.11.07 12:23 B E:\daylight\varbook\varianten_praktijk\N3nav.html --> archweb.bwk.tue.nl /fago/daylight/varbook/varianten_praktijk N3nav.html
2000.11.07 12:23 B E:\daylight\varbook\varianten_praktijk\N3set.html --> archweb.bwk.tue.nl /fago/daylight/varbook/varianten_praktijk N3set.html
2000.11.07 12:23 B E:\daylight\varbook\varianten_praktijk\N4main.html --> archweb.bwk.tue.nl /fago/daylight/varbook/varianten_praktijk N4main.html
2000.11.07 12:23 B E:\daylight\varbook\varianten_praktijk\N4nav.html --> archweb.bwk.tue.nl /fago/daylight/varbook/varianten_praktijk N4nav.html
2000.11.07 12:23 B E:\daylight\varbook\varianten_praktijk\N4set.html --> archweb.bwk.tue.nl /fago/daylight/varbook/varianten_praktijk N4set.html
2000.11.07 12:23 B E:\daylight\varbook\varianten_praktijk\P2main.html --> archweb.bwk.tue.nl /fago/daylight/varbook/varianten_praktijk P2main.html
2000.11.07 12:23 B E:\daylight\varbook\varianten_praktijk\P2nav.html --> archweb.bwk.tue.nl /fago/daylight/varbook/varianten_praktijk P2nav.html
2000.11.07 12:23 B E:\daylight\varbook\varianten_praktijk\P2set.html --> archweb.bwk.tue.nl /fago/daylight/varbook/varianten_praktijk P2set.html
2000.11.07 12:23 B E:\daylight\varbook\varianten_praktijk\P3main.html --> archweb.bwk.tue.nl /fago/daylight/varbook/varianten_praktijk P3main.html
2000.11.07 12:23 B E:\daylight\varbook\varianten_praktijk\P3nav.html --> archweb.bwk.tue.nl /fago/daylight/varbook/varianten_praktijk P3nav.html
2000.11.07 12:23 B E:\daylight\varbook\varianten_praktijk\P3set.html --> archweb.bwk.tue.nl /fago/daylight/varbook/varianten_praktijk P3set.html
2000.11.07 12:23 B E:\daylight\varbook\varianten_praktijk\Q2main.html --> archweb.bwk.tue.nl /fago/daylight/varbook/varianten_praktijk Q2main.html
2000.11.07 12:23 B E:\daylight\varbook\varianten_praktijk\Q2nav.html --> archweb.bwk.tue.nl /fago/daylight/varbook/varianten_praktijk Q2nav.html
2000.11.07 12:23 B E:\daylight\varbook\varianten_praktijk\Q2set.html --> archweb.bwk.tue.nl /fago/daylight/varbook/varianten_praktijk Q2set.html
2000.11.07 12:23 B E:\daylight\varbook\varianten_praktijk\R0main.html --> archweb.bwk.tue.nl /fago/daylight/varbook/varianten_praktijk R0main.html
2000.11.07 12:23 B E:\daylight\varbook\varianten_praktijk\R0nav.html --> archweb.bwk.tue.nl /fago/daylight/varbook/varianten_praktijk R0nav.html
2000.11.07 12:23 B E:\daylight\varbook\varianten_praktijk\R0set.html --> archweb.bwk.tue.nl /fago/daylight/varbook/varianten_praktijk R0set.html
2000.11.07 12:23 B E:\daylight\varbook\varianten_praktijk\R1main.html --> archweb.bwk.tue.nl /fago/daylight/varbook/varianten_praktijk R1main.html
2000.11.07 12:23 B E:\daylight\varbook\varianten_praktijk\R1nav.html --> archweb.bwk.tue.nl /fago/daylight/varbook/varianten_praktijk R1nav.html
2000.11.07 12:23 B E:\daylight\varbook\varianten_praktijk\R1set.html --> archweb.bwk.tue.nl /fago/daylight/varbook/varianten_praktijk R1set.html
2000.11.07 12:23 B E:\daylight\varbook\varianten_praktijk\R2main.html --> archweb.bwk.tue.nl /fago/daylight/varbook/varianten_praktijk R2main.html
2000.11.07 12:23 B E:\daylight\varbook\varianten_praktijk\R2nav.html --> archweb.bwk.tue.nl /fago/daylight/varbook/varianten_praktijk R2nav.html
2000.11.07 12:23 B E:\daylight\varbook\varianten_praktijk\R2set.html --> archweb.bwk.tue.nl /fago/daylight/varbook/varianten_praktijk R2set.html
2000.11.07 12:23 B E:\daylight\varbook\varianten_praktijk\R3main.html --> archweb.bwk.tue.nl /fago/daylight/varbook/varianten_praktijk R3main.html
2000.11.07 12:23 B E:\daylight\varbook\varianten_praktijk\R3nav.html --> archweb.bwk.tue.nl /fago/daylight/varbook/varianten_praktijk R3nav.html
2000.11.07 12:23 B E:\daylight\varbook\varianten_praktijk\R3set.html --> archweb.bwk.tue.nl /fago/daylight/varbook/varianten_praktijk R3set.html
2000.11.07 12:23 B E:\daylight\varbook\varianten_praktijk\S0main.html --> archweb.bwk.tue.nl /fago/daylight/varbook/varianten_praktijk S0main.html
2000.11.07 12:23 B E:\daylight\varbook\varianten_praktijk\S0nav.html --> archweb.bwk.tue.nl /fago/daylight/varbook/varianten_praktijk S0nav.html
2000.11.07 12:23 B E:\daylight\varbook\varianten_praktijk\S0set.html --> archweb.bwk.tue.nl /fago/daylight/varbook/varianten_praktijk S0set.html
2000.11.07 12:23 B E:\daylight\varbook\varianten_praktijk\T2main.html --> archweb.bwk.tue.nl /fago/daylight/varbook/varianten_praktijk T2main.html
2000.11.07 12:23 B E:\daylight\varbook\varianten_praktijk\T2nav.html --> archweb.bwk.tue.nl /fago/daylight/varbook/varianten_praktijk T2nav.html
2000.11.07 12:23 B E:\daylight\varbook\varianten_praktijk\T2set.html --> archweb.bwk.tue.nl /fago/daylight/varbook/varianten_praktijk T2set.html
2000.11.07 12:23 B E:\daylight\varbook\varianten_praktijk\U0main.html --> archweb.bwk.tue.nl /fago/daylight/varbook/varianten_praktijk U0main.html
2000.11.07 12:23 B E:\daylight\varbook\varianten_praktijk\U0nav.html --> archweb.bwk.tue.nl /fago/daylight/varbook/varianten_praktijk U0nav.html
2000.11.07 12:23 B E:\daylight\varbook\varianten_praktijk\U0set.html --> archweb.bwk.tue.nl /fago/daylight/varbook/varianten_praktijk U0set.html
2000.11.07 12:23 B E:\daylight\varbook\varianten_praktijk\U2main.html --> archweb.bwk.tue.nl /fago/daylight/varbook/varianten_praktijk U2main.html
2000.11.07 12:23 B E:\daylight\varbook\varianten_praktijk\U2nav.html --> archweb.bwk.tue.nl /fago/daylight/varbook/varianten_praktijk U2nav.html
2000.11.07 12:23 B E:\daylight\varbook\varianten_praktijk\U2set.html --> archweb.bwk.tue.nl /fago/daylight/varbook/varianten_praktijk U2set.html
2000.11.07 12:23 B E:\daylight\varbook\varianten_praktijk\V0main.html --> archweb.bwk.tue.nl /fago/daylight/varbook/varianten_praktijk V0main.html
2000.11.07 12:23 B E:\daylight\varbook\varianten_praktijk\V0nav.html --> archweb.bwk.tue.nl /fago/daylight/varbook/varianten_praktijk V0nav.html
2000.11.07 12:23 B E:\daylight\varbook\varianten_praktijk\V0set.html --> archweb.bwk.tue.nl /fago/daylight/varbook/varianten_praktijk V0set.html
2000.11.07 12:23 B E:\daylight\varbook\varianten_praktijk\V1main.html --> archweb.bwk.tue.nl /fago/daylight/varbook/varianten_praktijk V1main.html
2000.11.07 12:23 B E:\daylight\varbook\varianten_praktijk\V1nav.html --> archweb.bwk.tue.nl /fago/daylight/varbook/varianten_praktijk V1nav.html
2000.11.07 12:23 B E:\daylight\varbook\varianten_praktijk\V1set.html --> archweb.bwk.tue.nl /fago/daylight/varbook/varianten_praktijk V1set.html
2000.11.07 12:23 B E:\daylight\varbook\varianten_praktijk\V2main.html --> archweb.bwk.tue.nl /fago/daylight/varbook/varianten_praktijk V2main.html
2000.11.07 12:23 B E:\daylight\varbook\varianten_praktijk\V2nav.html --> archweb.bwk.tue.nl /fago/daylight/varbook/varianten_praktijk V2nav.html
2000.11.07 12:23 B E:\daylight\varbook\varianten_praktijk\V2set.html --> archweb.bwk.tue.nl /fago/daylight/varbook/varianten_praktijk V2set.html
2000.11.07 12:23 B E:\daylight\varbook\varianten_praktijk\W1main.html --> archweb.bwk.tue.nl /fago/daylight/varbook/varianten_praktijk W1main.html
2000.11.07 12:23 B E:\daylight\varbook\varianten_praktijk\W1nav.html --> archweb.bwk.tue.nl /fago/daylight/varbook/varianten_praktijk W1nav.html
2000.11.07 12:23 B E:\daylight\varbook\varianten_praktijk\W1set.html --> archweb.bwk.tue.nl /fago/daylight/varbook/varianten_praktijk W1set.html
2000.11.07 12:23 B E:\daylight\varbook\varianten_praktijk\W2main.html --> archweb.bwk.tue.nl /fago/daylight/varbook/varianten_praktijk W2main.html
2000.11.07 12:23 B E:\daylight\varbook\varianten_praktijk\W2nav.html --> archweb.bwk.tue.nl /fago/daylight/varbook/varianten_praktijk W2nav.html
2000.11.07 12:23 B E:\daylight\varbook\varianten_praktijk\W2set.html --> archweb.bwk.tue.nl /fago/daylight/varbook/varianten_praktijk W2set.html
2000.11.07 12:23 B E:\daylight\varbook\varianten_praktijk\W3main.html --> archweb.bwk.tue.nl /fago/daylight/varbook/varianten_praktijk W3main.html
2000.11.07 12:23 B E:\daylight\varbook\varianten_praktijk\W3nav.html --> archweb.bwk.tue.nl /fago/daylight/varbook/varianten_praktijk W3nav.html
2000.11.07 12:23 B E:\daylight\varbook\varianten_praktijk\W3set.html --> archweb.bwk.tue.nl /fago/daylight/varbook/varianten_praktijk W3set.html
2000.11.07 12:23 B E:\daylight\varbook\varianten_praktijk\WS_FTP.LOG --> archweb.bwk.tue.nl /fago/daylight/varbook/varianten_praktijk WS_FTP.LOG
2000.11.07 12:23 B E:\daylight\varbook\varianten_praktijk\X3main.html --> archweb.bwk.tue.nl /fago/daylight/varbook/varianten_praktijk X3main.html
2000.11.07 12:23 B E:\daylight\varbook\varianten_praktijk\X3nav.html --> archweb.bwk.tue.nl /fago/daylight/varbook/varianten_praktijk X3nav.html
2000.11.07 12:23 B E:\daylight\varbook\varianten_praktijk\X3set.html --> archweb.bwk.tue.nl /fago/daylight/varbook/varianten_praktijk X3set.html
