2000.11.07 12:23 B E:\daylight\varbook\achtergrond.gif --> archweb.bwk.tue.nl /fago/daylight/varbook achtergrond.gif
2000.11.07 12:23 B E:\daylight\varbook\achtergrond2.gif --> archweb.bwk.tue.nl /fago/daylight/varbook achtergrond2.gif
2000.11.07 12:23 B E:\daylight\varbook\bgimage1.jpg --> archweb.bwk.tue.nl /fago/daylight/varbook bgimage1.jpg
2000.11.07 12:23 B E:\daylight\varbook\bgimage2.gif --> archweb.bwk.tue.nl /fago/daylight/varbook bgimage2.gif
2000.11.07 12:23 B E:\daylight\varbook\Choice_A.html --> archweb.bwk.tue.nl /fago/daylight/varbook Choice_A.html
2000.11.07 12:23 B E:\daylight\varbook\Choice_B.html --> archweb.bwk.tue.nl /fago/daylight/varbook Choice_B.html
2000.11.07 12:23 B E:\daylight\varbook\CIE.gif --> archweb.bwk.tue.nl /fago/daylight/varbook CIE.gif
2000.11.07 12:23 B E:\daylight\varbook\CIE.html --> archweb.bwk.tue.nl /fago/daylight/varbook CIE.html
2000.11.07 12:23 B E:\daylight\varbook\comp_place.html --> archweb.bwk.tue.nl /fago/daylight/varbook comp_place.html
2000.11.07 12:23 B E:\daylight\varbook\daklichtvarianten.PDF --> archweb.bwk.tue.nl /fago/daylight/varbook daklichtvarianten.PDF
2000.11.07 12:23 B E:\daylight\varbook\display_A_eng.html --> archweb.bwk.tue.nl /fago/daylight/varbook display_A_eng.html
2000.11.07 12:23 B E:\daylight\varbook\Display_B_eng.html --> archweb.bwk.tue.nl /fago/daylight/varbook Display_B_eng.html
2000.11.07 12:23 B E:\daylight\varbook\dummy.html --> archweb.bwk.tue.nl /fago/daylight/varbook dummy.html
2000.11.07 12:23 B E:\daylight\varbook\index.html --> archweb.bwk.tue.nl /fago/daylight/varbook index.html
2000.11.07 12:23 B E:\daylight\varbook\overzicht_plaats.html --> archweb.bwk.tue.nl /fago/daylight/varbook overzicht_plaats.html
2000.11.07 12:23 B E:\daylight\varbook\overzicht_praktijk.html --> archweb.bwk.tue.nl /fago/daylight/varbook overzicht_praktijk.html
2000.11.07 12:23 B E:\daylight\varbook\ref_effects.html --> archweb.bwk.tue.nl /fago/daylight/varbook ref_effects.html
2000.11.07 12:23 B E:\daylight\varbook\reflectie.html --> archweb.bwk.tue.nl /fago/daylight/varbook reflectie.html
2000.11.07 12:23 B E:\daylight\varbook\title_eng.htm --> archweb.bwk.tue.nl /fago/daylight/varbook title_eng.htm
2000.11.07 12:23 B E:\daylight\varbook\vergl_plaats.html --> archweb.bwk.tue.nl /fago/daylight/varbook vergl_plaats.html
