99.12.06 10:27 B E:\daylight\small\A4V2.gif --> bf2.fago.bwk.tue.nl /export/homebf2c/jadi-1/backup_pc/daylight/small A4V2.gif
99.12.06 10:27 B E:\daylight\small\A4V2.jpg --> bf2.fago.bwk.tue.nl /export/homebf2c/jadi-1/backup_pc/daylight/small A4V2.jpg
99.12.06 10:27 B E:\daylight\small\A4V5.gif --> bf2.fago.bwk.tue.nl /export/homebf2c/jadi-1/backup_pc/daylight/small A4V5.gif
99.12.06 10:27 B E:\daylight\small\A4V5.jpg --> bf2.fago.bwk.tue.nl /export/homebf2c/jadi-1/backup_pc/daylight/small A4V5.jpg
99.12.06 10:27 B E:\daylight\small\A4V5o.gif --> bf2.fago.bwk.tue.nl /export/homebf2c/jadi-1/backup_pc/daylight/small A4V5o.gif
99.12.06 10:27 B E:\daylight\small\A4V5o.jpg --> bf2.fago.bwk.tue.nl /export/homebf2c/jadi-1/backup_pc/daylight/small A4V5o.jpg
99.12.06 10:27 B E:\daylight\small\A_0_125_p1.jpg --> bf2.fago.bwk.tue.nl /export/homebf2c/jadi-1/backup_pc/daylight/small A_0_125_p1.jpg
99.12.06 10:27 B E:\daylight\small\A_0_125_p3.jpg --> bf2.fago.bwk.tue.nl /export/homebf2c/jadi-1/backup_pc/daylight/small A_0_125_p3.jpg
99.12.06 10:27 B E:\daylight\small\A_0_150_p1.jpg --> bf2.fago.bwk.tue.nl /export/homebf2c/jadi-1/backup_pc/daylight/small A_0_150_p1.jpg
99.12.06 10:27 B E:\daylight\small\A_0_175_p1.jpg --> bf2.fago.bwk.tue.nl /export/homebf2c/jadi-1/backup_pc/daylight/small A_0_175_p1.jpg
99.12.06 10:27 B E:\daylight\small\A_0_200_p1.jpg --> bf2.fago.bwk.tue.nl /export/homebf2c/jadi-1/backup_pc/daylight/small A_0_200_p1.jpg
99.12.06 10:27 B E:\daylight\small\A_0_225_p1.jpg --> bf2.fago.bwk.tue.nl /export/homebf2c/jadi-1/backup_pc/daylight/small A_0_225_p1.jpg
99.12.06 10:27 B E:\daylight\small\A_0_250_p1.jpg --> bf2.fago.bwk.tue.nl /export/homebf2c/jadi-1/backup_pc/daylight/small A_0_250_p1.jpg
99.12.06 10:27 B E:\daylight\small\A_0_p1.jpg --> bf2.fago.bwk.tue.nl /export/homebf2c/jadi-1/backup_pc/daylight/small A_0_p1.jpg
99.12.06 10:27 B E:\daylight\small\A_0_p1_01.jpg --> bf2.fago.bwk.tue.nl /export/homebf2c/jadi-1/backup_pc/daylight/small A_0_p1_01.jpg
99.12.06 10:27 B E:\daylight\small\A_1_p1.jpg --> bf2.fago.bwk.tue.nl /export/homebf2c/jadi-1/backup_pc/daylight/small A_1_p1.jpg
99.12.06 10:27 B E:\daylight\small\A_2_p1.jpg --> bf2.fago.bwk.tue.nl /export/homebf2c/jadi-1/backup_pc/daylight/small A_2_p1.jpg
99.12.06 10:27 B E:\daylight\small\A_3_p1.jpg --> bf2.fago.bwk.tue.nl /export/homebf2c/jadi-1/backup_pc/daylight/small A_3_p1.jpg
99.12.06 10:27 B E:\daylight\small\A_4_p1.jpg --> bf2.fago.bwk.tue.nl /export/homebf2c/jadi-1/backup_pc/daylight/small A_4_p1.jpg
99.12.06 10:27 B E:\daylight\small\B_1_p1.jpg --> bf2.fago.bwk.tue.nl /export/homebf2c/jadi-1/backup_pc/daylight/small B_1_p1.jpg
99.12.06 10:27 B E:\daylight\small\B_2_p1.jpg --> bf2.fago.bwk.tue.nl /export/homebf2c/jadi-1/backup_pc/daylight/small B_2_p1.jpg
99.12.06 10:27 B E:\daylight\small\B_3_p1.jpg --> bf2.fago.bwk.tue.nl /export/homebf2c/jadi-1/backup_pc/daylight/small B_3_p1.jpg
99.12.06 10:27 B E:\daylight\small\C_1_p1.jpg --> bf2.fago.bwk.tue.nl /export/homebf2c/jadi-1/backup_pc/daylight/small C_1_p1.jpg
99.12.06 10:27 B E:\daylight\small\C_2_p1.jpg --> bf2.fago.bwk.tue.nl /export/homebf2c/jadi-1/backup_pc/daylight/small C_2_p1.jpg
99.12.06 10:27 B E:\daylight\small\C_3_p1.jpg --> bf2.fago.bwk.tue.nl /export/homebf2c/jadi-1/backup_pc/daylight/small C_3_p1.jpg
99.12.06 10:27 B E:\daylight\small\CIE.gif --> bf2.fago.bwk.tue.nl /export/homebf2c/jadi-1/backup_pc/daylight/small CIE.gif
99.12.06 10:27 B E:\daylight\small\CIE.jpg --> bf2.fago.bwk.tue.nl /export/homebf2c/jadi-1/backup_pc/daylight/small CIE.jpg
99.12.06 10:27 B E:\daylight\small\CIE_01.jpg --> bf2.fago.bwk.tue.nl /export/homebf2c/jadi-1/backup_pc/daylight/small CIE_01.jpg
99.12.06 10:27 B E:\daylight\small\CIE_02.jpg --> bf2.fago.bwk.tue.nl /export/homebf2c/jadi-1/backup_pc/daylight/small CIE_02.jpg
99.12.06 10:27 B E:\daylight\small\D_2_p1.jpg --> bf2.fago.bwk.tue.nl /export/homebf2c/jadi-1/backup_pc/daylight/small D_2_p1.jpg
99.12.06 10:27 B E:\daylight\small\E_0_000000_p1.jpg --> bf2.fago.bwk.tue.nl /export/homebf2c/jadi-1/backup_pc/daylight/small E_0_000000_p1.jpg
99.12.06 10:27 B E:\daylight\small\E_0_000000X_p1.jpg --> bf2.fago.bwk.tue.nl /export/homebf2c/jadi-1/backup_pc/daylight/small E_0_000000X_p1.jpg
99.12.06 10:27 B E:\daylight\small\E_0_007020_p1.jpg --> bf2.fago.bwk.tue.nl /export/homebf2c/jadi-1/backup_pc/daylight/small E_0_007020_p1.jpg
99.12.06 10:27 B E:\daylight\small\E_0_107020_p1.jpg --> bf2.fago.bwk.tue.nl /export/homebf2c/jadi-1/backup_pc/daylight/small E_0_107020_p1.jpg
99.12.06 10:27 B E:\daylight\small\E_0_201705_p1.jpg --> bf2.fago.bwk.tue.nl /export/homebf2c/jadi-1/backup_pc/daylight/small E_0_201705_p1.jpg
99.12.06 10:27 B E:\daylight\small\E_0_201705X_p1.jpg --> bf2.fago.bwk.tue.nl /export/homebf2c/jadi-1/backup_pc/daylight/small E_0_201705X_p1.jpg
99.12.06 10:27 B E:\daylight\small\E_0_207020_p1.jpg --> bf2.fago.bwk.tue.nl /export/homebf2c/jadi-1/backup_pc/daylight/small E_0_207020_p1.jpg
99.12.06 10:27 B E:\daylight\small\E_0_403510_p1.jpg --> bf2.fago.bwk.tue.nl /export/homebf2c/jadi-1/backup_pc/daylight/small E_0_403510_p1.jpg
99.12.06 10:27 B E:\daylight\small\E_0_403510X_p1.jpg --> bf2.fago.bwk.tue.nl /export/homebf2c/jadi-1/backup_pc/daylight/small E_0_403510X_p1.jpg
99.12.06 10:27 B E:\daylight\small\E_0_407020_p1.jpg --> bf2.fago.bwk.tue.nl /export/homebf2c/jadi-1/backup_pc/daylight/small E_0_407020_p1.jpg
99.12.06 10:27 B E:\daylight\small\E_0_800020_p1.jpg --> bf2.fago.bwk.tue.nl /export/homebf2c/jadi-1/backup_pc/daylight/small E_0_800020_p1.jpg
99.12.06 10:27 B E:\daylight\small\E_0_800920_p1.jpg --> bf2.fago.bwk.tue.nl /export/homebf2c/jadi-1/backup_pc/daylight/small E_0_800920_p1.jpg
99.12.06 10:27 B E:\daylight\small\E_0_801720_p1.jpg --> bf2.fago.bwk.tue.nl /export/homebf2c/jadi-1/backup_pc/daylight/small E_0_801720_p1.jpg
99.12.06 10:27 B E:\daylight\small\E_0_803520_p1.jpg --> bf2.fago.bwk.tue.nl /export/homebf2c/jadi-1/backup_pc/daylight/small E_0_803520_p1.jpg
99.12.06 10:27 B E:\daylight\small\E_0_807000_p1.jpg --> bf2.fago.bwk.tue.nl /export/homebf2c/jadi-1/backup_pc/daylight/small E_0_807000_p1.jpg
99.12.06 10:27 B E:\daylight\small\E_0_807010_p1.jpg --> bf2.fago.bwk.tue.nl /export/homebf2c/jadi-1/backup_pc/daylight/small E_0_807010_p1.jpg
99.12.06 10:27 B E:\daylight\small\E_0_807020_p1.jpg --> bf2.fago.bwk.tue.nl /export/homebf2c/jadi-1/backup_pc/daylight/small E_0_807020_p1.jpg
99.12.06 10:27 B E:\daylight\small\E_0_807020X_p1.jpg --> bf2.fago.bwk.tue.nl /export/homebf2c/jadi-1/backup_pc/daylight/small E_0_807020X_p1.jpg
99.12.06 10:28 B E:\daylight\small\E_0_807040_p1.jpg --> bf2.fago.bwk.tue.nl /export/homebf2c/jadi-1/backup_pc/daylight/small E_0_807040_p1.jpg
99.12.06 10:28 B E:\daylight\small\E_0_807080_p1.jpg --> bf2.fago.bwk.tue.nl /export/homebf2c/jadi-1/backup_pc/daylight/small E_0_807080_p1.jpg
99.12.06 10:28 B E:\daylight\small\E_0_80L0020_p1.jpg --> bf2.fago.bwk.tue.nl /export/homebf2c/jadi-1/backup_pc/daylight/small E_0_80L0020_p1.jpg
99.12.06 10:28 B E:\daylight\small\E_0_80L0920_p1.jpg --> bf2.fago.bwk.tue.nl /export/homebf2c/jadi-1/backup_pc/daylight/small E_0_80L0920_p1.jpg
99.12.06 10:28 B E:\daylight\small\E_0_80L1720_p1.jpg --> bf2.fago.bwk.tue.nl /export/homebf2c/jadi-1/backup_pc/daylight/small E_0_80L1720_p1.jpg
99.12.06 10:28 B E:\daylight\small\E_0_80L3520_p1.jpg --> bf2.fago.bwk.tue.nl /export/homebf2c/jadi-1/backup_pc/daylight/small E_0_80L3520_p1.jpg
99.12.06 10:28 B E:\daylight\small\E_0_btg_p1.jpg --> bf2.fago.bwk.tue.nl /export/homebf2c/jadi-1/backup_pc/daylight/small E_0_btg_p1.jpg
99.12.06 10:28 B E:\daylight\small\E_0_dk_p1.jpg --> bf2.fago.bwk.tue.nl /export/homebf2c/jadi-1/backup_pc/daylight/small E_0_dk_p1.jpg
99.12.06 10:28 B E:\daylight\small\E_0_lbtg_p1.jpg --> bf2.fago.bwk.tue.nl /export/homebf2c/jadi-1/backup_pc/daylight/small E_0_lbtg_p1.jpg
99.12.06 10:28 B E:\daylight\small\E_0_lgtg_p1.jpg --> bf2.fago.bwk.tue.nl /export/homebf2c/jadi-1/backup_pc/daylight/small E_0_lgtg_p1.jpg
99.12.06 10:28 B E:\daylight\small\E_0_p1.jpg --> bf2.fago.bwk.tue.nl /export/homebf2c/jadi-1/backup_pc/daylight/small E_0_p1.jpg
99.12.06 10:28 B E:\daylight\small\E_0_parquet_p1.jpg --> bf2.fago.bwk.tue.nl /export/homebf2c/jadi-1/backup_pc/daylight/small E_0_parquet_p1.jpg
99.12.06 10:28 B E:\daylight\small\E_0_vb_p1.jpg --> bf2.fago.bwk.tue.nl /export/homebf2c/jadi-1/backup_pc/daylight/small E_0_vb_p1.jpg
99.12.06 10:28 B E:\daylight\small\E_0_zwkoz_p1.jpg --> bf2.fago.bwk.tue.nl /export/homebf2c/jadi-1/backup_pc/daylight/small E_0_zwkoz_p1.jpg
99.12.06 10:28 B E:\daylight\small\E_1_p1.jpg --> bf2.fago.bwk.tue.nl /export/homebf2c/jadi-1/backup_pc/daylight/small E_1_p1.jpg
99.12.06 10:28 B E:\daylight\small\E_2_p1.jpg --> bf2.fago.bwk.tue.nl /export/homebf2c/jadi-1/backup_pc/daylight/small E_2_p1.jpg
99.12.06 10:28 B E:\daylight\small\E_3_p1.jpg --> bf2.fago.bwk.tue.nl /export/homebf2c/jadi-1/backup_pc/daylight/small E_3_p1.jpg
99.12.06 10:28 B E:\daylight\small\F_0_p1.jpg --> bf2.fago.bwk.tue.nl /export/homebf2c/jadi-1/backup_pc/daylight/small F_0_p1.jpg
99.12.06 10:28 B E:\daylight\small\F_2_p1.jpg --> bf2.fago.bwk.tue.nl /export/homebf2c/jadi-1/backup_pc/daylight/small F_2_p1.jpg
99.12.06 10:28 B E:\daylight\small\G_2_p1.jpg --> bf2.fago.bwk.tue.nl /export/homebf2c/jadi-1/backup_pc/daylight/small G_2_p1.jpg
99.12.06 10:28 B E:\daylight\small\H_2_p1.jpg --> bf2.fago.bwk.tue.nl /export/homebf2c/jadi-1/backup_pc/daylight/small H_2_p1.jpg
99.12.06 10:28 B E:\daylight\small\K_0_p1.jpg --> bf2.fago.bwk.tue.nl /export/homebf2c/jadi-1/backup_pc/daylight/small K_0_p1.jpg
99.12.06 10:28 B E:\daylight\small\K_1_p1.jpg --> bf2.fago.bwk.tue.nl /export/homebf2c/jadi-1/backup_pc/daylight/small K_1_p1.jpg
99.12.06 10:28 B E:\daylight\small\K_2_p1.jpg --> bf2.fago.bwk.tue.nl /export/homebf2c/jadi-1/backup_pc/daylight/small K_2_p1.jpg
99.12.06 10:28 B E:\daylight\small\K_3_p1.jpg --> bf2.fago.bwk.tue.nl /export/homebf2c/jadi-1/backup_pc/daylight/small K_3_p1.jpg
99.12.06 10:28 B E:\daylight\small\L_1_p1.jpg --> bf2.fago.bwk.tue.nl /export/homebf2c/jadi-1/backup_pc/daylight/small L_1_p1.jpg
99.12.06 10:28 B E:\daylight\small\L_2_p1.jpg --> bf2.fago.bwk.tue.nl /export/homebf2c/jadi-1/backup_pc/daylight/small L_2_p1.jpg
99.12.06 10:28 B E:\daylight\small\L_3_p1.jpg --> bf2.fago.bwk.tue.nl /export/homebf2c/jadi-1/backup_pc/daylight/small L_3_p1.jpg
99.12.06 10:28 B E:\daylight\small\M_2_p1.jpg --> bf2.fago.bwk.tue.nl /export/homebf2c/jadi-1/backup_pc/daylight/small M_2_p1.jpg
99.12.06 10:28 B E:\daylight\small\M_3_p1.jpg --> bf2.fago.bwk.tue.nl /export/homebf2c/jadi-1/backup_pc/daylight/small M_3_p1.jpg
99.12.06 10:28 B E:\daylight\small\N4V2.gif --> bf2.fago.bwk.tue.nl /export/homebf2c/jadi-1/backup_pc/daylight/small N4V2.gif
99.12.06 10:28 B E:\daylight\small\N4V2_01.gif --> bf2.fago.bwk.tue.nl /export/homebf2c/jadi-1/backup_pc/daylight/small N4V2_01.gif
99.12.06 10:28 B E:\daylight\small\N4V2_01.jpg --> bf2.fago.bwk.tue.nl /export/homebf2c/jadi-1/backup_pc/daylight/small N4V2_01.jpg
99.12.06 10:28 B E:\daylight\small\N4V2_02.gif --> bf2.fago.bwk.tue.nl /export/homebf2c/jadi-1/backup_pc/daylight/small N4V2_02.gif
99.12.06 10:28 B E:\daylight\small\N4V2_02.jpg --> bf2.fago.bwk.tue.nl /export/homebf2c/jadi-1/backup_pc/daylight/small N4V2_02.jpg
99.12.06 10:28 B E:\daylight\small\N4V2o.gif --> bf2.fago.bwk.tue.nl /export/homebf2c/jadi-1/backup_pc/daylight/small N4V2o.gif
99.12.06 10:28 B E:\daylight\small\N4V2o.jpg --> bf2.fago.bwk.tue.nl /export/homebf2c/jadi-1/backup_pc/daylight/small N4V2o.jpg
99.12.06 10:28 B E:\daylight\small\N4V3.gif --> bf2.fago.bwk.tue.nl /export/homebf2c/jadi-1/backup_pc/daylight/small N4V3.gif
99.12.06 10:28 B E:\daylight\small\N4V3.jpg --> bf2.fago.bwk.tue.nl /export/homebf2c/jadi-1/backup_pc/daylight/small N4V3.jpg
99.12.06 10:28 B E:\daylight\small\N4V3o.gif --> bf2.fago.bwk.tue.nl /export/homebf2c/jadi-1/backup_pc/daylight/small N4V3o.gif
99.12.06 10:28 B E:\daylight\small\N4V3o.jpg --> bf2.fago.bwk.tue.nl /export/homebf2c/jadi-1/backup_pc/daylight/small N4V3o.jpg
99.12.06 10:28 B E:\daylight\small\N_0_p1.jpg --> bf2.fago.bwk.tue.nl /export/homebf2c/jadi-1/backup_pc/daylight/small N_0_p1.jpg
99.12.06 10:28 B E:\daylight\small\N_1_p1.jpg --> bf2.fago.bwk.tue.nl /export/homebf2c/jadi-1/backup_pc/daylight/small N_1_p1.jpg
99.12.06 10:28 B E:\daylight\small\N_2_p1.jpg --> bf2.fago.bwk.tue.nl /export/homebf2c/jadi-1/backup_pc/daylight/small N_2_p1.jpg
99.12.06 10:28 B E:\daylight\small\N_3_p1.jpg --> bf2.fago.bwk.tue.nl /export/homebf2c/jadi-1/backup_pc/daylight/small N_3_p1.jpg
99.12.06 10:28 B E:\daylight\small\N_4_p1.jpg --> bf2.fago.bwk.tue.nl /export/homebf2c/jadi-1/backup_pc/daylight/small N_4_p1.jpg
99.12.06 10:28 B E:\daylight\small\P_2_p1.jpg --> bf2.fago.bwk.tue.nl /export/homebf2c/jadi-1/backup_pc/daylight/small P_2_p1.jpg
99.12.06 10:28 B E:\daylight\small\P_3_p1.jpg --> bf2.fago.bwk.tue.nl /export/homebf2c/jadi-1/backup_pc/daylight/small P_3_p1.jpg
99.12.06 10:28 B E:\daylight\small\pspbrwse.jbf --> bf2.fago.bwk.tue.nl /export/homebf2c/jadi-1/backup_pc/daylight/small pspbrwse.jbf
99.12.06 10:28 B E:\daylight\small\Q_2_p1.jpg --> bf2.fago.bwk.tue.nl /export/homebf2c/jadi-1/backup_pc/daylight/small Q_2_p1.jpg
99.12.06 10:28 B E:\daylight\small\R_0_p1.jpg --> bf2.fago.bwk.tue.nl /export/homebf2c/jadi-1/backup_pc/daylight/small R_0_p1.jpg
99.12.06 10:28 B E:\daylight\small\R_1_p1.jpg --> bf2.fago.bwk.tue.nl /export/homebf2c/jadi-1/backup_pc/daylight/small R_1_p1.jpg
99.12.06 10:28 B E:\daylight\small\R_2_p1.jpg --> bf2.fago.bwk.tue.nl /export/homebf2c/jadi-1/backup_pc/daylight/small R_2_p1.jpg
99.12.06 10:28 B E:\daylight\small\R_3_p1.jpg --> bf2.fago.bwk.tue.nl /export/homebf2c/jadi-1/backup_pc/daylight/small R_3_p1.jpg
99.12.06 10:28 B E:\daylight\small\S_0_p1.jpg --> bf2.fago.bwk.tue.nl /export/homebf2c/jadi-1/backup_pc/daylight/small S_0_p1.jpg
99.12.06 10:28 B E:\daylight\small\T_2_p1.jpg --> bf2.fago.bwk.tue.nl /export/homebf2c/jadi-1/backup_pc/daylight/small T_2_p1.jpg
99.12.06 10:28 B E:\daylight\small\U_2_p1.jpg --> bf2.fago.bwk.tue.nl /export/homebf2c/jadi-1/backup_pc/daylight/small U_2_p1.jpg
99.12.06 10:28 B E:\daylight\small\V_0_p1.jpg --> bf2.fago.bwk.tue.nl /export/homebf2c/jadi-1/backup_pc/daylight/small V_0_p1.jpg
99.12.06 10:28 B E:\daylight\small\V_1_p1.jpg --> bf2.fago.bwk.tue.nl /export/homebf2c/jadi-1/backup_pc/daylight/small V_1_p1.jpg
99.12.06 10:28 B E:\daylight\small\V_2_p1.jpg --> bf2.fago.bwk.tue.nl /export/homebf2c/jadi-1/backup_pc/daylight/small V_2_p1.jpg
99.12.06 10:28 B E:\daylight\small\V_3_p1.jpg --> bf2.fago.bwk.tue.nl /export/homebf2c/jadi-1/backup_pc/daylight/small V_3_p1.jpg
99.12.06 10:28 B E:\daylight\small\W_1_p1.jpg --> bf2.fago.bwk.tue.nl /export/homebf2c/jadi-1/backup_pc/daylight/small W_1_p1.jpg
99.12.06 10:28 B E:\daylight\small\W_2_p1.jpg --> bf2.fago.bwk.tue.nl /export/homebf2c/jadi-1/backup_pc/daylight/small W_2_p1.jpg
99.12.06 10:28 B E:\daylight\small\W_3_p1.jpg --> bf2.fago.bwk.tue.nl /export/homebf2c/jadi-1/backup_pc/daylight/small W_3_p1.jpg
99.12.06 10:28 B E:\daylight\small\X3V1.gif --> bf2.fago.bwk.tue.nl /export/homebf2c/jadi-1/backup_pc/daylight/small X3V1.gif
99.12.06 10:28 B E:\daylight\small\X3V1.jpg --> bf2.fago.bwk.tue.nl /export/homebf2c/jadi-1/backup_pc/daylight/small X3V1.jpg
99.12.06 10:28 B E:\daylight\small\X_3_p1.jpg --> bf2.fago.bwk.tue.nl /export/homebf2c/jadi-1/backup_pc/daylight/small X_3_p1.jpg
2000.11.07 12:21 B E:\daylight\varbook\small\A4V2.gif --> archweb.bwk.tue.nl /fago/daylight/varbook/small A4V2.gif
2000.11.07 12:21 B E:\daylight\varbook\small\A4V2.jpg --> archweb.bwk.tue.nl /fago/daylight/varbook/small A4V2.jpg
2000.11.07 12:21 B E:\daylight\varbook\small\A4V5.gif --> archweb.bwk.tue.nl /fago/daylight/varbook/small A4V5.gif
2000.11.07 12:21 B E:\daylight\varbook\small\A4V5.jpg --> archweb.bwk.tue.nl /fago/daylight/varbook/small A4V5.jpg
2000.11.07 12:21 B E:\daylight\varbook\small\A4V5o.gif --> archweb.bwk.tue.nl /fago/daylight/varbook/small A4V5o.gif
2000.11.07 12:21 B E:\daylight\varbook\small\A4V5o.jpg --> archweb.bwk.tue.nl /fago/daylight/varbook/small A4V5o.jpg
2000.11.07 12:21 B E:\daylight\varbook\small\A_0_125_p1.jpg --> archweb.bwk.tue.nl /fago/daylight/varbook/small A_0_125_p1.jpg
2000.11.07 12:21 B E:\daylight\varbook\small\A_0_125_p3.jpg --> archweb.bwk.tue.nl /fago/daylight/varbook/small A_0_125_p3.jpg
2000.11.07 12:21 B E:\daylight\varbook\small\A_0_150_p1.jpg --> archweb.bwk.tue.nl /fago/daylight/varbook/small A_0_150_p1.jpg
2000.11.07 12:21 B E:\daylight\varbook\small\A_0_175_p1.jpg --> archweb.bwk.tue.nl /fago/daylight/varbook/small A_0_175_p1.jpg
2000.11.07 12:21 B E:\daylight\varbook\small\A_0_200_p1.jpg --> archweb.bwk.tue.nl /fago/daylight/varbook/small A_0_200_p1.jpg
2000.11.07 12:21 B E:\daylight\varbook\small\A_0_225_p1.jpg --> archweb.bwk.tue.nl /fago/daylight/varbook/small A_0_225_p1.jpg
2000.11.07 12:21 B E:\daylight\varbook\small\A_0_250_p1.jpg --> archweb.bwk.tue.nl /fago/daylight/varbook/small A_0_250_p1.jpg
2000.11.07 12:21 B E:\daylight\varbook\small\A_0_p1.jpg --> archweb.bwk.tue.nl /fago/daylight/varbook/small A_0_p1.jpg
2000.11.07 12:21 B E:\daylight\varbook\small\A_0_p1_01.jpg --> archweb.bwk.tue.nl /fago/daylight/varbook/small A_0_p1_01.jpg
2000.11.07 12:21 B E:\daylight\varbook\small\A_1_p1.jpg --> archweb.bwk.tue.nl /fago/daylight/varbook/small A_1_p1.jpg
2000.11.07 12:21 B E:\daylight\varbook\small\A_2_p1.jpg --> archweb.bwk.tue.nl /fago/daylight/varbook/small A_2_p1.jpg
2000.11.07 12:21 B E:\daylight\varbook\small\A_3_p1.jpg --> archweb.bwk.tue.nl /fago/daylight/varbook/small A_3_p1.jpg
2000.11.07 12:21 B E:\daylight\varbook\small\A_4_p1.jpg --> archweb.bwk.tue.nl /fago/daylight/varbook/small A_4_p1.jpg
2000.11.07 12:21 B E:\daylight\varbook\small\B_1_p1.jpg --> archweb.bwk.tue.nl /fago/daylight/varbook/small B_1_p1.jpg
2000.11.07 12:21 B E:\daylight\varbook\small\B_2_p1.jpg --> archweb.bwk.tue.nl /fago/daylight/varbook/small B_2_p1.jpg
2000.11.07 12:21 B E:\daylight\varbook\small\B_3_p1.jpg --> archweb.bwk.tue.nl /fago/daylight/varbook/small B_3_p1.jpg
2000.11.07 12:21 B E:\daylight\varbook\small\C_1_p1.jpg --> archweb.bwk.tue.nl /fago/daylight/varbook/small C_1_p1.jpg
2000.11.07 12:21 B E:\daylight\varbook\small\C_2_p1.jpg --> archweb.bwk.tue.nl /fago/daylight/varbook/small C_2_p1.jpg
2000.11.07 12:21 B E:\daylight\varbook\small\C_3_p1.jpg --> archweb.bwk.tue.nl /fago/daylight/varbook/small C_3_p1.jpg
2000.11.07 12:21 B E:\daylight\varbook\small\CIE.gif --> archweb.bwk.tue.nl /fago/daylight/varbook/small CIE.gif
2000.11.07 12:21 B E:\daylight\varbook\small\CIE.jpg --> archweb.bwk.tue.nl /fago/daylight/varbook/small CIE.jpg
2000.11.07 12:21 B E:\daylight\varbook\small\CIE_01.jpg --> archweb.bwk.tue.nl /fago/daylight/varbook/small CIE_01.jpg
2000.11.07 12:21 B E:\daylight\varbook\small\CIE_02.jpg --> archweb.bwk.tue.nl /fago/daylight/varbook/small CIE_02.jpg
2000.11.07 12:21 B E:\daylight\varbook\small\D_2_p1.jpg --> archweb.bwk.tue.nl /fago/daylight/varbook/small D_2_p1.jpg
2000.11.07 12:21 B E:\daylight\varbook\small\E_0_000000_p1.jpg --> archweb.bwk.tue.nl /fago/daylight/varbook/small E_0_000000_p1.jpg
2000.11.07 12:21 B E:\daylight\varbook\small\E_0_000000X_p1.jpg --> archweb.bwk.tue.nl /fago/daylight/varbook/small E_0_000000X_p1.jpg
2000.11.07 12:21 B E:\daylight\varbook\small\E_0_007020_p1.jpg --> archweb.bwk.tue.nl /fago/daylight/varbook/small E_0_007020_p1.jpg
2000.11.07 12:21 B E:\daylight\varbook\small\E_0_107020_p1.jpg --> archweb.bwk.tue.nl /fago/daylight/varbook/small E_0_107020_p1.jpg
2000.11.07 12:21 B E:\daylight\varbook\small\E_0_201705_p1.jpg --> archweb.bwk.tue.nl /fago/daylight/varbook/small E_0_201705_p1.jpg
2000.11.07 12:21 B E:\daylight\varbook\small\E_0_201705X_p1.jpg --> archweb.bwk.tue.nl /fago/daylight/varbook/small E_0_201705X_p1.jpg
2000.11.07 12:21 B E:\daylight\varbook\small\E_0_207020_p1.jpg --> archweb.bwk.tue.nl /fago/daylight/varbook/small E_0_207020_p1.jpg
2000.11.07 12:21 B E:\daylight\varbook\small\E_0_403510_p1.jpg --> archweb.bwk.tue.nl /fago/daylight/varbook/small E_0_403510_p1.jpg
2000.11.07 12:21 B E:\daylight\varbook\small\E_0_403510X_p1.jpg --> archweb.bwk.tue.nl /fago/daylight/varbook/small E_0_403510X_p1.jpg
2000.11.07 12:21 B E:\daylight\varbook\small\E_0_407020_p1.jpg --> archweb.bwk.tue.nl /fago/daylight/varbook/small E_0_407020_p1.jpg
2000.11.07 12:21 B E:\daylight\varbook\small\E_0_800020_p1.jpg --> archweb.bwk.tue.nl /fago/daylight/varbook/small E_0_800020_p1.jpg
2000.11.07 12:21 B E:\daylight\varbook\small\E_0_800920_p1.jpg --> archweb.bwk.tue.nl /fago/daylight/varbook/small E_0_800920_p1.jpg
2000.11.07 12:21 B E:\daylight\varbook\small\E_0_801720_p1.jpg --> archweb.bwk.tue.nl /fago/daylight/varbook/small E_0_801720_p1.jpg
2000.11.07 12:21 B E:\daylight\varbook\small\E_0_803520_p1.jpg --> archweb.bwk.tue.nl /fago/daylight/varbook/small E_0_803520_p1.jpg
2000.11.07 12:21 B E:\daylight\varbook\small\E_0_807000_p1.jpg --> archweb.bwk.tue.nl /fago/daylight/varbook/small E_0_807000_p1.jpg
2000.11.07 12:21 B E:\daylight\varbook\small\E_0_807010_p1.jpg --> archweb.bwk.tue.nl /fago/daylight/varbook/small E_0_807010_p1.jpg
2000.11.07 12:21 B E:\daylight\varbook\small\E_0_807020_p1.jpg --> archweb.bwk.tue.nl /fago/daylight/varbook/small E_0_807020_p1.jpg
2000.11.07 12:21 B E:\daylight\varbook\small\E_0_807020X_p1.jpg --> archweb.bwk.tue.nl /fago/daylight/varbook/small E_0_807020X_p1.jpg
2000.11.07 12:21 B E:\daylight\varbook\small\E_0_807040_p1.jpg --> archweb.bwk.tue.nl /fago/daylight/varbook/small E_0_807040_p1.jpg
2000.11.07 12:21 B E:\daylight\varbook\small\E_0_807080_p1.jpg --> archweb.bwk.tue.nl /fago/daylight/varbook/small E_0_807080_p1.jpg
2000.11.07 12:21 B E:\daylight\varbook\small\E_0_80L0020_p1.jpg --> archweb.bwk.tue.nl /fago/daylight/varbook/small E_0_80L0020_p1.jpg
2000.11.07 12:21 B E:\daylight\varbook\small\E_0_80L0920_p1.jpg --> archweb.bwk.tue.nl /fago/daylight/varbook/small E_0_80L0920_p1.jpg
2000.11.07 12:21 B E:\daylight\varbook\small\E_0_80L1720_p1.jpg --> archweb.bwk.tue.nl /fago/daylight/varbook/small E_0_80L1720_p1.jpg
2000.11.07 12:21 B E:\daylight\varbook\small\E_0_80L3520_p1.jpg --> archweb.bwk.tue.nl /fago/daylight/varbook/small E_0_80L3520_p1.jpg
2000.11.07 12:21 B E:\daylight\varbook\small\E_0_btg_p1.jpg --> archweb.bwk.tue.nl /fago/daylight/varbook/small E_0_btg_p1.jpg
2000.11.07 12:21 B E:\daylight\varbook\small\E_0_dk_p1.jpg --> archweb.bwk.tue.nl /fago/daylight/varbook/small E_0_dk_p1.jpg
2000.11.07 12:21 B E:\daylight\varbook\small\E_0_lbtg_p1.jpg --> archweb.bwk.tue.nl /fago/daylight/varbook/small E_0_lbtg_p1.jpg
2000.11.07 12:21 B E:\daylight\varbook\small\E_0_lgtg_p1.jpg --> archweb.bwk.tue.nl /fago/daylight/varbook/small E_0_lgtg_p1.jpg
2000.11.07 12:21 B E:\daylight\varbook\small\E_0_p1.jpg --> archweb.bwk.tue.nl /fago/daylight/varbook/small E_0_p1.jpg
2000.11.07 12:21 B E:\daylight\varbook\small\E_0_parquet_p1.jpg --> archweb.bwk.tue.nl /fago/daylight/varbook/small E_0_parquet_p1.jpg
2000.11.07 12:21 B E:\daylight\varbook\small\E_0_vb_p1.jpg --> archweb.bwk.tue.nl /fago/daylight/varbook/small E_0_vb_p1.jpg
2000.11.07 12:21 B E:\daylight\varbook\small\E_0_zwkoz_p1.jpg --> archweb.bwk.tue.nl /fago/daylight/varbook/small E_0_zwkoz_p1.jpg
2000.11.07 12:21 B E:\daylight\varbook\small\E_1_p1.jpg --> archweb.bwk.tue.nl /fago/daylight/varbook/small E_1_p1.jpg
2000.11.07 12:21 B E:\daylight\varbook\small\E_2_p1.jpg --> archweb.bwk.tue.nl /fago/daylight/varbook/small E_2_p1.jpg
2000.11.07 12:21 B E:\daylight\varbook\small\E_3_p1.jpg --> archweb.bwk.tue.nl /fago/daylight/varbook/small E_3_p1.jpg
2000.11.07 12:21 B E:\daylight\varbook\small\F_0_p1.jpg --> archweb.bwk.tue.nl /fago/daylight/varbook/small F_0_p1.jpg
2000.11.07 12:21 B E:\daylight\varbook\small\F_2_p1.jpg --> archweb.bwk.tue.nl /fago/daylight/varbook/small F_2_p1.jpg
2000.11.07 12:21 B E:\daylight\varbook\small\G_2_p1.jpg --> archweb.bwk.tue.nl /fago/daylight/varbook/small G_2_p1.jpg
2000.11.07 12:21 B E:\daylight\varbook\small\H_2_p1.jpg --> archweb.bwk.tue.nl /fago/daylight/varbook/small H_2_p1.jpg
2000.11.07 12:21 B E:\daylight\varbook\small\K_0_p1.jpg --> archweb.bwk.tue.nl /fago/daylight/varbook/small K_0_p1.jpg
2000.11.07 12:21 B E:\daylight\varbook\small\K_1_p1.jpg --> archweb.bwk.tue.nl /fago/daylight/varbook/small K_1_p1.jpg
2000.11.07 12:21 B E:\daylight\varbook\small\K_2_p1.jpg --> archweb.bwk.tue.nl /fago/daylight/varbook/small K_2_p1.jpg
2000.11.07 12:21 B E:\daylight\varbook\small\K_3_p1.jpg --> archweb.bwk.tue.nl /fago/daylight/varbook/small K_3_p1.jpg
2000.11.07 12:21 B E:\daylight\varbook\small\L_1_p1.jpg --> archweb.bwk.tue.nl /fago/daylight/varbook/small L_1_p1.jpg
2000.11.07 12:21 B E:\daylight\varbook\small\L_2_p1.jpg --> archweb.bwk.tue.nl /fago/daylight/varbook/small L_2_p1.jpg
2000.11.07 12:21 B E:\daylight\varbook\small\L_3_p1.jpg --> archweb.bwk.tue.nl /fago/daylight/varbook/small L_3_p1.jpg
2000.11.07 12:21 B E:\daylight\varbook\small\M_2_p1.jpg --> archweb.bwk.tue.nl /fago/daylight/varbook/small M_2_p1.jpg
2000.11.07 12:21 B E:\daylight\varbook\small\M_3_p1.jpg --> archweb.bwk.tue.nl /fago/daylight/varbook/small M_3_p1.jpg
2000.11.07 12:21 B E:\daylight\varbook\small\N4V2.gif --> archweb.bwk.tue.nl /fago/daylight/varbook/small N4V2.gif
2000.11.07 12:21 B E:\daylight\varbook\small\N4V2_01.gif --> archweb.bwk.tue.nl /fago/daylight/varbook/small N4V2_01.gif
2000.11.07 12:21 B E:\daylight\varbook\small\N4V2_01.jpg --> archweb.bwk.tue.nl /fago/daylight/varbook/small N4V2_01.jpg
2000.11.07 12:21 B E:\daylight\varbook\small\N4V2_02.gif --> archweb.bwk.tue.nl /fago/daylight/varbook/small N4V2_02.gif
2000.11.07 12:21 B E:\daylight\varbook\small\N4V2_02.jpg --> archweb.bwk.tue.nl /fago/daylight/varbook/small N4V2_02.jpg
2000.11.07 12:22 B E:\daylight\varbook\small\N4V2o.gif --> archweb.bwk.tue.nl /fago/daylight/varbook/small N4V2o.gif
2000.11.07 12:22 B E:\daylight\varbook\small\N4V2o.jpg --> archweb.bwk.tue.nl /fago/daylight/varbook/small N4V2o.jpg
2000.11.07 12:22 B E:\daylight\varbook\small\N4V3.gif --> archweb.bwk.tue.nl /fago/daylight/varbook/small N4V3.gif
2000.11.07 12:22 B E:\daylight\varbook\small\N4V3.jpg --> archweb.bwk.tue.nl /fago/daylight/varbook/small N4V3.jpg
2000.11.07 12:22 B E:\daylight\varbook\small\N4V3o.gif --> archweb.bwk.tue.nl /fago/daylight/varbook/small N4V3o.gif
2000.11.07 12:22 B E:\daylight\varbook\small\N4V3o.jpg --> archweb.bwk.tue.nl /fago/daylight/varbook/small N4V3o.jpg
2000.11.07 12:22 B E:\daylight\varbook\small\N_0_p1.jpg --> archweb.bwk.tue.nl /fago/daylight/varbook/small N_0_p1.jpg
2000.11.07 12:22 B E:\daylight\varbook\small\N_1_p1.jpg --> archweb.bwk.tue.nl /fago/daylight/varbook/small N_1_p1.jpg
2000.11.07 12:22 B E:\daylight\varbook\small\N_2_p1.jpg --> archweb.bwk.tue.nl /fago/daylight/varbook/small N_2_p1.jpg
2000.11.07 12:22 B E:\daylight\varbook\small\N_3_p1.jpg --> archweb.bwk.tue.nl /fago/daylight/varbook/small N_3_p1.jpg
2000.11.07 12:22 B E:\daylight\varbook\small\N_4_p1.jpg --> archweb.bwk.tue.nl /fago/daylight/varbook/small N_4_p1.jpg
2000.11.07 12:22 B E:\daylight\varbook\small\P_2_p1.jpg --> archweb.bwk.tue.nl /fago/daylight/varbook/small P_2_p1.jpg
2000.11.07 12:22 B E:\daylight\varbook\small\P_3_p1.jpg --> archweb.bwk.tue.nl /fago/daylight/varbook/small P_3_p1.jpg
2000.11.07 12:22 B E:\daylight\varbook\small\pspbrwse.jbf --> archweb.bwk.tue.nl /fago/daylight/varbook/small pspbrwse.jbf
2000.11.07 12:22 B E:\daylight\varbook\small\Q_2_p1.jpg --> archweb.bwk.tue.nl /fago/daylight/varbook/small Q_2_p1.jpg
2000.11.07 12:22 B E:\daylight\varbook\small\R_0_p1.jpg --> archweb.bwk.tue.nl /fago/daylight/varbook/small R_0_p1.jpg
2000.11.07 12:22 B E:\daylight\varbook\small\R_1_p1.jpg --> archweb.bwk.tue.nl /fago/daylight/varbook/small R_1_p1.jpg
2000.11.07 12:22 B E:\daylight\varbook\small\R_2_p1.jpg --> archweb.bwk.tue.nl /fago/daylight/varbook/small R_2_p1.jpg
2000.11.07 12:22 B E:\daylight\varbook\small\R_3_p1.jpg --> archweb.bwk.tue.nl /fago/daylight/varbook/small R_3_p1.jpg
2000.11.07 12:22 B E:\daylight\varbook\small\S_0_p1.jpg --> archweb.bwk.tue.nl /fago/daylight/varbook/small S_0_p1.jpg
2000.11.07 12:22 B E:\daylight\varbook\small\T_2_p1.jpg --> archweb.bwk.tue.nl /fago/daylight/varbook/small T_2_p1.jpg
2000.11.07 12:22 B E:\daylight\varbook\small\U_2_p1.jpg --> archweb.bwk.tue.nl /fago/daylight/varbook/small U_2_p1.jpg
2000.11.07 12:22 B E:\daylight\varbook\small\V_0_p1.jpg --> archweb.bwk.tue.nl /fago/daylight/varbook/small V_0_p1.jpg
2000.11.07 12:22 B E:\daylight\varbook\small\V_1_p1.jpg --> archweb.bwk.tue.nl /fago/daylight/varbook/small V_1_p1.jpg
2000.11.07 12:22 B E:\daylight\varbook\small\V_2_p1.jpg --> archweb.bwk.tue.nl /fago/daylight/varbook/small V_2_p1.jpg
2000.11.07 12:22 B E:\daylight\varbook\small\V_3_p1.jpg --> archweb.bwk.tue.nl /fago/daylight/varbook/small V_3_p1.jpg
2000.11.07 12:22 B E:\daylight\varbook\small\W_1_p1.jpg --> archweb.bwk.tue.nl /fago/daylight/varbook/small W_1_p1.jpg
2000.11.07 12:22 B E:\daylight\varbook\small\W_2_p1.jpg --> archweb.bwk.tue.nl /fago/daylight/varbook/small W_2_p1.jpg
2000.11.07 12:22 B E:\daylight\varbook\small\W_3_p1.jpg --> archweb.bwk.tue.nl /fago/daylight/varbook/small W_3_p1.jpg
2000.11.07 12:22 B E:\daylight\varbook\small\WS_FTP.LOG --> archweb.bwk.tue.nl /fago/daylight/varbook/small WS_FTP.LOG
2000.11.07 12:22 B E:\daylight\varbook\small\X3V1.gif --> archweb.bwk.tue.nl /fago/daylight/varbook/small X3V1.gif
2000.11.07 12:22 B E:\daylight\varbook\small\X3V1.jpg --> archweb.bwk.tue.nl /fago/daylight/varbook/small X3V1.jpg
2000.11.07 12:22 B E:\daylight\varbook\small\X_3_p1.jpg --> archweb.bwk.tue.nl /fago/daylight/varbook/small X_3_p1.jpg
