99.04.08 16:40 B E:\daylight\varianten\A_0.html <-- stop^deco /home/jadi/tmp A_0.html
99.04.08 16:40 B E:\daylight\varianten\A_1.html <-- stop^deco /home/jadi/tmp A_1.html
99.04.08 16:40 B E:\daylight\varianten\A_2.html <-- stop^deco /home/jadi/tmp A_2.html
99.04.08 16:40 B E:\daylight\varianten\A_3.html <-- stop^deco /home/jadi/tmp A_3.html
99.04.08 16:40 B E:\daylight\varianten\A_4.html <-- stop^deco /home/jadi/tmp A_4.html
99.04.08 16:40 B E:\daylight\varianten\B_1.html <-- stop^deco /home/jadi/tmp B_1.html
99.04.08 16:40 B E:\daylight\varianten\B_2.html <-- stop^deco /home/jadi/tmp B_2.html
99.04.08 16:40 B E:\daylight\varianten\B_3.html <-- stop^deco /home/jadi/tmp B_3.html
99.04.08 16:40 B E:\daylight\varianten\C_1.html <-- stop^deco /home/jadi/tmp C_1.html
99.04.08 16:40 B E:\daylight\varianten\C_2.html <-- stop^deco /home/jadi/tmp C_2.html
99.04.08 16:40 B E:\daylight\varianten\C_3.html <-- stop^deco /home/jadi/tmp C_3.html
99.04.08 16:40 B E:\daylight\varianten\D_2.html <-- stop^deco /home/jadi/tmp D_2.html
99.04.08 16:40 B E:\daylight\varianten\E_0.html <-- stop^deco /home/jadi/tmp E_0.html
99.04.08 16:40 B E:\daylight\varianten\E_1.html <-- stop^deco /home/jadi/tmp E_1.html
99.04.08 16:40 B E:\daylight\varianten\E_2.html <-- stop^deco /home/jadi/tmp E_2.html
99.04.08 16:40 B E:\daylight\varianten\E_3.html <-- stop^deco /home/jadi/tmp E_3.html
99.04.08 16:40 B E:\daylight\varianten\F_0.html <-- stop^deco /home/jadi/tmp F_0.html
99.04.08 16:40 B E:\daylight\varianten\F_2.html <-- stop^deco /home/jadi/tmp F_2.html
99.04.08 16:40 B E:\daylight\varianten\G_2.html <-- stop^deco /home/jadi/tmp G_2.html
99.04.08 16:40 B E:\daylight\varianten\H_2.html <-- stop^deco /home/jadi/tmp H_2.html
99.04.08 16:40 B E:\daylight\varianten\K_0.html <-- stop^deco /home/jadi/tmp K_0.html
99.04.08 16:40 B E:\daylight\varianten\K_1.html <-- stop^deco /home/jadi/tmp K_1.html
99.04.08 16:40 B E:\daylight\varianten\K_2.html <-- stop^deco /home/jadi/tmp K_2.html
99.04.08 16:40 B E:\daylight\varianten\K_3.html <-- stop^deco /home/jadi/tmp K_3.html
99.04.08 16:40 B E:\daylight\varianten\L_1.html <-- stop^deco /home/jadi/tmp L_1.html
99.04.08 16:40 B E:\daylight\varianten\L_2.html <-- stop^deco /home/jadi/tmp L_2.html
99.04.08 16:40 B E:\daylight\varianten\L_3.html <-- stop^deco /home/jadi/tmp L_3.html
99.04.08 16:40 B E:\daylight\varianten\M_2.html <-- stop^deco /home/jadi/tmp M_2.html
99.04.08 16:40 B E:\daylight\varianten\M_3.html <-- stop^deco /home/jadi/tmp M_3.html
99.04.08 16:40 B E:\daylight\varianten\N_0.html <-- stop^deco /home/jadi/tmp N_0.html
99.04.08 16:40 B E:\daylight\varianten\N_1.html <-- stop^deco /home/jadi/tmp N_1.html
99.04.08 16:40 B E:\daylight\varianten\N_2.html <-- stop^deco /home/jadi/tmp N_2.html
99.04.08 16:40 B E:\daylight\varianten\N_3.html <-- stop^deco /home/jadi/tmp N_3.html
99.04.08 16:40 B E:\daylight\varianten\N_4.html <-- stop^deco /home/jadi/tmp N_4.html
99.04.08 16:40 B E:\daylight\varianten\P_2.html <-- stop^deco /home/jadi/tmp P_2.html
99.04.08 16:40 B E:\daylight\varianten\P_3.html <-- stop^deco /home/jadi/tmp P_3.html
99.04.08 16:40 B E:\daylight\varianten\Q_2.html <-- stop^deco /home/jadi/tmp Q_2.html
99.04.08 16:40 B E:\daylight\varianten\R_0.html <-- stop^deco /home/jadi/tmp R_0.html
99.04.08 16:40 B E:\daylight\varianten\R_1.html <-- stop^deco /home/jadi/tmp R_1.html
99.04.08 16:40 B E:\daylight\varianten\R_2.html <-- stop^deco /home/jadi/tmp R_2.html
99.04.08 16:40 B E:\daylight\varianten\R_3.html <-- stop^deco /home/jadi/tmp R_3.html
99.04.08 16:40 B E:\daylight\varianten\S_0.html <-- stop^deco /home/jadi/tmp S_0.html
99.04.08 16:40 B E:\daylight\varianten\T_2.html <-- stop^deco /home/jadi/tmp T_2.html
99.04.08 16:40 B E:\daylight\varianten\U_2.html <-- stop^deco /home/jadi/tmp U_2.html
99.04.08 16:40 B E:\daylight\varianten\V_0.html <-- stop^deco /home/jadi/tmp V_0.html
99.04.08 16:40 B E:\daylight\varianten\V_1.html <-- stop^deco /home/jadi/tmp V_1.html
99.04.08 16:40 B E:\daylight\varianten\V_2.html <-- stop^deco /home/jadi/tmp V_2.html
99.04.08 16:40 B E:\daylight\varianten\V_3.html <-- stop^deco /home/jadi/tmp V_3.html
99.04.08 16:40 B E:\daylight\varianten\W_1.html <-- stop^deco /home/jadi/tmp W_1.html
99.04.08 16:40 B E:\daylight\varianten\W_2.html <-- stop^deco /home/jadi/tmp W_2.html
99.04.08 16:40 B E:\daylight\varianten\W_3.html <-- stop^deco /home/jadi/tmp W_3.html
99.04.08 16:40 B E:\daylight\varianten\X_3.html <-- stop^deco /home/jadi/tmp X_3.html
99.04.08 17:34 B E:\daylight\varianten\A_0.html <-- stop^deco /home/jadi/tmp A_0.html
99.04.08 17:34 B E:\daylight\varianten\A_1.html <-- stop^deco /home/jadi/tmp A_1.html
99.04.08 17:34 B E:\daylight\varianten\A_2.html <-- stop^deco /home/jadi/tmp A_2.html
99.04.08 17:34 B E:\daylight\varianten\A_3.html <-- stop^deco /home/jadi/tmp A_3.html
99.04.08 17:34 B E:\daylight\varianten\A_4.html <-- stop^deco /home/jadi/tmp A_4.html
99.04.08 17:34 B E:\daylight\varianten\B_1.html <-- stop^deco /home/jadi/tmp B_1.html
99.04.08 17:34 B E:\daylight\varianten\B_2.html <-- stop^deco /home/jadi/tmp B_2.html
99.04.08 17:34 B E:\daylight\varianten\B_3.html <-- stop^deco /home/jadi/tmp B_3.html
99.04.08 17:34 B E:\daylight\varianten\C_1.html <-- stop^deco /home/jadi/tmp C_1.html
99.04.08 17:34 B E:\daylight\varianten\C_2.html <-- stop^deco /home/jadi/tmp C_2.html
99.04.08 17:34 B E:\daylight\varianten\C_3.html <-- stop^deco /home/jadi/tmp C_3.html
99.04.08 17:34 B E:\daylight\varianten\D_2.html <-- stop^deco /home/jadi/tmp D_2.html
99.04.08 17:34 B E:\daylight\varianten\E_0.html <-- stop^deco /home/jadi/tmp E_0.html
99.04.08 17:34 B E:\daylight\varianten\E_1.html <-- stop^deco /home/jadi/tmp E_1.html
99.04.08 17:34 B E:\daylight\varianten\E_2.html <-- stop^deco /home/jadi/tmp E_2.html
99.04.08 17:34 B E:\daylight\varianten\E_3.html <-- stop^deco /home/jadi/tmp E_3.html
99.04.08 17:34 B E:\daylight\varianten\F_0.html <-- stop^deco /home/jadi/tmp F_0.html
99.04.08 17:34 B E:\daylight\varianten\F_2.html <-- stop^deco /home/jadi/tmp F_2.html
99.04.08 17:34 B E:\daylight\varianten\G_2.html <-- stop^deco /home/jadi/tmp G_2.html
99.04.08 17:34 B E:\daylight\varianten\H_2.html <-- stop^deco /home/jadi/tmp H_2.html
99.04.08 17:34 B E:\daylight\varianten\K_0.html <-- stop^deco /home/jadi/tmp K_0.html
99.04.08 17:34 B E:\daylight\varianten\K_1.html <-- stop^deco /home/jadi/tmp K_1.html
99.04.08 17:34 B E:\daylight\varianten\K_2.html <-- stop^deco /home/jadi/tmp K_2.html
99.04.08 17:34 B E:\daylight\varianten\K_3.html <-- stop^deco /home/jadi/tmp K_3.html
99.04.08 17:34 B E:\daylight\varianten\L_1.html <-- stop^deco /home/jadi/tmp L_1.html
99.04.08 17:34 B E:\daylight\varianten\L_2.html <-- stop^deco /home/jadi/tmp L_2.html
99.04.08 17:34 B E:\daylight\varianten\L_3.html <-- stop^deco /home/jadi/tmp L_3.html
99.04.08 17:34 B E:\daylight\varianten\M_2.html <-- stop^deco /home/jadi/tmp M_2.html
99.04.08 17:34 B E:\daylight\varianten\M_3.html <-- stop^deco /home/jadi/tmp M_3.html
99.04.08 17:34 B E:\daylight\varianten\N_0.html <-- stop^deco /home/jadi/tmp N_0.html
99.04.08 17:34 B E:\daylight\varianten\N_1.html <-- stop^deco /home/jadi/tmp N_1.html
99.04.08 17:34 B E:\daylight\varianten\N_2.html <-- stop^deco /home/jadi/tmp N_2.html
99.04.08 17:34 B E:\daylight\varianten\N_3.html <-- stop^deco /home/jadi/tmp N_3.html
99.04.08 17:34 B E:\daylight\varianten\N_4.html <-- stop^deco /home/jadi/tmp N_4.html
99.04.08 17:34 B E:\daylight\varianten\P_2.html <-- stop^deco /home/jadi/tmp P_2.html
99.04.08 17:34 B E:\daylight\varianten\P_3.html <-- stop^deco /home/jadi/tmp P_3.html
99.04.08 17:34 B E:\daylight\varianten\Q_2.html <-- stop^deco /home/jadi/tmp Q_2.html
99.04.08 17:34 B E:\daylight\varianten\R_0.html <-- stop^deco /home/jadi/tmp R_0.html
99.04.08 17:34 B E:\daylight\varianten\R_1.html <-- stop^deco /home/jadi/tmp R_1.html
99.04.08 17:34 B E:\daylight\varianten\R_2.html <-- stop^deco /home/jadi/tmp R_2.html
99.04.08 17:34 B E:\daylight\varianten\R_3.html <-- stop^deco /home/jadi/tmp R_3.html
99.04.08 17:34 B E:\daylight\varianten\S_0.html <-- stop^deco /home/jadi/tmp S_0.html
99.04.08 17:34 B E:\daylight\varianten\T_2.html <-- stop^deco /home/jadi/tmp T_2.html
99.04.08 17:34 B E:\daylight\varianten\U_2.html <-- stop^deco /home/jadi/tmp U_2.html
99.04.08 17:34 B E:\daylight\varianten\V_0.html <-- stop^deco /home/jadi/tmp V_0.html
99.04.08 17:34 B E:\daylight\varianten\V_1.html <-- stop^deco /home/jadi/tmp V_1.html
99.04.08 17:34 B E:\daylight\varianten\V_2.html <-- stop^deco /home/jadi/tmp V_2.html
99.04.08 17:34 B E:\daylight\varianten\V_3.html <-- stop^deco /home/jadi/tmp V_3.html
99.04.08 17:34 B E:\daylight\varianten\W_1.html <-- stop^deco /home/jadi/tmp W_1.html
99.04.08 17:34 B E:\daylight\varianten\W_2.html <-- stop^deco /home/jadi/tmp W_2.html
99.04.08 17:34 B E:\daylight\varianten\W_3.html <-- stop^deco /home/jadi/tmp W_3.html
99.04.08 17:34 B E:\daylight\varianten\X_3.html <-- stop^deco /home/jadi/tmp X_3.html
99.04.08 17:39 B E:\daylight\varianten\A_0.html <-- stop^deco /home/jadi/tmp A_0.html
99.04.08 17:39 B E:\daylight\varianten\A_1.html <-- stop^deco /home/jadi/tmp A_1.html
99.04.08 17:39 B E:\daylight\varianten\A_2.html <-- stop^deco /home/jadi/tmp A_2.html
99.04.08 17:39 B E:\daylight\varianten\A_3.html <-- stop^deco /home/jadi/tmp A_3.html
99.04.08 17:39 B E:\daylight\varianten\A_4.html <-- stop^deco /home/jadi/tmp A_4.html
99.04.08 17:39 B E:\daylight\varianten\B_1.html <-- stop^deco /home/jadi/tmp B_1.html
99.04.08 17:39 B E:\daylight\varianten\B_2.html <-- stop^deco /home/jadi/tmp B_2.html
99.04.08 17:39 B E:\daylight\varianten\B_3.html <-- stop^deco /home/jadi/tmp B_3.html
99.04.08 17:39 B E:\daylight\varianten\C_1.html <-- stop^deco /home/jadi/tmp C_1.html
99.04.08 17:39 B E:\daylight\varianten\C_2.html <-- stop^deco /home/jadi/tmp C_2.html
99.04.08 17:39 B E:\daylight\varianten\C_3.html <-- stop^deco /home/jadi/tmp C_3.html
99.04.08 17:39 B E:\daylight\varianten\D_2.html <-- stop^deco /home/jadi/tmp D_2.html
99.04.08 17:39 B E:\daylight\varianten\E_0.html <-- stop^deco /home/jadi/tmp E_0.html
99.04.08 17:39 B E:\daylight\varianten\E_1.html <-- stop^deco /home/jadi/tmp E_1.html
99.04.08 17:39 B E:\daylight\varianten\E_2.html <-- stop^deco /home/jadi/tmp E_2.html
99.04.08 17:39 B E:\daylight\varianten\E_3.html <-- stop^deco /home/jadi/tmp E_3.html
99.04.08 17:39 B E:\daylight\varianten\F_0.html <-- stop^deco /home/jadi/tmp F_0.html
99.04.08 17:39 B E:\daylight\varianten\F_2.html <-- stop^deco /home/jadi/tmp F_2.html
99.04.08 17:39 B E:\daylight\varianten\G_2.html <-- stop^deco /home/jadi/tmp G_2.html
99.04.08 17:39 B E:\daylight\varianten\H_2.html <-- stop^deco /home/jadi/tmp H_2.html
99.04.08 17:39 B E:\daylight\varianten\K_0.html <-- stop^deco /home/jadi/tmp K_0.html
99.04.08 17:39 B E:\daylight\varianten\K_1.html <-- stop^deco /home/jadi/tmp K_1.html
99.04.08 17:39 B E:\daylight\varianten\K_2.html <-- stop^deco /home/jadi/tmp K_2.html
99.04.08 17:39 B E:\daylight\varianten\K_3.html <-- stop^deco /home/jadi/tmp K_3.html
99.04.08 17:39 B E:\daylight\varianten\L_1.html <-- stop^deco /home/jadi/tmp L_1.html
99.04.08 17:39 B E:\daylight\varianten\L_2.html <-- stop^deco /home/jadi/tmp L_2.html
99.04.08 17:39 B E:\daylight\varianten\L_3.html <-- stop^deco /home/jadi/tmp L_3.html
99.04.08 17:39 B E:\daylight\varianten\M_2.html <-- stop^deco /home/jadi/tmp M_2.html
99.04.08 17:39 B E:\daylight\varianten\M_3.html <-- stop^deco /home/jadi/tmp M_3.html
99.04.08 17:39 B E:\daylight\varianten\N_0.html <-- stop^deco /home/jadi/tmp N_0.html
99.04.08 17:39 B E:\daylight\varianten\N_1.html <-- stop^deco /home/jadi/tmp N_1.html
99.04.08 17:39 B E:\daylight\varianten\N_2.html <-- stop^deco /home/jadi/tmp N_2.html
99.04.08 17:39 B E:\daylight\varianten\N_3.html <-- stop^deco /home/jadi/tmp N_3.html
99.04.08 17:39 B E:\daylight\varianten\N_4.html <-- stop^deco /home/jadi/tmp N_4.html
99.04.08 17:39 B E:\daylight\varianten\P_2.html <-- stop^deco /home/jadi/tmp P_2.html
99.04.08 17:39 B E:\daylight\varianten\P_3.html <-- stop^deco /home/jadi/tmp P_3.html
99.04.08 17:39 B E:\daylight\varianten\Q_2.html <-- stop^deco /home/jadi/tmp Q_2.html
99.04.08 17:39 B E:\daylight\varianten\R_0.html <-- stop^deco /home/jadi/tmp R_0.html
99.04.08 17:39 B E:\daylight\varianten\R_1.html <-- stop^deco /home/jadi/tmp R_1.html
99.04.08 17:39 B E:\daylight\varianten\R_2.html <-- stop^deco /home/jadi/tmp R_2.html
99.04.08 17:39 B E:\daylight\varianten\R_3.html <-- stop^deco /home/jadi/tmp R_3.html
99.04.08 17:39 B E:\daylight\varianten\S_0.html <-- stop^deco /home/jadi/tmp S_0.html
99.04.08 17:39 B E:\daylight\varianten\T_2.html <-- stop^deco /home/jadi/tmp T_2.html
99.04.08 17:39 B E:\daylight\varianten\U_2.html <-- stop^deco /home/jadi/tmp U_2.html
99.04.08 17:39 B E:\daylight\varianten\V_0.html <-- stop^deco /home/jadi/tmp V_0.html
99.04.08 17:39 B E:\daylight\varianten\V_1.html <-- stop^deco /home/jadi/tmp V_1.html
99.04.08 17:39 B E:\daylight\varianten\V_2.html <-- stop^deco /home/jadi/tmp V_2.html
99.04.08 17:39 B E:\daylight\varianten\V_3.html <-- stop^deco /home/jadi/tmp V_3.html
99.04.08 17:39 B E:\daylight\varianten\W_1.html <-- stop^deco /home/jadi/tmp W_1.html
99.04.08 17:39 B E:\daylight\varianten\W_2.html <-- stop^deco /home/jadi/tmp W_2.html
99.04.08 17:39 B E:\daylight\varianten\W_3.html <-- stop^deco /home/jadi/tmp W_3.html
99.04.08 17:39 B E:\daylight\varianten\X_3.html <-- stop^deco /home/jadi/tmp X_3.html
99.04.09 10:10 B E:\daylight\varianten\A_0.html <-- stop^deco /home/jadi/tmp A_0.html
99.04.09 10:10 B E:\daylight\varianten\A_1.html <-- stop^deco /home/jadi/tmp A_1.html
99.04.09 10:10 B E:\daylight\varianten\A_2.html <-- stop^deco /home/jadi/tmp A_2.html
99.04.09 10:10 B E:\daylight\varianten\A_3.html <-- stop^deco /home/jadi/tmp A_3.html
99.04.09 10:11 B E:\daylight\varianten\A_4.html <-- stop^deco /home/jadi/tmp A_4.html
99.04.09 10:11 B E:\daylight\varianten\B_1.html <-- stop^deco /home/jadi/tmp B_1.html
99.04.09 10:11 B E:\daylight\varianten\B_2.html <-- stop^deco /home/jadi/tmp B_2.html
99.04.09 10:11 B E:\daylight\varianten\B_3.html <-- stop^deco /home/jadi/tmp B_3.html
99.04.09 10:11 B E:\daylight\varianten\C_1.html <-- stop^deco /home/jadi/tmp C_1.html
99.04.09 10:11 B E:\daylight\varianten\C_2.html <-- stop^deco /home/jadi/tmp C_2.html
99.04.09 10:11 B E:\daylight\varianten\C_3.html <-- stop^deco /home/jadi/tmp C_3.html
99.04.09 10:11 B E:\daylight\varianten\D_2.html <-- stop^deco /home/jadi/tmp D_2.html
99.04.09 10:11 B E:\daylight\varianten\E_0.html <-- stop^deco /home/jadi/tmp E_0.html
99.04.09 10:11 B E:\daylight\varianten\E_1.html <-- stop^deco /home/jadi/tmp E_1.html
99.04.09 10:11 B E:\daylight\varianten\E_2.html <-- stop^deco /home/jadi/tmp E_2.html
99.04.09 10:11 B E:\daylight\varianten\E_3.html <-- stop^deco /home/jadi/tmp E_3.html
99.04.09 10:11 B E:\daylight\varianten\F_0.html <-- stop^deco /home/jadi/tmp F_0.html
99.04.09 10:11 B E:\daylight\varianten\F_2.html <-- stop^deco /home/jadi/tmp F_2.html
99.04.09 10:11 B E:\daylight\varianten\G_2.html <-- stop^deco /home/jadi/tmp G_2.html
99.04.09 10:11 B E:\daylight\varianten\H_2.html <-- stop^deco /home/jadi/tmp H_2.html
99.04.09 10:11 B E:\daylight\varianten\K_0.html <-- stop^deco /home/jadi/tmp K_0.html
99.04.09 10:11 B E:\daylight\varianten\K_1.html <-- stop^deco /home/jadi/tmp K_1.html
99.04.09 10:11 B E:\daylight\varianten\K_2.html <-- stop^deco /home/jadi/tmp K_2.html
99.04.09 10:11 B E:\daylight\varianten\K_3.html <-- stop^deco /home/jadi/tmp K_3.html
99.04.09 10:11 B E:\daylight\varianten\L_1.html <-- stop^deco /home/jadi/tmp L_1.html
99.04.09 10:11 B E:\daylight\varianten\L_2.html <-- stop^deco /home/jadi/tmp L_2.html
99.04.09 10:11 B E:\daylight\varianten\L_3.html <-- stop^deco /home/jadi/tmp L_3.html
99.04.09 10:11 B E:\daylight\varianten\M_2.html <-- stop^deco /home/jadi/tmp M_2.html
99.04.09 10:11 B E:\daylight\varianten\M_3.html <-- stop^deco /home/jadi/tmp M_3.html
99.04.09 10:11 B E:\daylight\varianten\N_0.html <-- stop^deco /home/jadi/tmp N_0.html
99.04.09 10:11 B E:\daylight\varianten\N_1.html <-- stop^deco /home/jadi/tmp N_1.html
99.04.09 10:11 B E:\daylight\varianten\N_2.html <-- stop^deco /home/jadi/tmp N_2.html
99.04.09 10:11 B E:\daylight\varianten\N_3.html <-- stop^deco /home/jadi/tmp N_3.html
99.04.09 10:11 B E:\daylight\varianten\N_4.html <-- stop^deco /home/jadi/tmp N_4.html
99.04.09 10:11 B E:\daylight\varianten\P_2.html <-- stop^deco /home/jadi/tmp P_2.html
99.04.09 10:11 B E:\daylight\varianten\P_3.html <-- stop^deco /home/jadi/tmp P_3.html
99.04.09 10:11 B E:\daylight\varianten\Q_2.html <-- stop^deco /home/jadi/tmp Q_2.html
99.04.09 10:11 B E:\daylight\varianten\R_0.html <-- stop^deco /home/jadi/tmp R_0.html
99.04.09 10:11 B E:\daylight\varianten\R_1.html <-- stop^deco /home/jadi/tmp R_1.html
99.04.09 10:11 B E:\daylight\varianten\R_2.html <-- stop^deco /home/jadi/tmp R_2.html
99.04.09 10:11 B E:\daylight\varianten\R_3.html <-- stop^deco /home/jadi/tmp R_3.html
99.04.09 10:11 B E:\daylight\varianten\S_0.html <-- stop^deco /home/jadi/tmp S_0.html
99.04.09 10:11 B E:\daylight\varianten\T_2.html <-- stop^deco /home/jadi/tmp T_2.html
99.04.09 10:11 B E:\daylight\varianten\U_2.html <-- stop^deco /home/jadi/tmp U_2.html
99.04.09 10:11 B E:\daylight\varianten\V_0.html <-- stop^deco /home/jadi/tmp V_0.html
99.04.09 10:11 B E:\daylight\varianten\V_1.html <-- stop^deco /home/jadi/tmp V_1.html
99.04.09 10:11 B E:\daylight\varianten\V_2.html <-- stop^deco /home/jadi/tmp V_2.html
99.04.09 10:11 B E:\daylight\varianten\V_3.html <-- stop^deco /home/jadi/tmp V_3.html
99.04.09 10:11 B E:\daylight\varianten\W_1.html <-- stop^deco /home/jadi/tmp W_1.html
99.04.09 10:11 B E:\daylight\varianten\W_2.html <-- stop^deco /home/jadi/tmp W_2.html
99.04.09 10:11 B E:\daylight\varianten\W_3.html <-- stop^deco /home/jadi/tmp W_3.html
99.04.09 10:11 B E:\daylight\varianten\X_3.html <-- stop^deco /home/jadi/tmp X_3.html
99.04.09 10:32 B E:\daylight\varianten\A_0.html --> bf10.fago.bwk.tue.nl /home/jadi/tmp A_0.html
99.04.09 10:36 B E:\daylight\varianten\A_0.html <-- bf10 /home/jadi/tmp A_0.html
99.04.09 10:36 B E:\daylight\varianten\A_1.html <-- bf10 /home/jadi/tmp A_1.html
99.04.09 10:36 B E:\daylight\varianten\A_2.html <-- bf10 /home/jadi/tmp A_2.html
99.04.09 10:36 B E:\daylight\varianten\A_3.html <-- bf10 /home/jadi/tmp A_3.html
99.04.09 10:36 B E:\daylight\varianten\A_4.html <-- bf10 /home/jadi/tmp A_4.html
99.04.09 10:36 B E:\daylight\varianten\B_1.html <-- bf10 /home/jadi/tmp B_1.html
99.04.09 10:36 B E:\daylight\varianten\B_2.html <-- bf10 /home/jadi/tmp B_2.html
99.04.09 10:36 B E:\daylight\varianten\B_3.html <-- bf10 /home/jadi/tmp B_3.html
99.04.09 10:36 B E:\daylight\varianten\C_1.html <-- bf10 /home/jadi/tmp C_1.html
99.04.09 10:37 B E:\daylight\varianten\C_2.html <-- bf10 /home/jadi/tmp C_2.html
99.04.09 10:37 B E:\daylight\varianten\C_3.html <-- bf10 /home/jadi/tmp C_3.html
99.04.09 10:37 B E:\daylight\varianten\D_2.html <-- bf10 /home/jadi/tmp D_2.html
99.04.09 10:37 B E:\daylight\varianten\E_0.html <-- bf10 /home/jadi/tmp E_0.html
99.04.09 10:37 B E:\daylight\varianten\E_1.html <-- bf10 /home/jadi/tmp E_1.html
99.04.09 10:37 B E:\daylight\varianten\E_2.html <-- bf10 /home/jadi/tmp E_2.html
99.04.09 10:37 B E:\daylight\varianten\E_3.html <-- bf10 /home/jadi/tmp E_3.html
99.04.09 10:37 B E:\daylight\varianten\F_0.html <-- bf10 /home/jadi/tmp F_0.html
99.04.09 10:37 B E:\daylight\varianten\F_2.html <-- bf10 /home/jadi/tmp F_2.html
99.04.09 10:37 B E:\daylight\varianten\G_2.html <-- bf10 /home/jadi/tmp G_2.html
99.04.09 10:37 B E:\daylight\varianten\H_2.html <-- bf10 /home/jadi/tmp H_2.html
99.04.09 10:37 B E:\daylight\varianten\K_0.html <-- bf10 /home/jadi/tmp K_0.html
99.04.09 10:37 B E:\daylight\varianten\K_1.html <-- bf10 /home/jadi/tmp K_1.html
99.04.09 10:37 B E:\daylight\varianten\K_2.html <-- bf10 /home/jadi/tmp K_2.html
99.04.09 10:37 B E:\daylight\varianten\K_3.html <-- bf10 /home/jadi/tmp K_3.html
99.04.09 10:37 B E:\daylight\varianten\L_1.html <-- bf10 /home/jadi/tmp L_1.html
99.04.09 10:37 B E:\daylight\varianten\L_2.html <-- bf10 /home/jadi/tmp L_2.html
99.04.09 10:37 B E:\daylight\varianten\L_3.html <-- bf10 /home/jadi/tmp L_3.html
99.04.09 10:37 B E:\daylight\varianten\M_2.html <-- bf10 /home/jadi/tmp M_2.html
99.04.09 10:37 B E:\daylight\varianten\M_3.html <-- bf10 /home/jadi/tmp M_3.html
99.04.09 10:37 B E:\daylight\varianten\N_0.html <-- bf10 /home/jadi/tmp N_0.html
99.04.09 10:37 B E:\daylight\varianten\N_1.html <-- bf10 /home/jadi/tmp N_1.html
99.04.09 10:37 B E:\daylight\varianten\N_2.html <-- bf10 /home/jadi/tmp N_2.html
99.04.09 10:37 B E:\daylight\varianten\N_3.html <-- bf10 /home/jadi/tmp N_3.html
99.04.09 10:37 B E:\daylight\varianten\N_4.html <-- bf10 /home/jadi/tmp N_4.html
99.04.09 10:37 B E:\daylight\varianten\P_2.html <-- bf10 /home/jadi/tmp P_2.html
99.04.09 10:37 B E:\daylight\varianten\P_3.html <-- bf10 /home/jadi/tmp P_3.html
99.04.09 10:37 B E:\daylight\varianten\Q_2.html <-- bf10 /home/jadi/tmp Q_2.html
99.04.09 10:37 B E:\daylight\varianten\R_0.html <-- bf10 /home/jadi/tmp R_0.html
99.04.09 10:37 B E:\daylight\varianten\R_1.html <-- bf10 /home/jadi/tmp R_1.html
99.04.09 10:37 B E:\daylight\varianten\R_2.html <-- bf10 /home/jadi/tmp R_2.html
99.04.09 10:37 B E:\daylight\varianten\R_3.html <-- bf10 /home/jadi/tmp R_3.html
99.04.09 10:37 B E:\daylight\varianten\S_0.html <-- bf10 /home/jadi/tmp S_0.html
99.04.09 10:37 B E:\daylight\varianten\T_2.html <-- bf10 /home/jadi/tmp T_2.html
99.04.09 10:37 B E:\daylight\varianten\U_2.html <-- bf10 /home/jadi/tmp U_2.html
99.04.09 10:37 B E:\daylight\varianten\V_0.html <-- bf10 /home/jadi/tmp V_0.html
99.04.09 10:37 B E:\daylight\varianten\V_1.html <-- bf10 /home/jadi/tmp V_1.html
99.04.09 10:37 B E:\daylight\varianten\V_2.html <-- bf10 /home/jadi/tmp V_2.html
99.04.09 10:37 B E:\daylight\varianten\V_3.html <-- bf10 /home/jadi/tmp V_3.html
99.04.09 10:37 B E:\daylight\varianten\W_1.html <-- bf10 /home/jadi/tmp W_1.html
99.04.09 10:37 B E:\daylight\varianten\W_2.html <-- bf10 /home/jadi/tmp W_2.html
99.04.09 10:37 B E:\daylight\varianten\W_3.html <-- bf10 /home/jadi/tmp W_3.html
99.04.09 10:37 B E:\daylight\varianten\X_3.html <-- bf10 /home/jadi/tmp X_3.html
99.04.09 15:28 B E:\daylight\varianten\A_0.html <-- bf10 /home/jadi/tmp A_0.html
99.04.09 15:28 B E:\daylight\varianten\A_1.html <-- bf10 /home/jadi/tmp A_1.html
99.04.09 15:28 B E:\daylight\varianten\A_2.html <-- bf10 /home/jadi/tmp A_2.html
99.04.09 15:28 B E:\daylight\varianten\A_3.html <-- bf10 /home/jadi/tmp A_3.html
99.04.09 15:28 B E:\daylight\varianten\A_4.html <-- bf10 /home/jadi/tmp A_4.html
99.04.09 15:28 B E:\daylight\varianten\B_1.html <-- bf10 /home/jadi/tmp B_1.html
99.04.09 15:28 B E:\daylight\varianten\B_2.html <-- bf10 /home/jadi/tmp B_2.html
99.04.09 15:28 B E:\daylight\varianten\B_3.html <-- bf10 /home/jadi/tmp B_3.html
99.04.09 15:28 B E:\daylight\varianten\C_1.html <-- bf10 /home/jadi/tmp C_1.html
99.04.09 15:28 B E:\daylight\varianten\C_2.html <-- bf10 /home/jadi/tmp C_2.html
99.04.09 15:28 B E:\daylight\varianten\C_3.html <-- bf10 /home/jadi/tmp C_3.html
99.04.09 15:28 B E:\daylight\varianten\D_2.html <-- bf10 /home/jadi/tmp D_2.html
99.04.09 15:28 B E:\daylight\varianten\E_0.html <-- bf10 /home/jadi/tmp E_0.html
99.04.09 15:28 B E:\daylight\varianten\E_1.html <-- bf10 /home/jadi/tmp E_1.html
99.04.09 15:28 B E:\daylight\varianten\E_2.html <-- bf10 /home/jadi/tmp E_2.html
99.04.09 15:28 B E:\daylight\varianten\E_3.html <-- bf10 /home/jadi/tmp E_3.html
99.04.09 15:28 B E:\daylight\varianten\F_0.html <-- bf10 /home/jadi/tmp F_0.html
99.04.09 15:28 B E:\daylight\varianten\F_2.html <-- bf10 /home/jadi/tmp F_2.html
99.04.09 15:28 B E:\daylight\varianten\G_2.html <-- bf10 /home/jadi/tmp G_2.html
99.04.09 15:28 B E:\daylight\varianten\H_2.html <-- bf10 /home/jadi/tmp H_2.html
99.04.09 15:28 B E:\daylight\varianten\K_0.html <-- bf10 /home/jadi/tmp K_0.html
99.04.09 15:28 B E:\daylight\varianten\K_1.html <-- bf10 /home/jadi/tmp K_1.html
99.04.09 15:28 B E:\daylight\varianten\K_2.html <-- bf10 /home/jadi/tmp K_2.html
99.04.09 15:28 B E:\daylight\varianten\K_3.html <-- bf10 /home/jadi/tmp K_3.html
99.04.09 15:28 B E:\daylight\varianten\L_1.html <-- bf10 /home/jadi/tmp L_1.html
99.04.09 15:28 B E:\daylight\varianten\L_2.html <-- bf10 /home/jadi/tmp L_2.html
99.04.09 15:28 B E:\daylight\varianten\L_3.html <-- bf10 /home/jadi/tmp L_3.html
99.04.09 15:28 B E:\daylight\varianten\M_2.html <-- bf10 /home/jadi/tmp M_2.html
99.04.09 15:28 B E:\daylight\varianten\M_3.html <-- bf10 /home/jadi/tmp M_3.html
99.04.09 15:28 B E:\daylight\varianten\N_0.html <-- bf10 /home/jadi/tmp N_0.html
99.04.09 15:28 B E:\daylight\varianten\N_1.html <-- bf10 /home/jadi/tmp N_1.html
99.04.09 15:28 B E:\daylight\varianten\N_2.html <-- bf10 /home/jadi/tmp N_2.html
99.04.09 15:28 B E:\daylight\varianten\N_3.html <-- bf10 /home/jadi/tmp N_3.html
99.04.09 15:28 B E:\daylight\varianten\N_4.html <-- bf10 /home/jadi/tmp N_4.html
99.04.09 15:28 B E:\daylight\varianten\P_2.html <-- bf10 /home/jadi/tmp P_2.html
99.04.09 15:28 B E:\daylight\varianten\P_3.html <-- bf10 /home/jadi/tmp P_3.html
99.04.09 15:28 B E:\daylight\varianten\Q_2.html <-- bf10 /home/jadi/tmp Q_2.html
99.04.09 15:28 B E:\daylight\varianten\R_0.html <-- bf10 /home/jadi/tmp R_0.html
99.04.09 15:28 B E:\daylight\varianten\R_1.html <-- bf10 /home/jadi/tmp R_1.html
99.04.09 15:28 B E:\daylight\varianten\R_2.html <-- bf10 /home/jadi/tmp R_2.html
99.04.09 15:28 B E:\daylight\varianten\R_3.html <-- bf10 /home/jadi/tmp R_3.html
99.04.09 15:28 B E:\daylight\varianten\S_0.html <-- bf10 /home/jadi/tmp S_0.html
99.04.09 15:28 B E:\daylight\varianten\T_2.html <-- bf10 /home/jadi/tmp T_2.html
99.04.09 15:28 B E:\daylight\varianten\U_2.html <-- bf10 /home/jadi/tmp U_2.html
99.04.09 15:28 B E:\daylight\varianten\V_0.html <-- bf10 /home/jadi/tmp V_0.html
99.04.09 15:28 B E:\daylight\varianten\V_1.html <-- bf10 /home/jadi/tmp V_1.html
99.04.09 15:28 B E:\daylight\varianten\V_2.html <-- bf10 /home/jadi/tmp V_2.html
99.04.09 15:28 B E:\daylight\varianten\V_3.html <-- bf10 /home/jadi/tmp V_3.html
99.04.09 15:28 B E:\daylight\varianten\W_1.html <-- bf10 /home/jadi/tmp W_1.html
99.04.09 15:28 B E:\daylight\varianten\W_2.html <-- bf10 /home/jadi/tmp W_2.html
99.04.09 15:28 B E:\daylight\varianten\W_3.html <-- bf10 /home/jadi/tmp W_3.html
99.04.09 15:28 B E:\daylight\varianten\X_3.html <-- bf10 /home/jadi/tmp X_3.html
99.06.08 14:30 B E:\daylight\varianten\A_0.html <-- bf10 /home/jadi/tmp A_0.html
99.06.08 14:30 B E:\daylight\varianten\A_1.html <-- bf10 /home/jadi/tmp A_1.html
99.06.08 14:30 B E:\daylight\varianten\A_2.html <-- bf10 /home/jadi/tmp A_2.html
99.06.08 14:30 B E:\daylight\varianten\A_3.html <-- bf10 /home/jadi/tmp A_3.html
99.06.08 14:30 B E:\daylight\varianten\A_4.html <-- bf10 /home/jadi/tmp A_4.html
99.06.08 14:30 B E:\daylight\varianten\B_1.html <-- bf10 /home/jadi/tmp B_1.html
99.06.08 14:30 B E:\daylight\varianten\B_2.html <-- bf10 /home/jadi/tmp B_2.html
99.06.08 14:30 B E:\daylight\varianten\B_3.html <-- bf10 /home/jadi/tmp B_3.html
99.06.08 14:30 B E:\daylight\varianten\C_1.html <-- bf10 /home/jadi/tmp C_1.html
99.06.08 14:30 B E:\daylight\varianten\C_2.html <-- bf10 /home/jadi/tmp C_2.html
99.06.08 14:30 B E:\daylight\varianten\C_3.html <-- bf10 /home/jadi/tmp C_3.html
99.06.08 14:30 B E:\daylight\varianten\D_2.html <-- bf10 /home/jadi/tmp D_2.html
99.06.08 14:30 B E:\daylight\varianten\E_0.html <-- bf10 /home/jadi/tmp E_0.html
99.06.08 14:30 B E:\daylight\varianten\E_0_000000.html <-- bf10 /home/jadi/tmp E_0_000000.html
99.06.08 14:30 B E:\daylight\varianten\E_0_000000X.html <-- bf10 /home/jadi/tmp E_0_000000X.html
99.06.08 14:30 B E:\daylight\varianten\E_0_007020.html <-- bf10 /home/jadi/tmp E_0_007020.html
99.06.08 14:30 B E:\daylight\varianten\E_0_107020.html <-- bf10 /home/jadi/tmp E_0_107020.html
99.06.08 14:30 B E:\daylight\varianten\E_0_201705.html <-- bf10 /home/jadi/tmp E_0_201705.html
99.06.08 14:30 B E:\daylight\varianten\E_0_201705X.html <-- bf10 /home/jadi/tmp E_0_201705X.html
99.06.08 14:30 B E:\daylight\varianten\E_0_207020.html <-- bf10 /home/jadi/tmp E_0_207020.html
99.06.08 14:30 B E:\daylight\varianten\E_0_403510.html <-- bf10 /home/jadi/tmp E_0_403510.html
99.06.08 14:30 B E:\daylight\varianten\E_0_403510X.html <-- bf10 /home/jadi/tmp E_0_403510X.html
99.06.08 14:30 B E:\daylight\varianten\E_0_407020.html <-- bf10 /home/jadi/tmp E_0_407020.html
99.06.08 14:30 B E:\daylight\varianten\E_0_800020.html <-- bf10 /home/jadi/tmp E_0_800020.html
99.06.08 14:30 B E:\daylight\varianten\E_0_800920.html <-- bf10 /home/jadi/tmp E_0_800920.html
99.06.08 14:30 B E:\daylight\varianten\E_0_801720.html <-- bf10 /home/jadi/tmp E_0_801720.html
99.06.08 14:30 B E:\daylight\varianten\E_0_803520.html <-- bf10 /home/jadi/tmp E_0_803520.html
99.06.08 14:30 B E:\daylight\varianten\E_0_807000.html <-- bf10 /home/jadi/tmp E_0_807000.html
99.06.08 14:30 B E:\daylight\varianten\E_0_807010.html <-- bf10 /home/jadi/tmp E_0_807010.html
99.06.08 14:30 B E:\daylight\varianten\E_0_807020.html <-- bf10 /home/jadi/tmp E_0_807020.html
99.06.08 14:30 B E:\daylight\varianten\E_0_807020X.html <-- bf10 /home/jadi/tmp E_0_807020X.html
99.06.08 14:30 B E:\daylight\varianten\E_0_807040.html <-- bf10 /home/jadi/tmp E_0_807040.html
99.06.08 14:30 B E:\daylight\varianten\E_0_807080.html <-- bf10 /home/jadi/tmp E_0_807080.html
99.06.08 14:30 B E:\daylight\varianten\E_0_80L0020.html <-- bf10 /home/jadi/tmp E_0_80L0020.html
99.06.08 14:30 B E:\daylight\varianten\E_0_80L0920.html <-- bf10 /home/jadi/tmp E_0_80L0920.html
99.06.08 14:30 B E:\daylight\varianten\E_0_80L1720.html <-- bf10 /home/jadi/tmp E_0_80L1720.html
99.06.08 14:30 B E:\daylight\varianten\E_0_80L3520.html <-- bf10 /home/jadi/tmp E_0_80L3520.html
99.06.08 14:30 B E:\daylight\varianten\E_0_btg.html <-- bf10 /home/jadi/tmp E_0_btg.html
99.06.08 14:30 B E:\daylight\varianten\E_0_dk.html <-- bf10 /home/jadi/tmp E_0_dk.html
99.06.08 14:30 B E:\daylight\varianten\E_0_lbtg.html <-- bf10 /home/jadi/tmp E_0_lbtg.html
99.06.08 14:30 B E:\daylight\varianten\E_0_lgtg.html <-- bf10 /home/jadi/tmp E_0_lgtg.html
99.06.08 14:30 B E:\daylight\varianten\E_0_parquet.html <-- bf10 /home/jadi/tmp E_0_parquet.html
99.06.08 14:30 B E:\daylight\varianten\E_0_vb.html <-- bf10 /home/jadi/tmp E_0_vb.html
99.06.08 14:30 B E:\daylight\varianten\E_0_zwkoz.html <-- bf10 /home/jadi/tmp E_0_zwkoz.html
99.06.08 14:30 B E:\daylight\varianten\E_1.html <-- bf10 /home/jadi/tmp E_1.html
99.06.08 14:30 B E:\daylight\varianten\E_2.html <-- bf10 /home/jadi/tmp E_2.html
99.06.08 14:30 B E:\daylight\varianten\E_3.html <-- bf10 /home/jadi/tmp E_3.html
99.06.08 14:30 B E:\daylight\varianten\F_0.html <-- bf10 /home/jadi/tmp F_0.html
99.06.08 14:30 B E:\daylight\varianten\F_2.html <-- bf10 /home/jadi/tmp F_2.html
99.06.08 14:30 B E:\daylight\varianten\G_2.html <-- bf10 /home/jadi/tmp G_2.html
99.06.08 14:30 B E:\daylight\varianten\H_2.html <-- bf10 /home/jadi/tmp H_2.html
99.06.08 14:30 B E:\daylight\varianten\K_0.html <-- bf10 /home/jadi/tmp K_0.html
99.06.08 14:30 B E:\daylight\varianten\K_1.html <-- bf10 /home/jadi/tmp K_1.html
99.06.08 14:30 B E:\daylight\varianten\K_2.html <-- bf10 /home/jadi/tmp K_2.html
99.06.08 14:30 B E:\daylight\varianten\K_3.html <-- bf10 /home/jadi/tmp K_3.html
99.06.08 14:30 B E:\daylight\varianten\L_1.html <-- bf10 /home/jadi/tmp L_1.html
99.06.08 14:30 B E:\daylight\varianten\L_2.html <-- bf10 /home/jadi/tmp L_2.html
99.06.08 14:30 B E:\daylight\varianten\L_3.html <-- bf10 /home/jadi/tmp L_3.html
99.06.08 14:30 B E:\daylight\varianten\M_2.html <-- bf10 /home/jadi/tmp M_2.html
99.06.08 14:30 B E:\daylight\varianten\M_3.html <-- bf10 /home/jadi/tmp M_3.html
99.06.08 14:30 B E:\daylight\varianten\N_0.html <-- bf10 /home/jadi/tmp N_0.html
99.06.08 14:30 B E:\daylight\varianten\N_1.html <-- bf10 /home/jadi/tmp N_1.html
99.06.08 14:30 B E:\daylight\varianten\N_2.html <-- bf10 /home/jadi/tmp N_2.html
99.06.08 14:30 B E:\daylight\varianten\N_3.html <-- bf10 /home/jadi/tmp N_3.html
99.06.08 14:30 B E:\daylight\varianten\N_4.html <-- bf10 /home/jadi/tmp N_4.html
99.06.08 14:30 B E:\daylight\varianten\P_2.html <-- bf10 /home/jadi/tmp P_2.html
99.06.08 14:30 B E:\daylight\varianten\P_3.html <-- bf10 /home/jadi/tmp P_3.html
99.06.08 14:30 B E:\daylight\varianten\Q_2.html <-- bf10 /home/jadi/tmp Q_2.html
99.06.08 14:30 B E:\daylight\varianten\R_0.html <-- bf10 /home/jadi/tmp R_0.html
99.06.08 14:30 B E:\daylight\varianten\R_1.html <-- bf10 /home/jadi/tmp R_1.html
99.06.08 14:30 B E:\daylight\varianten\R_2.html <-- bf10 /home/jadi/tmp R_2.html
99.06.08 14:30 B E:\daylight\varianten\R_3.html <-- bf10 /home/jadi/tmp R_3.html
99.06.08 14:30 B E:\daylight\varianten\S_0.html <-- bf10 /home/jadi/tmp S_0.html
99.06.08 14:30 B E:\daylight\varianten\T_2.html <-- bf10 /home/jadi/tmp T_2.html
99.06.08 14:30 B E:\daylight\varianten\U_2.html <-- bf10 /home/jadi/tmp U_2.html
99.06.08 14:30 B E:\daylight\varianten\V_0.html <-- bf10 /home/jadi/tmp V_0.html
99.06.08 14:30 B E:\daylight\varianten\V_1.html <-- bf10 /home/jadi/tmp V_1.html
99.06.08 14:30 B E:\daylight\varianten\V_2.html <-- bf10 /home/jadi/tmp V_2.html
99.06.08 14:30 B E:\daylight\varianten\V_3.html <-- bf10 /home/jadi/tmp V_3.html
99.06.08 14:30 B E:\daylight\varianten\W_1.html <-- bf10 /home/jadi/tmp W_1.html
99.06.08 14:30 B E:\daylight\varianten\W_2.html <-- bf10 /home/jadi/tmp W_2.html
99.06.08 14:30 B E:\daylight\varianten\W_3.html <-- bf10 /home/jadi/tmp W_3.html
99.06.08 14:30 B E:\daylight\varianten\X_3.html <-- bf10 /home/jadi/tmp X_3.html
99.06.08 14:59 B E:\daylight\varianten\A_0_125.html <-- bf10 /home/jadi/tmp A_0_125.html
99.06.08 14:59 B E:\daylight\varianten\A_0_150.html <-- bf10 /home/jadi/tmp A_0_150.html
99.06.08 14:59 B E:\daylight\varianten\A_0_175.html <-- bf10 /home/jadi/tmp A_0_175.html
99.06.08 14:59 B E:\daylight\varianten\A_0_200.html <-- bf10 /home/jadi/tmp A_0_200.html
99.06.08 14:59 B E:\daylight\varianten\A_0_225.html <-- bf10 /home/jadi/tmp A_0_225.html
99.06.08 14:59 B E:\daylight\varianten\A_0_250.html <-- bf10 /home/jadi/tmp A_0_250.html
99.06.08 15:17 B E:\daylight\varianten\A_0.html <-- bf10 /home/jadi/tmp A_0.html
99.06.08 15:17 B E:\daylight\varianten\A_0.html <-- bf10 /home/jadi/tmp A_0.html
99.06.08 15:17 B E:\daylight\varianten\A_0_125.html <-- bf10 /home/jadi/tmp A_0_125.html
99.06.08 15:17 B E:\daylight\varianten\A_0_150.html <-- bf10 /home/jadi/tmp A_0_150.html
99.06.08 15:17 B E:\daylight\varianten\A_0_175.html <-- bf10 /home/jadi/tmp A_0_175.html
99.06.08 15:17 B E:\daylight\varianten\A_0_200.html <-- bf10 /home/jadi/tmp A_0_200.html
99.06.08 15:17 B E:\daylight\varianten\A_0_225.html <-- bf10 /home/jadi/tmp A_0_225.html
99.06.08 15:17 B E:\daylight\varianten\A_0_250.html <-- bf10 /home/jadi/tmp A_0_250.html
99.06.08 15:17 B E:\daylight\varianten\A_1.html <-- bf10 /home/jadi/tmp A_1.html
99.06.08 15:17 B E:\daylight\varianten\A_2.html <-- bf10 /home/jadi/tmp A_2.html
99.06.08 15:17 B E:\daylight\varianten\A_3.html <-- bf10 /home/jadi/tmp A_3.html
99.06.08 15:17 B E:\daylight\varianten\A_4.html <-- bf10 /home/jadi/tmp A_4.html
99.06.08 15:17 B E:\daylight\varianten\B_1.html <-- bf10 /home/jadi/tmp B_1.html
99.06.08 15:17 B E:\daylight\varianten\B_2.html <-- bf10 /home/jadi/tmp B_2.html
99.06.08 15:17 B E:\daylight\varianten\B_3.html <-- bf10 /home/jadi/tmp B_3.html
99.06.08 15:17 B E:\daylight\varianten\C_1.html <-- bf10 /home/jadi/tmp C_1.html
99.06.08 15:17 B E:\daylight\varianten\C_2.html <-- bf10 /home/jadi/tmp C_2.html
99.06.08 15:17 B E:\daylight\varianten\C_3.html <-- bf10 /home/jadi/tmp C_3.html
99.06.08 15:17 B E:\daylight\varianten\D_2.html <-- bf10 /home/jadi/tmp D_2.html
99.06.08 15:17 B E:\daylight\varianten\E_0.html <-- bf10 /home/jadi/tmp E_0.html
99.06.08 15:17 B E:\daylight\varianten\E_0_000000.html <-- bf10 /home/jadi/tmp E_0_000000.html
99.06.08 15:17 B E:\daylight\varianten\E_0_000000X.html <-- bf10 /home/jadi/tmp E_0_000000X.html
99.06.08 15:17 B E:\daylight\varianten\E_0_007020.html <-- bf10 /home/jadi/tmp E_0_007020.html
99.06.08 15:17 B E:\daylight\varianten\E_0_107020.html <-- bf10 /home/jadi/tmp E_0_107020.html
99.06.08 15:17 B E:\daylight\varianten\E_0_201705.html <-- bf10 /home/jadi/tmp E_0_201705.html
99.06.08 15:17 B E:\daylight\varianten\E_0_201705X.html <-- bf10 /home/jadi/tmp E_0_201705X.html
99.06.08 15:17 B E:\daylight\varianten\E_0_207020.html <-- bf10 /home/jadi/tmp E_0_207020.html
99.06.08 15:17 B E:\daylight\varianten\E_0_403510.html <-- bf10 /home/jadi/tmp E_0_403510.html
99.06.08 15:17 B E:\daylight\varianten\E_0_403510X.html <-- bf10 /home/jadi/tmp E_0_403510X.html
99.06.08 15:17 B E:\daylight\varianten\E_0_407020.html <-- bf10 /home/jadi/tmp E_0_407020.html
99.06.08 15:17 B E:\daylight\varianten\E_0_800020.html <-- bf10 /home/jadi/tmp E_0_800020.html
99.06.08 15:17 B E:\daylight\varianten\E_0_800920.html <-- bf10 /home/jadi/tmp E_0_800920.html
99.06.08 15:17 B E:\daylight\varianten\E_0_801720.html <-- bf10 /home/jadi/tmp E_0_801720.html
99.06.08 15:17 B E:\daylight\varianten\E_0_803520.html <-- bf10 /home/jadi/tmp E_0_803520.html
99.06.08 15:17 B E:\daylight\varianten\E_0_807000.html <-- bf10 /home/jadi/tmp E_0_807000.html
99.06.08 15:17 B E:\daylight\varianten\E_0_807010.html <-- bf10 /home/jadi/tmp E_0_807010.html
99.06.08 15:17 B E:\daylight\varianten\E_0_807020.html <-- bf10 /home/jadi/tmp E_0_807020.html
99.06.08 15:17 B E:\daylight\varianten\E_0_807020X.html <-- bf10 /home/jadi/tmp E_0_807020X.html
99.06.08 15:17 B E:\daylight\varianten\E_0_807040.html <-- bf10 /home/jadi/tmp E_0_807040.html
99.06.08 15:17 B E:\daylight\varianten\E_0_807080.html <-- bf10 /home/jadi/tmp E_0_807080.html
99.06.08 15:17 B E:\daylight\varianten\E_0_80L0020.html <-- bf10 /home/jadi/tmp E_0_80L0020.html
99.06.08 15:17 B E:\daylight\varianten\E_0_80L0920.html <-- bf10 /home/jadi/tmp E_0_80L0920.html
99.06.08 15:17 B E:\daylight\varianten\E_0_80L1720.html <-- bf10 /home/jadi/tmp E_0_80L1720.html
99.06.08 15:17 B E:\daylight\varianten\E_0_80L3520.html <-- bf10 /home/jadi/tmp E_0_80L3520.html
99.06.08 15:17 B E:\daylight\varianten\E_0_btg.html <-- bf10 /home/jadi/tmp E_0_btg.html
99.06.08 15:17 B E:\daylight\varianten\E_0_dk.html <-- bf10 /home/jadi/tmp E_0_dk.html
99.06.08 15:17 B E:\daylight\varianten\E_0_lbtg.html <-- bf10 /home/jadi/tmp E_0_lbtg.html
99.06.08 15:17 B E:\daylight\varianten\E_0_lgtg.html <-- bf10 /home/jadi/tmp E_0_lgtg.html
99.06.08 15:17 B E:\daylight\varianten\E_0_parquet.html <-- bf10 /home/jadi/tmp E_0_parquet.html
99.06.08 15:17 B E:\daylight\varianten\E_0_vb.html <-- bf10 /home/jadi/tmp E_0_vb.html
99.06.08 15:17 B E:\daylight\varianten\E_0_zwkoz.html <-- bf10 /home/jadi/tmp E_0_zwkoz.html
99.06.08 15:17 B E:\daylight\varianten\E_1.html <-- bf10 /home/jadi/tmp E_1.html
99.06.08 15:17 B E:\daylight\varianten\E_2.html <-- bf10 /home/jadi/tmp E_2.html
99.06.08 15:17 B E:\daylight\varianten\E_3.html <-- bf10 /home/jadi/tmp E_3.html
99.06.08 15:17 B E:\daylight\varianten\F_0.html <-- bf10 /home/jadi/tmp F_0.html
99.06.08 15:17 B E:\daylight\varianten\F_2.html <-- bf10 /home/jadi/tmp F_2.html
99.06.08 15:17 B E:\daylight\varianten\G_2.html <-- bf10 /home/jadi/tmp G_2.html
99.06.08 15:17 B E:\daylight\varianten\H_2.html <-- bf10 /home/jadi/tmp H_2.html
99.06.08 15:17 B E:\daylight\varianten\K_0.html <-- bf10 /home/jadi/tmp K_0.html
99.06.08 15:17 B E:\daylight\varianten\K_1.html <-- bf10 /home/jadi/tmp K_1.html
99.06.08 15:17 B E:\daylight\varianten\K_2.html <-- bf10 /home/jadi/tmp K_2.html
99.06.08 15:17 B E:\daylight\varianten\K_3.html <-- bf10 /home/jadi/tmp K_3.html
99.06.08 15:17 B E:\daylight\varianten\L_1.html <-- bf10 /home/jadi/tmp L_1.html
99.06.08 15:17 B E:\daylight\varianten\L_2.html <-- bf10 /home/jadi/tmp L_2.html
99.06.08 15:17 B E:\daylight\varianten\L_3.html <-- bf10 /home/jadi/tmp L_3.html
99.06.08 15:17 B E:\daylight\varianten\M_2.html <-- bf10 /home/jadi/tmp M_2.html
99.06.08 15:17 B E:\daylight\varianten\M_3.html <-- bf10 /home/jadi/tmp M_3.html
99.06.08 15:17 B E:\daylight\varianten\N_0.html <-- bf10 /home/jadi/tmp N_0.html
99.06.08 15:17 B E:\daylight\varianten\N_1.html <-- bf10 /home/jadi/tmp N_1.html
99.06.08 15:17 B E:\daylight\varianten\N_2.html <-- bf10 /home/jadi/tmp N_2.html
99.06.08 15:17 B E:\daylight\varianten\N_3.html <-- bf10 /home/jadi/tmp N_3.html
99.06.08 15:17 B E:\daylight\varianten\N_4.html <-- bf10 /home/jadi/tmp N_4.html
99.06.08 15:17 B E:\daylight\varianten\P_2.html <-- bf10 /home/jadi/tmp P_2.html
99.06.08 15:17 B E:\daylight\varianten\P_3.html <-- bf10 /home/jadi/tmp P_3.html
99.06.08 15:17 B E:\daylight\varianten\Q_2.html <-- bf10 /home/jadi/tmp Q_2.html
99.06.08 15:17 B E:\daylight\varianten\R_0.html <-- bf10 /home/jadi/tmp R_0.html
99.06.08 15:17 B E:\daylight\varianten\R_1.html <-- bf10 /home/jadi/tmp R_1.html
99.06.08 15:17 B E:\daylight\varianten\R_2.html <-- bf10 /home/jadi/tmp R_2.html
99.06.08 15:17 B E:\daylight\varianten\R_3.html <-- bf10 /home/jadi/tmp R_3.html
99.06.08 15:17 B E:\daylight\varianten\S_0.html <-- bf10 /home/jadi/tmp S_0.html
99.06.08 15:17 B E:\daylight\varianten\T_2.html <-- bf10 /home/jadi/tmp T_2.html
99.06.08 15:17 B E:\daylight\varianten\U_2.html <-- bf10 /home/jadi/tmp U_2.html
99.06.08 15:17 B E:\daylight\varianten\V_0.html <-- bf10 /home/jadi/tmp V_0.html
99.06.08 15:18 B E:\daylight\varianten\V_1.html <-- bf10 /home/jadi/tmp V_1.html
99.06.08 15:18 B E:\daylight\varianten\V_2.html <-- bf10 /home/jadi/tmp V_2.html
99.06.08 15:18 B E:\daylight\varianten\V_3.html <-- bf10 /home/jadi/tmp V_3.html
99.06.08 15:18 B E:\daylight\varianten\W_1.html <-- bf10 /home/jadi/tmp W_1.html
99.06.08 15:18 B E:\daylight\varianten\W_2.html <-- bf10 /home/jadi/tmp W_2.html
99.06.08 15:18 B E:\daylight\varianten\W_3.html <-- bf10 /home/jadi/tmp W_3.html
99.06.08 15:18 B E:\daylight\varianten\X_3.html <-- bf10 /home/jadi/tmp X_3.html
99.12.06 10:28 B E:\daylight\varianten\A_0.html --> bf2.fago.bwk.tue.nl /export/homebf2c/jadi-1/backup_pc/daylight/varianten A_0.html
99.12.06 10:28 B E:\daylight\varianten\A_0_125.html --> bf2.fago.bwk.tue.nl /export/homebf2c/jadi-1/backup_pc/daylight/varianten A_0_125.html
99.12.06 10:28 B E:\daylight\varianten\A_0_150.html --> bf2.fago.bwk.tue.nl /export/homebf2c/jadi-1/backup_pc/daylight/varianten A_0_150.html
99.12.06 10:28 B E:\daylight\varianten\A_0_175.html --> bf2.fago.bwk.tue.nl /export/homebf2c/jadi-1/backup_pc/daylight/varianten A_0_175.html
99.12.06 10:28 B E:\daylight\varianten\A_0_200.html --> bf2.fago.bwk.tue.nl /export/homebf2c/jadi-1/backup_pc/daylight/varianten A_0_200.html
99.12.06 10:28 B E:\daylight\varianten\A_0_225.html --> bf2.fago.bwk.tue.nl /export/homebf2c/jadi-1/backup_pc/daylight/varianten A_0_225.html
99.12.06 10:28 B E:\daylight\varianten\A_0_250.html --> bf2.fago.bwk.tue.nl /export/homebf2c/jadi-1/backup_pc/daylight/varianten A_0_250.html
99.12.06 10:28 B E:\daylight\varianten\A_1.html --> bf2.fago.bwk.tue.nl /export/homebf2c/jadi-1/backup_pc/daylight/varianten A_1.html
99.12.06 10:28 B E:\daylight\varianten\A_2.html --> bf2.fago.bwk.tue.nl /export/homebf2c/jadi-1/backup_pc/daylight/varianten A_2.html
99.12.06 10:28 B E:\daylight\varianten\A_3.html --> bf2.fago.bwk.tue.nl /export/homebf2c/jadi-1/backup_pc/daylight/varianten A_3.html
99.12.06 10:28 B E:\daylight\varianten\A_4.html --> bf2.fago.bwk.tue.nl /export/homebf2c/jadi-1/backup_pc/daylight/varianten A_4.html
99.12.06 10:28 B E:\daylight\varianten\B_1.html --> bf2.fago.bwk.tue.nl /export/homebf2c/jadi-1/backup_pc/daylight/varianten B_1.html
99.12.06 10:28 B E:\daylight\varianten\B_2.html --> bf2.fago.bwk.tue.nl /export/homebf2c/jadi-1/backup_pc/daylight/varianten B_2.html
99.12.06 10:28 B E:\daylight\varianten\B_3.html --> bf2.fago.bwk.tue.nl /export/homebf2c/jadi-1/backup_pc/daylight/varianten B_3.html
99.12.06 10:28 B E:\daylight\varianten\C_1.html --> bf2.fago.bwk.tue.nl /export/homebf2c/jadi-1/backup_pc/daylight/varianten C_1.html
99.12.06 10:28 B E:\daylight\varianten\C_2.html --> bf2.fago.bwk.tue.nl /export/homebf2c/jadi-1/backup_pc/daylight/varianten C_2.html
99.12.06 10:28 B E:\daylight\varianten\C_3.html --> bf2.fago.bwk.tue.nl /export/homebf2c/jadi-1/backup_pc/daylight/varianten C_3.html
99.12.06 10:28 B E:\daylight\varianten\D_2.html --> bf2.fago.bwk.tue.nl /export/homebf2c/jadi-1/backup_pc/daylight/varianten D_2.html
99.12.06 10:28 B E:\daylight\varianten\description.html --> bf2.fago.bwk.tue.nl /export/homebf2c/jadi-1/backup_pc/daylight/varianten description.html
99.12.06 10:28 B E:\daylight\varianten\E_0.html --> bf2.fago.bwk.tue.nl /export/homebf2c/jadi-1/backup_pc/daylight/varianten E_0.html
99.12.06 10:28 B E:\daylight\varianten\E_0_000000.html --> bf2.fago.bwk.tue.nl /export/homebf2c/jadi-1/backup_pc/daylight/varianten E_0_000000.html
99.12.06 10:28 B E:\daylight\varianten\E_0_000000X.html --> bf2.fago.bwk.tue.nl /export/homebf2c/jadi-1/backup_pc/daylight/varianten E_0_000000X.html
99.12.06 10:28 B E:\daylight\varianten\E_0_007020.html --> bf2.fago.bwk.tue.nl /export/homebf2c/jadi-1/backup_pc/daylight/varianten E_0_007020.html
99.12.06 10:28 B E:\daylight\varianten\E_0_107020.html --> bf2.fago.bwk.tue.nl /export/homebf2c/jadi-1/backup_pc/daylight/varianten E_0_107020.html
99.12.06 10:28 B E:\daylight\varianten\E_0_201705.html --> bf2.fago.bwk.tue.nl /export/homebf2c/jadi-1/backup_pc/daylight/varianten E_0_201705.html
99.12.06 10:28 B E:\daylight\varianten\E_0_201705X.html --> bf2.fago.bwk.tue.nl /export/homebf2c/jadi-1/backup_pc/daylight/varianten E_0_201705X.html
99.12.06 10:28 B E:\daylight\varianten\E_0_207020.html --> bf2.fago.bwk.tue.nl /export/homebf2c/jadi-1/backup_pc/daylight/varianten E_0_207020.html
99.12.06 10:28 B E:\daylight\varianten\E_0_403510.html --> bf2.fago.bwk.tue.nl /export/homebf2c/jadi-1/backup_pc/daylight/varianten E_0_403510.html
99.12.06 10:28 B E:\daylight\varianten\E_0_403510X.html --> bf2.fago.bwk.tue.nl /export/homebf2c/jadi-1/backup_pc/daylight/varianten E_0_403510X.html
99.12.06 10:28 B E:\daylight\varianten\E_0_407020.html --> bf2.fago.bwk.tue.nl /export/homebf2c/jadi-1/backup_pc/daylight/varianten E_0_407020.html
99.12.06 10:28 B E:\daylight\varianten\E_0_800020.html --> bf2.fago.bwk.tue.nl /export/homebf2c/jadi-1/backup_pc/daylight/varianten E_0_800020.html
99.12.06 10:28 B E:\daylight\varianten\E_0_800920.html --> bf2.fago.bwk.tue.nl /export/homebf2c/jadi-1/backup_pc/daylight/varianten E_0_800920.html
99.12.06 10:28 B E:\daylight\varianten\E_0_801720.html --> bf2.fago.bwk.tue.nl /export/homebf2c/jadi-1/backup_pc/daylight/varianten E_0_801720.html
99.12.06 10:28 B E:\daylight\varianten\E_0_803520.html --> bf2.fago.bwk.tue.nl /export/homebf2c/jadi-1/backup_pc/daylight/varianten E_0_803520.html
99.12.06 10:28 B E:\daylight\varianten\E_0_807000.html --> bf2.fago.bwk.tue.nl /export/homebf2c/jadi-1/backup_pc/daylight/varianten E_0_807000.html
99.12.06 10:28 B E:\daylight\varianten\E_0_807010.html --> bf2.fago.bwk.tue.nl /export/homebf2c/jadi-1/backup_pc/daylight/varianten E_0_807010.html
99.12.06 10:28 B E:\daylight\varianten\E_0_807020.html --> bf2.fago.bwk.tue.nl /export/homebf2c/jadi-1/backup_pc/daylight/varianten E_0_807020.html
99.12.06 10:28 B E:\daylight\varianten\E_0_807020X.html --> bf2.fago.bwk.tue.nl /export/homebf2c/jadi-1/backup_pc/daylight/varianten E_0_807020X.html
99.12.06 10:28 B E:\daylight\varianten\E_0_807040.html --> bf2.fago.bwk.tue.nl /export/homebf2c/jadi-1/backup_pc/daylight/varianten E_0_807040.html
99.12.06 10:28 B E:\daylight\varianten\E_0_807080.html --> bf2.fago.bwk.tue.nl /export/homebf2c/jadi-1/backup_pc/daylight/varianten E_0_807080.html
99.12.06 10:29 B E:\daylight\varianten\E_0_80L0020.html --> bf2.fago.bwk.tue.nl /export/homebf2c/jadi-1/backup_pc/daylight/varianten E_0_80L0020.html
99.12.06 10:29 B E:\daylight\varianten\E_0_80L0920.html --> bf2.fago.bwk.tue.nl /export/homebf2c/jadi-1/backup_pc/daylight/varianten E_0_80L0920.html
99.12.06 10:29 B E:\daylight\varianten\E_0_80L1720.html --> bf2.fago.bwk.tue.nl /export/homebf2c/jadi-1/backup_pc/daylight/varianten E_0_80L1720.html
99.12.06 10:29 B E:\daylight\varianten\E_0_80L3520.html --> bf2.fago.bwk.tue.nl /export/homebf2c/jadi-1/backup_pc/daylight/varianten E_0_80L3520.html
99.12.06 10:29 B E:\daylight\varianten\E_0_btg.html --> bf2.fago.bwk.tue.nl /export/homebf2c/jadi-1/backup_pc/daylight/varianten E_0_btg.html
99.12.06 10:29 B E:\daylight\varianten\E_0_dk.html --> bf2.fago.bwk.tue.nl /export/homebf2c/jadi-1/backup_pc/daylight/varianten E_0_dk.html
99.12.06 10:29 B E:\daylight\varianten\E_0_lbtg.html --> bf2.fago.bwk.tue.nl /export/homebf2c/jadi-1/backup_pc/daylight/varianten E_0_lbtg.html
99.12.06 10:29 B E:\daylight\varianten\E_0_lgtg.html --> bf2.fago.bwk.tue.nl /export/homebf2c/jadi-1/backup_pc/daylight/varianten E_0_lgtg.html
99.12.06 10:29 B E:\daylight\varianten\E_0_parquet.html --> bf2.fago.bwk.tue.nl /export/homebf2c/jadi-1/backup_pc/daylight/varianten E_0_parquet.html
99.12.06 10:29 B E:\daylight\varianten\E_0_vb.html --> bf2.fago.bwk.tue.nl /export/homebf2c/jadi-1/backup_pc/daylight/varianten E_0_vb.html
99.12.06 10:29 B E:\daylight\varianten\E_0_zwkoz.html --> bf2.fago.bwk.tue.nl /export/homebf2c/jadi-1/backup_pc/daylight/varianten E_0_zwkoz.html
99.12.06 10:29 B E:\daylight\varianten\E_1.html --> bf2.fago.bwk.tue.nl /export/homebf2c/jadi-1/backup_pc/daylight/varianten E_1.html
99.12.06 10:29 B E:\daylight\varianten\E_2.html --> bf2.fago.bwk.tue.nl /export/homebf2c/jadi-1/backup_pc/daylight/varianten E_2.html
99.12.06 10:29 B E:\daylight\varianten\E_3.html --> bf2.fago.bwk.tue.nl /export/homebf2c/jadi-1/backup_pc/daylight/varianten E_3.html
99.12.06 10:29 B E:\daylight\varianten\F_0.html --> bf2.fago.bwk.tue.nl /export/homebf2c/jadi-1/backup_pc/daylight/varianten F_0.html
99.12.06 10:29 B E:\daylight\varianten\F_2.html --> bf2.fago.bwk.tue.nl /export/homebf2c/jadi-1/backup_pc/daylight/varianten F_2.html
99.12.06 10:29 B E:\daylight\varianten\G_2.html --> bf2.fago.bwk.tue.nl /export/homebf2c/jadi-1/backup_pc/daylight/varianten G_2.html
99.12.06 10:29 B E:\daylight\varianten\H_2.html --> bf2.fago.bwk.tue.nl /export/homebf2c/jadi-1/backup_pc/daylight/varianten H_2.html
99.12.06 10:29 B E:\daylight\varianten\K_0.html --> bf2.fago.bwk.tue.nl /export/homebf2c/jadi-1/backup_pc/daylight/varianten K_0.html
99.12.06 10:29 B E:\daylight\varianten\K_1.html --> bf2.fago.bwk.tue.nl /export/homebf2c/jadi-1/backup_pc/daylight/varianten K_1.html
99.12.06 10:29 B E:\daylight\varianten\K_2.html --> bf2.fago.bwk.tue.nl /export/homebf2c/jadi-1/backup_pc/daylight/varianten K_2.html
99.12.06 10:29 B E:\daylight\varianten\K_3.html --> bf2.fago.bwk.tue.nl /export/homebf2c/jadi-1/backup_pc/daylight/varianten K_3.html
99.12.06 10:29 B E:\daylight\varianten\L_1.html --> bf2.fago.bwk.tue.nl /export/homebf2c/jadi-1/backup_pc/daylight/varianten L_1.html
99.12.06 10:29 B E:\daylight\varianten\L_2.html --> bf2.fago.bwk.tue.nl /export/homebf2c/jadi-1/backup_pc/daylight/varianten L_2.html
99.12.06 10:29 B E:\daylight\varianten\L_3.html --> bf2.fago.bwk.tue.nl /export/homebf2c/jadi-1/backup_pc/daylight/varianten L_3.html
99.12.06 10:29 B E:\daylight\varianten\M_2.html --> bf2.fago.bwk.tue.nl /export/homebf2c/jadi-1/backup_pc/daylight/varianten M_2.html
99.12.06 10:29 B E:\daylight\varianten\M_3.html --> bf2.fago.bwk.tue.nl /export/homebf2c/jadi-1/backup_pc/daylight/varianten M_3.html
99.12.06 10:29 B E:\daylight\varianten\N_0.html --> bf2.fago.bwk.tue.nl /export/homebf2c/jadi-1/backup_pc/daylight/varianten N_0.html
99.12.06 10:29 B E:\daylight\varianten\N_1.html --> bf2.fago.bwk.tue.nl /export/homebf2c/jadi-1/backup_pc/daylight/varianten N_1.html
99.12.06 10:29 B E:\daylight\varianten\N_2.html --> bf2.fago.bwk.tue.nl /export/homebf2c/jadi-1/backup_pc/daylight/varianten N_2.html
99.12.06 10:29 B E:\daylight\varianten\N_3.html --> bf2.fago.bwk.tue.nl /export/homebf2c/jadi-1/backup_pc/daylight/varianten N_3.html
99.12.06 10:29 B E:\daylight\varianten\N_4.html --> bf2.fago.bwk.tue.nl /export/homebf2c/jadi-1/backup_pc/daylight/varianten N_4.html
99.12.06 10:29 B E:\daylight\varianten\P_2.html --> bf2.fago.bwk.tue.nl /export/homebf2c/jadi-1/backup_pc/daylight/varianten P_2.html
99.12.06 10:29 B E:\daylight\varianten\P_3.html --> bf2.fago.bwk.tue.nl /export/homebf2c/jadi-1/backup_pc/daylight/varianten P_3.html
99.12.06 10:29 B E:\daylight\varianten\Q_2.html --> bf2.fago.bwk.tue.nl /export/homebf2c/jadi-1/backup_pc/daylight/varianten Q_2.html
99.12.06 10:29 B E:\daylight\varianten\R_0.html --> bf2.fago.bwk.tue.nl /export/homebf2c/jadi-1/backup_pc/daylight/varianten R_0.html
99.12.06 10:29 B E:\daylight\varianten\R_1.html --> bf2.fago.bwk.tue.nl /export/homebf2c/jadi-1/backup_pc/daylight/varianten R_1.html
99.12.06 10:29 B E:\daylight\varianten\R_2.html --> bf2.fago.bwk.tue.nl /export/homebf2c/jadi-1/backup_pc/daylight/varianten R_2.html
99.12.06 10:29 B E:\daylight\varianten\R_3.html --> bf2.fago.bwk.tue.nl /export/homebf2c/jadi-1/backup_pc/daylight/varianten R_3.html
99.12.06 10:29 B E:\daylight\varianten\S_0.html --> bf2.fago.bwk.tue.nl /export/homebf2c/jadi-1/backup_pc/daylight/varianten S_0.html
99.12.06 10:29 B E:\daylight\varianten\T_2.html --> bf2.fago.bwk.tue.nl /export/homebf2c/jadi-1/backup_pc/daylight/varianten T_2.html
99.12.06 10:29 B E:\daylight\varianten\U_2.html --> bf2.fago.bwk.tue.nl /export/homebf2c/jadi-1/backup_pc/daylight/varianten U_2.html
99.12.06 10:29 B E:\daylight\varianten\V_0.html --> bf2.fago.bwk.tue.nl /export/homebf2c/jadi-1/backup_pc/daylight/varianten V_0.html
99.12.06 10:29 B E:\daylight\varianten\V_1.html --> bf2.fago.bwk.tue.nl /export/homebf2c/jadi-1/backup_pc/daylight/varianten V_1.html
99.12.06 10:29 B E:\daylight\varianten\V_2.html --> bf2.fago.bwk.tue.nl /export/homebf2c/jadi-1/backup_pc/daylight/varianten V_2.html
99.12.06 10:29 B E:\daylight\varianten\V_3.html --> bf2.fago.bwk.tue.nl /export/homebf2c/jadi-1/backup_pc/daylight/varianten V_3.html
99.12.06 10:29 B E:\daylight\varianten\W_1.html --> bf2.fago.bwk.tue.nl /export/homebf2c/jadi-1/backup_pc/daylight/varianten W_1.html
99.12.06 10:29 B E:\daylight\varianten\W_2.html --> bf2.fago.bwk.tue.nl /export/homebf2c/jadi-1/backup_pc/daylight/varianten W_2.html
99.12.06 10:29 B E:\daylight\varianten\W_3.html --> bf2.fago.bwk.tue.nl /export/homebf2c/jadi-1/backup_pc/daylight/varianten W_3.html
99.12.06 10:29 B E:\daylight\varianten\WS_FTP.LOG --> bf2.fago.bwk.tue.nl /export/homebf2c/jadi-1/backup_pc/daylight/varianten WS_FTP.LOG
99.12.06 10:29 B E:\daylight\varianten\X_3.html --> bf2.fago.bwk.tue.nl /export/homebf2c/jadi-1/backup_pc/daylight/varianten X_3.html
2000.11.10 12:05 B E:\daylight\varbook\varianten\WS_FTP.LOG <-- bf10 /export/homebf10a/apache_1.3.0/share/htdocs/daylight/varianten WS_FTP.LOG
2000.11.10 12:05 B E:\daylight\varbook\varianten\X_3.html <-- bf10 /export/homebf10a/apache_1.3.0/share/htdocs/daylight/varianten X_3.html
